2023-09-27 14:23:40,873 - Training - INFO - [INFO]Train dataset size: 936, Test dataset size: 235
2023-09-27 14:23:40,873 - Training - INFO - [INFO]Model type: both, Sensor model name: LSTM, TS model name: LSTM
2023-09-27 14:24:04,398 - Training - INFO - [TRAIN]EPOCH: 0/1000, batch: 0, loss: 107.6670, lr: 0.0000
2023-09-27 14:24:17,774 - Training - INFO - [EVAL]EPOCH: 0/1000, batch: 0, loss: 58.2082, accuracy: 187/233, 0.8026
2023-09-27 14:24:18,092 - Training - INFO - [SAVE]EPOCH: 0/1000, batch: 0, best_acc: 0.8025751072961373, best_ckpt: BioMetricNetwork_2023-09-27_14-24-17.pth
2023-09-27 14:24:40,707 - Training - INFO - [TRAIN]EPOCH: 0/1000, Epoch Time: 00:00:59, Epoch Loss: 100.0397, Epoch Accuracy: 680/933
2023-09-27 14:24:52,870 - Training - INFO - [EVAL]EPOCH: 0/1000, loss: 58.2082, accuracy: 187/233, 0.8026
2023-09-27 14:25:15,422 - Training - INFO - [TRAIN]EPOCH: 1/1000, batch: 0, loss: 97.3333, lr: 0.0020
2023-09-27 14:25:25,136 - Training - INFO - [EVAL]EPOCH: 1/1000, batch: 0, loss: 78.8016, accuracy: 179/233, 0.7682
2023-09-27 14:25:41,725 - Training - INFO - [TRAIN]EPOCH: 1/1000, Epoch Time: 00:00:48, Epoch Loss: 131.5588, Epoch Accuracy: 675/934
2023-09-27 14:25:49,894 - Training - INFO - [EVAL]EPOCH: 1/1000, loss: 74.3269, accuracy: 177/233, 0.7597
2023-09-27 14:26:11,714 - Training - INFO - [TRAIN]EPOCH: 2/1000, batch: 0, loss: 121.5582, lr: 0.0040
2023-09-27 14:26:22,445 - Training - INFO - [EVAL]EPOCH: 2/1000, batch: 0, loss: 79.9135, accuracy: 178/233, 0.7639
2023-09-27 14:26:43,139 - Training - INFO - [TRAIN]EPOCH: 2/1000, Epoch Time: 00:00:53, Epoch Loss: 151.5168, Epoch Accuracy: 658/934
2023-09-27 14:26:54,091 - Training - INFO - [EVAL]EPOCH: 2/1000, loss: 77.7353, accuracy: 177/233, 0.7597
2023-09-27 14:27:17,917 - Training - INFO - [TRAIN]EPOCH: 3/1000, batch: 0, loss: 182.9891, lr: 0.0060
2023-09-27 14:27:28,937 - Training - INFO - [EVAL]EPOCH: 3/1000, batch: 0, loss: 64.6629, accuracy: 180/233, 0.7725
2023-09-27 14:27:49,480 - Training - INFO - [TRAIN]EPOCH: 3/1000, Epoch Time: 00:00:55, Epoch Loss: 142.5137, Epoch Accuracy: 690/934
2023-09-27 14:27:59,328 - Training - INFO - [EVAL]EPOCH: 3/1000, loss: 71.7101, accuracy: 182/233, 0.7811
2023-09-27 14:28:21,492 - Training - INFO - [TRAIN]EPOCH: 4/1000, batch: 0, loss: 121.0383, lr: 0.0080
2023-09-27 14:28:28,301 - Training - INFO - [EVAL]EPOCH: 4/1000, batch: 0, loss: 83.0316, accuracy: 177/233, 0.7597
2023-09-27 14:28:43,930 - Training - INFO - [TRAIN]EPOCH: 4/1000, Epoch Time: 00:00:44, Epoch Loss: 152.6708, Epoch Accuracy: 669/934
2023-09-27 14:28:53,454 - Training - INFO - [EVAL]EPOCH: 4/1000, loss: 69.8086, accuracy: 186/233, 0.7983
2023-09-27 14:29:11,770 - Training - INFO - [TRAIN]EPOCH: 5/1000, batch: 0, loss: 143.9317, lr: 0.0100
2023-09-27 14:29:18,046 - Training - INFO - [EVAL]EPOCH: 5/1000, batch: 0, loss: 73.8197, accuracy: 181/233, 0.7768
2023-09-27 14:29:33,992 - Training - INFO - [TRAIN]EPOCH: 5/1000, Epoch Time: 00:00:40, Epoch Loss: 137.4541, Epoch Accuracy: 692/935
2023-09-27 14:29:40,541 - Training - INFO - [EVAL]EPOCH: 5/1000, loss: 78.2498, accuracy: 177/233, 0.7597
2023-09-27 14:29:52,825 - Training - INFO - [TRAIN]EPOCH: 6/1000, batch: 0, loss: 165.0286, lr: 0.0120
2023-09-27 14:29:58,607 - Training - INFO - [EVAL]EPOCH: 6/1000, batch: 0, loss: 71.3206, accuracy: 172/233, 0.7382
2023-09-27 14:30:09,315 - Training - INFO - [TRAIN]EPOCH: 6/1000, Epoch Time: 00:00:28, Epoch Loss: 147.5214, Epoch Accuracy: 670/933
2023-09-27 14:30:14,996 - Training - INFO - [EVAL]EPOCH: 6/1000, loss: 82.7352, accuracy: 171/233, 0.7339
2023-09-27 14:30:26,024 - Training - INFO - [TRAIN]EPOCH: 7/1000, batch: 0, loss: 166.5089, lr: 0.0140
2023-09-27 14:30:31,009 - Training - INFO - [EVAL]EPOCH: 7/1000, batch: 0, loss: 66.7025, accuracy: 184/233, 0.7897
2023-09-27 14:30:39,354 - Training - INFO - [TRAIN]EPOCH: 7/1000, Epoch Time: 00:00:24, Epoch Loss: 145.6840, Epoch Accuracy: 676/933
2023-09-27 14:30:43,133 - Training - INFO - [EVAL]EPOCH: 7/1000, loss: 74.7703, accuracy: 176/233, 0.7554
2023-09-27 14:30:48,996 - Training - INFO - [TRAIN]EPOCH: 8/1000, batch: 0, loss: 130.7599, lr: 0.0160
2023-09-27 14:30:51,522 - Training - INFO - [EVAL]EPOCH: 8/1000, batch: 0, loss: 75.1383, accuracy: 180/233, 0.7725
2023-09-27 14:30:58,926 - Training - INFO - [TRAIN]EPOCH: 8/1000, Epoch Time: 00:00:15, Epoch Loss: 152.9966, Epoch Accuracy: 676/934
2023-09-27 14:31:01,731 - Training - INFO - [EVAL]EPOCH: 8/1000, loss: 72.4697, accuracy: 172/233, 0.7382
2023-09-27 14:31:07,475 - Training - INFO - [TRAIN]EPOCH: 9/1000, batch: 0, loss: 137.6622, lr: 0.0180
2023-09-27 14:31:11,580 - Training - INFO - [EVAL]EPOCH: 9/1000, batch: 0, loss: 76.3123, accuracy: 179/233, 0.7682
2023-09-27 14:31:17,313 - Training - INFO - [TRAIN]EPOCH: 9/1000, Epoch Time: 00:00:15, Epoch Loss: 140.3809, Epoch Accuracy: 666/933
2023-09-27 14:31:25,018 - Training - INFO - [EVAL]EPOCH: 9/1000, loss: 70.9474, accuracy: 176/233, 0.7554
2023-09-27 14:31:40,600 - Training - INFO - [TRAIN]EPOCH: 10/1000, batch: 0, loss: 170.6007, lr: 0.0200
2023-09-27 14:31:43,746 - Training - INFO - [EVAL]EPOCH: 10/1000, batch: 0, loss: 86.5493, accuracy: 174/233, 0.7468
2023-09-27 14:31:48,847 - Training - INFO - [TRAIN]EPOCH: 10/1000, Epoch Time: 00:00:23, Epoch Loss: 147.0187, Epoch Accuracy: 683/933
2023-09-27 14:31:51,650 - Training - INFO - [EVAL]EPOCH: 10/1000, loss: 100.9351, accuracy: 165/233, 0.7082
2023-09-27 14:31:57,921 - Training - INFO - [TRAIN]EPOCH: 11/1000, batch: 0, loss: 204.6529, lr: 0.0220
2023-09-27 14:32:00,692 - Training - INFO - [EVAL]EPOCH: 11/1000, batch: 0, loss: 75.3876, accuracy: 174/233, 0.7468
2023-09-27 14:32:05,436 - Training - INFO - [TRAIN]EPOCH: 11/1000, Epoch Time: 00:00:13, Epoch Loss: 176.7165, Epoch Accuracy: 649/933
2023-09-27 14:32:09,717 - Training - INFO - [EVAL]EPOCH: 11/1000, loss: 88.1371, accuracy: 171/233, 0.7339
2023-09-27 14:32:15,525 - Training - INFO - [TRAIN]EPOCH: 12/1000, batch: 0, loss: 207.9338, lr: 0.0240
2023-09-27 14:32:18,112 - Training - INFO - [EVAL]EPOCH: 12/1000, batch: 0, loss: 85.8980, accuracy: 164/233, 0.7039
2023-09-27 14:32:23,429 - Training - INFO - [TRAIN]EPOCH: 12/1000, Epoch Time: 00:00:13, Epoch Loss: 175.9998, Epoch Accuracy: 664/932
2023-09-27 14:32:26,547 - Training - INFO - [EVAL]EPOCH: 12/1000, loss: 91.7724, accuracy: 164/233, 0.7039
2023-09-27 14:32:39,287 - Training - INFO - [TRAIN]EPOCH: 13/1000, batch: 0, loss: 206.4510, lr: 0.0260
2023-09-27 14:32:46,412 - Training - INFO - [EVAL]EPOCH: 13/1000, batch: 0, loss: 81.5866, accuracy: 170/233, 0.7296
2023-09-27 14:32:58,803 - Training - INFO - [TRAIN]EPOCH: 13/1000, Epoch Time: 00:00:32, Epoch Loss: 174.7555, Epoch Accuracy: 649/935
2023-09-27 14:33:07,263 - Training - INFO - [EVAL]EPOCH: 13/1000, loss: 85.1064, accuracy: 164/233, 0.7039
2023-09-27 14:33:21,993 - Training - INFO - [TRAIN]EPOCH: 14/1000, batch: 0, loss: 177.1557, lr: 0.0280
2023-09-27 14:33:25,268 - Training - INFO - [EVAL]EPOCH: 14/1000, batch: 0, loss: 96.2057, accuracy: 161/233, 0.6910
2023-09-27 14:33:34,788 - Training - INFO - [TRAIN]EPOCH: 14/1000, Epoch Time: 00:00:27, Epoch Loss: 177.1237, Epoch Accuracy: 640/935
2023-09-27 14:33:38,149 - Training - INFO - [EVAL]EPOCH: 14/1000, loss: 77.9248, accuracy: 164/233, 0.7039
2023-09-27 14:33:47,068 - Training - INFO - [TRAIN]EPOCH: 15/1000, batch: 0, loss: 147.6201, lr: 0.0300
2023-09-27 14:33:50,900 - Training - INFO - [EVAL]EPOCH: 15/1000, batch: 0, loss: 99.1642, accuracy: 159/233, 0.6824
2023-09-27 14:33:57,178 - Training - INFO - [TRAIN]EPOCH: 15/1000, Epoch Time: 00:00:19, Epoch Loss: 176.4542, Epoch Accuracy: 659/933
2023-09-27 14:34:00,642 - Training - INFO - [EVAL]EPOCH: 15/1000, loss: 78.4973, accuracy: 170/233, 0.7296
2023-09-27 14:34:10,156 - Training - INFO - [TRAIN]EPOCH: 16/1000, batch: 0, loss: 146.3669, lr: 0.0320
2023-09-27 14:34:17,813 - Training - INFO - [EVAL]EPOCH: 16/1000, batch: 0, loss: 93.9632, accuracy: 157/233, 0.6738
2023-09-27 14:34:29,339 - Training - INFO - [TRAIN]EPOCH: 16/1000, Epoch Time: 00:00:28, Epoch Loss: 170.2101, Epoch Accuracy: 661/931
2023-09-27 14:34:36,327 - Training - INFO - [EVAL]EPOCH: 16/1000, loss: 86.2130, accuracy: 171/233, 0.7339
2023-09-27 14:34:53,647 - Training - INFO - [TRAIN]EPOCH: 17/1000, batch: 0, loss: 138.4584, lr: 0.0340
2023-09-27 14:34:59,657 - Training - INFO - [EVAL]EPOCH: 17/1000, batch: 0, loss: 79.9881, accuracy: 177/233, 0.7597
2023-09-27 14:35:12,473 - Training - INFO - [TRAIN]EPOCH: 17/1000, Epoch Time: 00:00:36, Epoch Loss: 166.2596, Epoch Accuracy: 658/932
2023-09-27 14:35:18,952 - Training - INFO - [EVAL]EPOCH: 17/1000, loss: 138.5247, accuracy: 157/233, 0.6738
2023-09-27 14:35:27,247 - Training - INFO - [TRAIN]EPOCH: 18/1000, batch: 0, loss: 327.1225, lr: 0.0360
2023-09-27 14:35:34,298 - Training - INFO - [EVAL]EPOCH: 18/1000, batch: 0, loss: 105.4765, accuracy: 161/233, 0.6910
2023-09-27 14:35:49,563 - Training - INFO - [TRAIN]EPOCH: 18/1000, Epoch Time: 00:00:30, Epoch Loss: 259.5035, Epoch Accuracy: 630/933
2023-09-27 14:35:54,209 - Training - INFO - [EVAL]EPOCH: 18/1000, loss: 111.9526, accuracy: 161/233, 0.6910
2023-09-27 14:36:05,990 - Training - INFO - [TRAIN]EPOCH: 19/1000, batch: 0, loss: 171.7685, lr: 0.0380
2023-09-27 14:36:14,705 - Training - INFO - [EVAL]EPOCH: 19/1000, batch: 0, loss: 135.7563, accuracy: 154/233, 0.6609
2023-09-27 14:36:28,141 - Training - INFO - [TRAIN]EPOCH: 19/1000, Epoch Time: 00:00:33, Epoch Loss: 264.8816, Epoch Accuracy: 641/934
2023-09-27 14:36:37,787 - Training - INFO - [EVAL]EPOCH: 19/1000, loss: 124.2090, accuracy: 158/233, 0.6781
2023-09-27 14:36:59,117 - Training - INFO - [TRAIN]EPOCH: 20/1000, batch: 0, loss: 273.0182, lr: 0.0400
2023-09-27 14:37:11,425 - Training - INFO - [EVAL]EPOCH: 20/1000, batch: 0, loss: 140.0950, accuracy: 152/233, 0.6524
2023-09-27 14:37:27,920 - Training - INFO - [TRAIN]EPOCH: 20/1000, Epoch Time: 00:00:50, Epoch Loss: 269.4840, Epoch Accuracy: 621/935
2023-09-27 14:37:38,565 - Training - INFO - [EVAL]EPOCH: 20/1000, loss: 101.8621, accuracy: 169/233, 0.7253
2023-09-27 14:38:06,708 - Training - INFO - [TRAIN]EPOCH: 21/1000, batch: 0, loss: 179.8666, lr: 0.0420
2023-09-27 14:38:18,329 - Training - INFO - [EVAL]EPOCH: 21/1000, batch: 0, loss: 125.2176, accuracy: 161/233, 0.6910
2023-09-27 14:38:38,414 - Training - INFO - [TRAIN]EPOCH: 21/1000, Epoch Time: 00:00:59, Epoch Loss: 230.6601, Epoch Accuracy: 640/935
2023-09-27 14:38:50,221 - Training - INFO - [EVAL]EPOCH: 21/1000, loss: 115.2142, accuracy: 156/233, 0.6695
2023-09-27 14:39:16,429 - Training - INFO - [TRAIN]EPOCH: 22/1000, batch: 0, loss: 235.6618, lr: 0.0440
2023-09-27 14:39:27,962 - Training - INFO - [EVAL]EPOCH: 22/1000, batch: 0, loss: 129.4831, accuracy: 155/233, 0.6652
2023-09-27 14:39:51,506 - Training - INFO - [TRAIN]EPOCH: 22/1000, Epoch Time: 00:01:01, Epoch Loss: 243.2452, Epoch Accuracy: 639/933
2023-09-27 14:40:03,527 - Training - INFO - [EVAL]EPOCH: 22/1000, loss: 113.0734, accuracy: 162/233, 0.6953
2023-09-27 14:40:27,475 - Training - INFO - [TRAIN]EPOCH: 23/1000, batch: 0, loss: 204.2177, lr: 0.0460
2023-09-27 14:40:38,406 - Training - INFO - [EVAL]EPOCH: 23/1000, batch: 0, loss: 112.5017, accuracy: 165/233, 0.7082
2023-09-27 14:40:46,609 - Training - INFO - [TRAIN]EPOCH: 23/1000, Epoch Time: 00:00:43, Epoch Loss: 233.2119, Epoch Accuracy: 635/935
2023-09-27 14:40:57,747 - Training - INFO - [EVAL]EPOCH: 23/1000, loss: 154.8544, accuracy: 150/233, 0.6438
2023-09-27 14:41:24,576 - Training - INFO - [TRAIN]EPOCH: 24/1000, batch: 0, loss: 323.3125, lr: 0.0480
2023-09-27 14:41:34,742 - Training - INFO - [EVAL]EPOCH: 24/1000, batch: 0, loss: 116.0803, accuracy: 156/233, 0.6695
2023-09-27 14:41:49,316 - Training - INFO - [TRAIN]EPOCH: 24/1000, Epoch Time: 00:00:51, Epoch Loss: 278.0097, Epoch Accuracy: 627/936
2023-09-27 14:41:57,929 - Training - INFO - [EVAL]EPOCH: 24/1000, loss: 149.8967, accuracy: 145/233, 0.6223
2023-09-27 14:42:20,111 - Training - INFO - [TRAIN]EPOCH: 25/1000, batch: 0, loss: 320.1844, lr: 0.0500
2023-09-27 14:42:29,885 - Training - INFO - [EVAL]EPOCH: 25/1000, batch: 0, loss: 130.9868, accuracy: 153/233, 0.6567
2023-09-27 14:42:51,259 - Training - INFO - [TRAIN]EPOCH: 25/1000, Epoch Time: 00:00:53, Epoch Loss: 285.9665, Epoch Accuracy: 604/934
2023-09-27 14:43:00,782 - Training - INFO - [EVAL]EPOCH: 25/1000, loss: 117.4264, accuracy: 148/233, 0.6352
2023-09-27 14:43:19,323 - Training - INFO - [TRAIN]EPOCH: 26/1000, batch: 0, loss: 255.3801, lr: 0.0520
2023-09-27 14:43:29,509 - Training - INFO - [EVAL]EPOCH: 26/1000, batch: 0, loss: 138.4935, accuracy: 143/233, 0.6137
2023-09-27 14:43:48,352 - Training - INFO - [TRAIN]EPOCH: 26/1000, Epoch Time: 00:00:47, Epoch Loss: 255.0780, Epoch Accuracy: 633/935
2023-09-27 14:44:00,472 - Training - INFO - [EVAL]EPOCH: 26/1000, loss: 124.8593, accuracy: 147/233, 0.6309
2023-09-27 14:44:25,966 - Training - INFO - [TRAIN]EPOCH: 27/1000, batch: 0, loss: 289.1225, lr: 0.0540
2023-09-27 14:44:36,595 - Training - INFO - [EVAL]EPOCH: 27/1000, batch: 0, loss: 154.8281, accuracy: 153/233, 0.6567
2023-09-27 14:44:56,653 - Training - INFO - [TRAIN]EPOCH: 27/1000, Epoch Time: 00:00:56, Epoch Loss: 284.0970, Epoch Accuracy: 612/933
2023-09-27 14:45:07,806 - Training - INFO - [EVAL]EPOCH: 27/1000, loss: 145.1849, accuracy: 154/233, 0.6609
2023-09-27 14:45:28,045 - Training - INFO - [TRAIN]EPOCH: 28/1000, batch: 0, loss: 259.5733, lr: 0.0560
2023-09-27 14:45:37,396 - Training - INFO - [EVAL]EPOCH: 28/1000, batch: 0, loss: 119.1314, accuracy: 154/233, 0.6609
2023-09-27 14:45:54,843 - Training - INFO - [TRAIN]EPOCH: 28/1000, Epoch Time: 00:00:47, Epoch Loss: 257.2910, Epoch Accuracy: 636/932
2023-09-27 14:46:01,788 - Training - INFO - [EVAL]EPOCH: 28/1000, loss: 197.3105, accuracy: 143/233, 0.6137
2023-09-27 14:46:18,135 - Training - INFO - [TRAIN]EPOCH: 29/1000, batch: 0, loss: 414.9414, lr: 0.0580
2023-09-27 14:46:25,249 - Training - INFO - [EVAL]EPOCH: 29/1000, batch: 0, loss: 142.1429, accuracy: 153/233, 0.6567
2023-09-27 14:46:39,850 - Training - INFO - [TRAIN]EPOCH: 29/1000, Epoch Time: 00:00:38, Epoch Loss: 350.6273, Epoch Accuracy: 612/933
2023-09-27 14:46:48,131 - Training - INFO - [EVAL]EPOCH: 29/1000, loss: 164.1836, accuracy: 147/233, 0.6309
2023-09-27 14:47:04,061 - Training - INFO - [TRAIN]EPOCH: 30/1000, batch: 0, loss: 377.5256, lr: 0.0600
2023-09-27 14:47:14,548 - Training - INFO - [EVAL]EPOCH: 30/1000, batch: 0, loss: 165.0512, accuracy: 148/233, 0.6352
2023-09-27 14:47:35,497 - Training - INFO - [TRAIN]EPOCH: 30/1000, Epoch Time: 00:00:47, Epoch Loss: 335.1472, Epoch Accuracy: 623/935
2023-09-27 14:47:45,743 - Training - INFO - [EVAL]EPOCH: 30/1000, loss: 143.1561, accuracy: 146/233, 0.6266
2023-09-27 14:48:07,853 - Training - INFO - [TRAIN]EPOCH: 31/1000, batch: 0, loss: 293.3743, lr: 0.0620
2023-09-27 14:48:15,880 - Training - INFO - [EVAL]EPOCH: 31/1000, batch: 0, loss: 192.1550, accuracy: 149/233, 0.6395
2023-09-27 14:48:30,903 - Training - INFO - [TRAIN]EPOCH: 31/1000, Epoch Time: 00:00:45, Epoch Loss: 353.1957, Epoch Accuracy: 600/934
2023-09-27 14:48:39,537 - Training - INFO - [EVAL]EPOCH: 31/1000, loss: 141.1867, accuracy: 149/233, 0.6395
2023-09-27 14:48:51,215 - Training - INFO - [TRAIN]EPOCH: 32/1000, batch: 0, loss: 294.8306, lr: 0.0640
2023-09-27 14:48:57,421 - Training - INFO - [EVAL]EPOCH: 32/1000, batch: 0, loss: 236.9242, accuracy: 141/233, 0.6052
2023-09-27 14:49:10,140 - Training - INFO - [TRAIN]EPOCH: 32/1000, Epoch Time: 00:00:30, Epoch Loss: 370.0104, Epoch Accuracy: 571/935
2023-09-27 14:49:18,199 - Training - INFO - [EVAL]EPOCH: 32/1000, loss: 190.2055, accuracy: 137/233, 0.5880
2023-09-27 14:49:37,210 - Training - INFO - [TRAIN]EPOCH: 33/1000, batch: 0, loss: 353.8489, lr: 0.0660
2023-09-27 14:49:46,545 - Training - INFO - [EVAL]EPOCH: 33/1000, batch: 0, loss: 212.3071, accuracy: 140/233, 0.6009
2023-09-27 14:50:02,931 - Training - INFO - [TRAIN]EPOCH: 33/1000, Epoch Time: 00:00:44, Epoch Loss: 428.3376, Epoch Accuracy: 597/932
2023-09-27 14:50:14,010 - Training - INFO - [EVAL]EPOCH: 33/1000, loss: 195.5397, accuracy: 136/233, 0.5837
2023-09-27 14:50:34,354 - Training - INFO - [TRAIN]EPOCH: 34/1000, batch: 0, loss: 468.6872, lr: 0.0680
2023-09-27 14:50:42,762 - Training - INFO - [EVAL]EPOCH: 34/1000, batch: 0, loss: 211.2999, accuracy: 133/233, 0.5708
2023-09-27 14:50:57,618 - Training - INFO - [TRAIN]EPOCH: 34/1000, Epoch Time: 00:00:43, Epoch Loss: 415.9691, Epoch Accuracy: 559/935
2023-09-27 14:51:04,337 - Training - INFO - [EVAL]EPOCH: 34/1000, loss: 213.0466, accuracy: 120/233, 0.5150
2023-09-27 14:51:21,056 - Training - INFO - [TRAIN]EPOCH: 35/1000, batch: 0, loss: 420.5546, lr: 0.0700
2023-09-27 14:51:29,193 - Training - INFO - [EVAL]EPOCH: 35/1000, batch: 0, loss: 199.9296, accuracy: 124/233, 0.5322
2023-09-27 14:51:43,606 - Training - INFO - [TRAIN]EPOCH: 35/1000, Epoch Time: 00:00:39, Epoch Loss: 422.9568, Epoch Accuracy: 535/933
2023-09-27 14:51:47,772 - Training - INFO - [EVAL]EPOCH: 35/1000, loss: 181.4537, accuracy: 137/233, 0.5880
2023-09-27 14:52:04,520 - Training - INFO - [TRAIN]EPOCH: 36/1000, batch: 0, loss: 310.8757, lr: 0.0720
2023-09-27 14:52:14,953 - Training - INFO - [EVAL]EPOCH: 36/1000, batch: 0, loss: 172.7431, accuracy: 136/233, 0.5837
2023-09-27 14:52:24,077 - Training - INFO - [TRAIN]EPOCH: 36/1000, Epoch Time: 00:00:36, Epoch Loss: 353.4258, Epoch Accuracy: 569/933
2023-09-27 14:52:34,123 - Training - INFO - [EVAL]EPOCH: 36/1000, loss: 216.2134, accuracy: 139/233, 0.5966
2023-09-27 14:52:46,593 - Training - INFO - [TRAIN]EPOCH: 37/1000, batch: 0, loss: 556.5584, lr: 0.0740
2023-09-27 14:52:50,916 - Training - INFO - [EVAL]EPOCH: 37/1000, batch: 0, loss: 170.8320, accuracy: 145/233, 0.6223
2023-09-27 14:52:57,538 - Training - INFO - [TRAIN]EPOCH: 37/1000, Epoch Time: 00:00:23, Epoch Loss: 428.3211, Epoch Accuracy: 576/933
2023-09-27 14:53:02,071 - Training - INFO - [EVAL]EPOCH: 37/1000, loss: 181.0456, accuracy: 143/233, 0.6137
2023-09-27 14:53:08,643 - Training - INFO - [TRAIN]EPOCH: 38/1000, batch: 0, loss: 377.3369, lr: 0.0760
2023-09-27 14:53:12,809 - Training - INFO - [EVAL]EPOCH: 38/1000, batch: 0, loss: 209.0099, accuracy: 140/233, 0.6009
2023-09-27 14:53:18,618 - Training - INFO - [TRAIN]EPOCH: 38/1000, Epoch Time: 00:00:16, Epoch Loss: 406.2295, Epoch Accuracy: 565/934
2023-09-27 14:53:21,444 - Training - INFO - [EVAL]EPOCH: 38/1000, loss: 160.3367, accuracy: 147/233, 0.6309
2023-09-27 14:53:27,368 - Training - INFO - [TRAIN]EPOCH: 39/1000, batch: 0, loss: 314.9665, lr: 0.0780
2023-09-27 14:53:32,982 - Training - INFO - [EVAL]EPOCH: 39/1000, batch: 0, loss: 188.2911, accuracy: 146/233, 0.6266
2023-09-27 14:53:39,964 - Training - INFO - [TRAIN]EPOCH: 39/1000, Epoch Time: 00:00:18, Epoch Loss: 356.9300, Epoch Accuracy: 580/935
2023-09-27 14:53:43,343 - Training - INFO - [EVAL]EPOCH: 39/1000, loss: 179.1877, accuracy: 143/233, 0.6137
2023-09-27 14:53:49,339 - Training - INFO - [TRAIN]EPOCH: 40/1000, batch: 0, loss: 307.7595, lr: 0.0800
2023-09-27 14:53:51,993 - Training - INFO - [EVAL]EPOCH: 40/1000, batch: 0, loss: 162.6016, accuracy: 146/233, 0.6266
2023-09-27 14:53:57,375 - Training - INFO - [TRAIN]EPOCH: 40/1000, Epoch Time: 00:00:14, Epoch Loss: 350.2394, Epoch Accuracy: 619/933
2023-09-27 14:54:00,832 - Training - INFO - [EVAL]EPOCH: 40/1000, loss: 274.4882, accuracy: 130/233, 0.5579
2023-09-27 14:54:09,945 - Training - INFO - [TRAIN]EPOCH: 41/1000, batch: 0, loss: 598.5592, lr: 0.0820
2023-09-27 14:54:15,143 - Training - INFO - [EVAL]EPOCH: 41/1000, batch: 0, loss: 201.2144, accuracy: 144/233, 0.6180
2023-09-27 14:54:21,548 - Training - INFO - [TRAIN]EPOCH: 41/1000, Epoch Time: 00:00:20, Epoch Loss: 495.9853, Epoch Accuracy: 598/934
2023-09-27 14:54:25,092 - Training - INFO - [EVAL]EPOCH: 41/1000, loss: 245.3560, accuracy: 134/233, 0.5751
2023-09-27 14:54:33,211 - Training - INFO - [TRAIN]EPOCH: 42/1000, batch: 0, loss: 618.2207, lr: 0.0840
2023-09-27 14:54:36,410 - Training - INFO - [EVAL]EPOCH: 42/1000, batch: 0, loss: 173.1251, accuracy: 144/233, 0.6180
2023-09-27 14:54:41,307 - Training - INFO - [TRAIN]EPOCH: 42/1000, Epoch Time: 00:00:16, Epoch Loss: 460.7149, Epoch Accuracy: 594/934
2023-09-27 14:54:45,147 - Training - INFO - [EVAL]EPOCH: 42/1000, loss: 203.4865, accuracy: 144/233, 0.6180
2023-09-27 14:54:52,988 - Training - INFO - [TRAIN]EPOCH: 43/1000, batch: 0, loss: 557.3000, lr: 0.0860
2023-09-27 14:54:55,634 - Training - INFO - [EVAL]EPOCH: 43/1000, batch: 0, loss: 247.7168, accuracy: 131/233, 0.5622
2023-09-27 14:55:00,249 - Training - INFO - [TRAIN]EPOCH: 43/1000, Epoch Time: 00:00:15, Epoch Loss: 474.3560, Epoch Accuracy: 570/936
2023-09-27 14:55:03,054 - Training - INFO - [EVAL]EPOCH: 43/1000, loss: 258.6057, accuracy: 131/233, 0.5622
2023-09-27 14:55:12,181 - Training - INFO - [TRAIN]EPOCH: 44/1000, batch: 0, loss: 539.2673, lr: 0.0880
2023-09-27 14:55:14,925 - Training - INFO - [EVAL]EPOCH: 44/1000, batch: 0, loss: 230.1283, accuracy: 134/233, 0.5751
2023-09-27 14:55:19,575 - Training - INFO - [TRAIN]EPOCH: 44/1000, Epoch Time: 00:00:16, Epoch Loss: 516.1942, Epoch Accuracy: 593/931
2023-09-27 14:55:22,660 - Training - INFO - [EVAL]EPOCH: 44/1000, loss: 210.2656, accuracy: 135/233, 0.5794
2023-09-27 14:55:31,602 - Training - INFO - [TRAIN]EPOCH: 45/1000, batch: 0, loss: 473.5374, lr: 0.0900
2023-09-27 14:55:37,974 - Training - INFO - [EVAL]EPOCH: 45/1000, batch: 0, loss: 242.0855, accuracy: 137/233, 0.5880
2023-09-27 14:55:50,079 - Training - INFO - [TRAIN]EPOCH: 45/1000, Epoch Time: 00:00:27, Epoch Loss: 457.8697, Epoch Accuracy: 600/933
2023-09-27 14:55:56,698 - Training - INFO - [EVAL]EPOCH: 45/1000, loss: 229.2475, accuracy: 140/233, 0.6009
2023-09-27 14:56:16,945 - Training - INFO - [TRAIN]EPOCH: 46/1000, batch: 0, loss: 461.3060, lr: 0.0920
2023-09-27 14:56:25,501 - Training - INFO - [EVAL]EPOCH: 46/1000, batch: 0, loss: 207.6495, accuracy: 138/233, 0.5923
2023-09-27 14:56:35,361 - Training - INFO - [TRAIN]EPOCH: 46/1000, Epoch Time: 00:00:38, Epoch Loss: 448.5948, Epoch Accuracy: 590/934
2023-09-27 14:56:40,514 - Training - INFO - [EVAL]EPOCH: 46/1000, loss: 221.3707, accuracy: 134/233, 0.5751
2023-09-27 14:56:51,914 - Training - INFO - [TRAIN]EPOCH: 47/1000, batch: 0, loss: 482.6975, lr: 0.0940
2023-09-27 14:56:56,452 - Training - INFO - [EVAL]EPOCH: 47/1000, batch: 0, loss: 175.6932, accuracy: 145/233, 0.6223
2023-09-27 14:57:04,297 - Training - INFO - [TRAIN]EPOCH: 47/1000, Epoch Time: 00:00:23, Epoch Loss: 415.0119, Epoch Accuracy: 584/934
2023-09-27 14:57:09,432 - Training - INFO - [EVAL]EPOCH: 47/1000, loss: 219.5974, accuracy: 144/233, 0.6180
2023-09-27 14:57:22,024 - Training - INFO - [TRAIN]EPOCH: 48/1000, batch: 0, loss: 514.6671, lr: 0.0960
2023-09-27 14:57:25,953 - Training - INFO - [EVAL]EPOCH: 48/1000, batch: 0, loss: 192.9565, accuracy: 142/233, 0.6094
2023-09-27 14:57:34,954 - Training - INFO - [TRAIN]EPOCH: 48/1000, Epoch Time: 00:00:25, Epoch Loss: 441.8514, Epoch Accuracy: 595/935
2023-09-27 14:57:41,400 - Training - INFO - [EVAL]EPOCH: 48/1000, loss: 177.2679, accuracy: 151/233, 0.6481
2023-09-27 14:58:02,848 - Training - INFO - [TRAIN]EPOCH: 49/1000, batch: 0, loss: 448.7096, lr: 0.0980
2023-09-27 14:58:14,259 - Training - INFO - [EVAL]EPOCH: 49/1000, batch: 0, loss: 289.9216, accuracy: 140/233, 0.6009
2023-09-27 14:58:41,290 - Training - INFO - [TRAIN]EPOCH: 49/1000, Epoch Time: 00:00:59, Epoch Loss: 448.7333, Epoch Accuracy: 609/934
2023-09-27 14:58:50,237 - Training - INFO - [EVAL]EPOCH: 49/1000, loss: 290.1870, accuracy: 140/233, 0.6009
2023-09-27 14:59:11,038 - Training - INFO - [TRAIN]EPOCH: 50/1000, batch: 0, loss: 478.3042, lr: 0.1000
2023-09-27 14:59:20,573 - Training - INFO - [EVAL]EPOCH: 50/1000, batch: 0, loss: 189.6998, accuracy: 151/233, 0.6481
2023-09-27 14:59:36,769 - Training - INFO - [TRAIN]EPOCH: 50/1000, Epoch Time: 00:00:46, Epoch Loss: 491.9178, Epoch Accuracy: 626/935
2023-09-27 14:59:45,083 - Training - INFO - [EVAL]EPOCH: 50/1000, loss: 378.9195, accuracy: 133/233, 0.5708
2023-09-27 15:00:04,257 - Training - INFO - [TRAIN]EPOCH: 51/1000, batch: 0, loss: 939.2677, lr: 0.0999
2023-09-27 15:00:12,578 - Training - INFO - [EVAL]EPOCH: 51/1000, batch: 0, loss: 198.9241, accuracy: 149/233, 0.6395
2023-09-27 15:00:26,530 - Training - INFO - [TRAIN]EPOCH: 51/1000, Epoch Time: 00:00:41, Epoch Loss: 618.7325, Epoch Accuracy: 565/935
2023-09-27 15:00:34,035 - Training - INFO - [EVAL]EPOCH: 51/1000, loss: 284.3060, accuracy: 131/233, 0.5622
2023-09-27 15:00:48,349 - Training - INFO - [TRAIN]EPOCH: 52/1000, batch: 0, loss: 670.4121, lr: 0.0998
2023-09-27 15:00:55,819 - Training - INFO - [EVAL]EPOCH: 52/1000, batch: 0, loss: 236.5809, accuracy: 139/233, 0.5966
2023-09-27 15:01:12,161 - Training - INFO - [TRAIN]EPOCH: 52/1000, Epoch Time: 00:00:38, Epoch Loss: 553.6524, Epoch Accuracy: 573/934
2023-09-27 15:01:22,191 - Training - INFO - [EVAL]EPOCH: 52/1000, loss: 227.7738, accuracy: 131/233, 0.5622
2023-09-27 15:01:38,294 - Training - INFO - [TRAIN]EPOCH: 53/1000, batch: 0, loss: 500.1447, lr: 0.0997
2023-09-27 15:01:47,885 - Training - INFO - [EVAL]EPOCH: 53/1000, batch: 0, loss: 307.1973, accuracy: 132/233, 0.5665
2023-09-27 15:02:04,470 - Training - INFO - [TRAIN]EPOCH: 53/1000, Epoch Time: 00:00:42, Epoch Loss: 548.6266, Epoch Accuracy: 565/933
2023-09-27 15:02:16,052 - Training - INFO - [EVAL]EPOCH: 53/1000, loss: 251.9175, accuracy: 131/233, 0.5622
2023-09-27 15:02:37,324 - Training - INFO - [TRAIN]EPOCH: 54/1000, batch: 0, loss: 611.3174, lr: 0.0996
2023-09-27 15:02:45,412 - Training - INFO - [EVAL]EPOCH: 54/1000, batch: 0, loss: 359.1731, accuracy: 126/233, 0.5408
2023-09-27 15:03:00,555 - Training - INFO - [TRAIN]EPOCH: 54/1000, Epoch Time: 00:00:44, Epoch Loss: 646.3318, Epoch Accuracy: 543/934
2023-09-27 15:03:10,851 - Training - INFO - [EVAL]EPOCH: 54/1000, loss: 352.3174, accuracy: 126/233, 0.5408
2023-09-27 15:03:27,794 - Training - INFO - [TRAIN]EPOCH: 55/1000, batch: 0, loss: 668.4921, lr: 0.0995
2023-09-27 15:03:38,645 - Training - INFO - [EVAL]EPOCH: 55/1000, batch: 0, loss: 266.0193, accuracy: 134/233, 0.5751
2023-09-27 15:03:52,565 - Training - INFO - [TRAIN]EPOCH: 55/1000, Epoch Time: 00:00:41, Epoch Loss: 629.4571, Epoch Accuracy: 557/932
2023-09-27 15:04:02,456 - Training - INFO - [EVAL]EPOCH: 55/1000, loss: 254.0466, accuracy: 126/233, 0.5408
2023-09-27 15:04:22,334 - Training - INFO - [TRAIN]EPOCH: 56/1000, batch: 0, loss: 610.2956, lr: 0.0994
2023-09-27 15:04:32,990 - Training - INFO - [EVAL]EPOCH: 56/1000, batch: 0, loss: 281.4406, accuracy: 127/233, 0.5451
2023-09-27 15:04:51,767 - Training - INFO - [TRAIN]EPOCH: 56/1000, Epoch Time: 00:00:49, Epoch Loss: 560.8698, Epoch Accuracy: 559/933
2023-09-27 15:05:02,911 - Training - INFO - [EVAL]EPOCH: 56/1000, loss: 265.9083, accuracy: 133/233, 0.5708
2023-09-27 15:05:29,847 - Training - INFO - [TRAIN]EPOCH: 57/1000, batch: 0, loss: 633.3864, lr: 0.0993
2023-09-27 15:05:35,763 - Training - INFO - [EVAL]EPOCH: 57/1000, batch: 0, loss: 259.7167, accuracy: 133/233, 0.5708
2023-09-27 15:05:54,819 - Training - INFO - [TRAIN]EPOCH: 57/1000, Epoch Time: 00:00:51, Epoch Loss: 556.4409, Epoch Accuracy: 580/931
2023-09-27 15:06:04,839 - Training - INFO - [EVAL]EPOCH: 57/1000, loss: 286.8129, accuracy: 134/233, 0.5751
2023-09-27 15:06:25,123 - Training - INFO - [TRAIN]EPOCH: 58/1000, batch: 0, loss: 649.7203, lr: 0.0992
2023-09-27 15:06:33,392 - Training - INFO - [EVAL]EPOCH: 58/1000, batch: 0, loss: 235.3866, accuracy: 146/233, 0.6266
2023-09-27 15:06:50,513 - Training - INFO - [TRAIN]EPOCH: 58/1000, Epoch Time: 00:00:45, Epoch Loss: 545.1170, Epoch Accuracy: 586/931
2023-09-27 15:06:57,790 - Training - INFO - [EVAL]EPOCH: 58/1000, loss: 230.5685, accuracy: 145/233, 0.6223
2023-09-27 15:07:10,926 - Training - INFO - [TRAIN]EPOCH: 59/1000, batch: 0, loss: 474.1763, lr: 0.0991
2023-09-27 15:07:17,606 - Training - INFO - [EVAL]EPOCH: 59/1000, batch: 0, loss: 243.9444, accuracy: 151/233, 0.6481
2023-09-27 15:07:27,970 - Training - INFO - [TRAIN]EPOCH: 59/1000, Epoch Time: 00:00:30, Epoch Loss: 495.6057, Epoch Accuracy: 602/933
2023-09-27 15:07:34,646 - Training - INFO - [EVAL]EPOCH: 59/1000, loss: 204.7240, accuracy: 153/233, 0.6567
2023-09-27 15:07:55,894 - Training - INFO - [TRAIN]EPOCH: 60/1000, batch: 0, loss: 410.2468, lr: 0.0989
2023-09-27 15:08:06,034 - Training - INFO - [EVAL]EPOCH: 60/1000, batch: 0, loss: 223.3349, accuracy: 146/233, 0.6266
2023-09-27 15:08:20,268 - Training - INFO - [TRAIN]EPOCH: 60/1000, Epoch Time: 00:00:45, Epoch Loss: 445.3728, Epoch Accuracy: 564/934
2023-09-27 15:08:31,832 - Training - INFO - [EVAL]EPOCH: 60/1000, loss: 198.8214, accuracy: 147/233, 0.6309
2023-09-27 15:08:50,935 - Training - INFO - [TRAIN]EPOCH: 61/1000, batch: 0, loss: 428.5391, lr: 0.0988
2023-09-27 15:08:59,771 - Training - INFO - [EVAL]EPOCH: 61/1000, batch: 0, loss: 204.8673, accuracy: 143/233, 0.6137
2023-09-27 15:09:14,888 - Training - INFO - [TRAIN]EPOCH: 61/1000, Epoch Time: 00:00:43, Epoch Loss: 400.2274, Epoch Accuracy: 602/935
2023-09-27 15:09:25,890 - Training - INFO - [EVAL]EPOCH: 61/1000, loss: 203.1645, accuracy: 145/233, 0.6223
2023-09-27 15:09:42,186 - Training - INFO - [TRAIN]EPOCH: 62/1000, batch: 0, loss: 364.4577, lr: 0.0987
2023-09-27 15:09:48,075 - Training - INFO - [EVAL]EPOCH: 62/1000, batch: 0, loss: 170.8176, accuracy: 145/233, 0.6223
2023-09-27 15:10:02,184 - Training - INFO - [TRAIN]EPOCH: 62/1000, Epoch Time: 00:00:36, Epoch Loss: 383.0276, Epoch Accuracy: 592/935
2023-09-27 15:10:08,831 - Training - INFO - [EVAL]EPOCH: 62/1000, loss: 261.5621, accuracy: 133/233, 0.5708
2023-09-27 15:10:25,349 - Training - INFO - [TRAIN]EPOCH: 63/1000, batch: 0, loss: 446.7338, lr: 0.0986
2023-09-27 15:10:35,685 - Training - INFO - [EVAL]EPOCH: 63/1000, batch: 0, loss: 265.4420, accuracy: 138/233, 0.5923
2023-09-27 15:10:50,670 - Training - INFO - [TRAIN]EPOCH: 63/1000, Epoch Time: 00:00:41, Epoch Loss: 549.8983, Epoch Accuracy: 564/934
2023-09-27 15:10:59,733 - Training - INFO - [EVAL]EPOCH: 63/1000, loss: 237.9803, accuracy: 132/233, 0.5665
2023-09-27 15:11:16,878 - Training - INFO - [TRAIN]EPOCH: 64/1000, batch: 0, loss: 487.7767, lr: 0.0985
2023-09-27 15:11:24,713 - Training - INFO - [EVAL]EPOCH: 64/1000, batch: 0, loss: 255.9761, accuracy: 129/233, 0.5536
2023-09-27 15:11:32,938 - Training - INFO - [TRAIN]EPOCH: 64/1000, Epoch Time: 00:00:33, Epoch Loss: 508.5478, Epoch Accuracy: 555/933
2023-09-27 15:11:37,026 - Training - INFO - [EVAL]EPOCH: 64/1000, loss: 224.0814, accuracy: 134/233, 0.5751
2023-09-27 15:11:47,997 - Training - INFO - [TRAIN]EPOCH: 65/1000, batch: 0, loss: 388.6950, lr: 0.0984
2023-09-27 15:11:53,171 - Training - INFO - [EVAL]EPOCH: 65/1000, batch: 0, loss: 211.0802, accuracy: 131/233, 0.5622
2023-09-27 15:11:59,897 - Training - INFO - [TRAIN]EPOCH: 65/1000, Epoch Time: 00:00:22, Epoch Loss: 449.0871, Epoch Accuracy: 548/933
2023-09-27 15:12:07,300 - Training - INFO - [EVAL]EPOCH: 65/1000, loss: 252.1070, accuracy: 145/233, 0.6223
2023-09-27 15:12:24,637 - Training - INFO - [TRAIN]EPOCH: 66/1000, batch: 0, loss: 462.4268, lr: 0.0983
2023-09-27 15:12:32,164 - Training - INFO - [EVAL]EPOCH: 66/1000, batch: 0, loss: 246.0792, accuracy: 142/233, 0.6094
2023-09-27 15:12:46,511 - Training - INFO - [TRAIN]EPOCH: 66/1000, Epoch Time: 00:00:39, Epoch Loss: 532.8966, Epoch Accuracy: 620/935
2023-09-27 15:12:53,599 - Training - INFO - [EVAL]EPOCH: 66/1000, loss: 258.7609, accuracy: 134/233, 0.5751
2023-09-27 15:13:10,596 - Training - INFO - [TRAIN]EPOCH: 67/1000, batch: 0, loss: 451.4243, lr: 0.0982
2023-09-27 15:13:16,920 - Training - INFO - [EVAL]EPOCH: 67/1000, batch: 0, loss: 265.7658, accuracy: 140/233, 0.6009
2023-09-27 15:13:30,123 - Training - INFO - [TRAIN]EPOCH: 67/1000, Epoch Time: 00:00:36, Epoch Loss: 547.4402, Epoch Accuracy: 600/935
2023-09-27 15:13:34,894 - Training - INFO - [EVAL]EPOCH: 67/1000, loss: 244.9131, accuracy: 149/233, 0.6395
2023-09-27 15:13:44,512 - Training - INFO - [TRAIN]EPOCH: 68/1000, batch: 0, loss: 422.8187, lr: 0.0981
2023-09-27 15:13:49,281 - Training - INFO - [EVAL]EPOCH: 68/1000, batch: 0, loss: 259.7831, accuracy: 135/233, 0.5794
2023-09-27 15:14:00,605 - Training - INFO - [TRAIN]EPOCH: 68/1000, Epoch Time: 00:00:25, Epoch Loss: 531.0086, Epoch Accuracy: 590/933
2023-09-27 15:14:06,881 - Training - INFO - [EVAL]EPOCH: 68/1000, loss: 242.3249, accuracy: 145/233, 0.6223
2023-09-27 15:14:20,898 - Training - INFO - [TRAIN]EPOCH: 69/1000, batch: 0, loss: 539.2601, lr: 0.0980
2023-09-27 15:14:31,808 - Training - INFO - [EVAL]EPOCH: 69/1000, batch: 0, loss: 245.1896, accuracy: 147/233, 0.6309
2023-09-27 15:14:49,486 - Training - INFO - [TRAIN]EPOCH: 69/1000, Epoch Time: 00:00:42, Epoch Loss: 505.6065, Epoch Accuracy: 613/936
2023-09-27 15:14:56,444 - Training - INFO - [EVAL]EPOCH: 69/1000, loss: 216.2035, accuracy: 143/233, 0.6137
2023-09-27 15:15:16,579 - Training - INFO - [TRAIN]EPOCH: 70/1000, batch: 0, loss: 516.2728, lr: 0.0979
2023-09-27 15:15:25,501 - Training - INFO - [EVAL]EPOCH: 70/1000, batch: 0, loss: 274.2586, accuracy: 138/233, 0.5923
2023-09-27 15:15:35,307 - Training - INFO - [TRAIN]EPOCH: 70/1000, Epoch Time: 00:00:38, Epoch Loss: 512.1684, Epoch Accuracy: 627/932
2023-09-27 15:15:40,564 - Training - INFO - [EVAL]EPOCH: 70/1000, loss: 271.2385, accuracy: 140/233, 0.6009
2023-09-27 15:15:51,437 - Training - INFO - [TRAIN]EPOCH: 71/1000, batch: 0, loss: 598.1665, lr: 0.0978
2023-09-27 15:15:56,820 - Training - INFO - [EVAL]EPOCH: 71/1000, batch: 0, loss: 249.1160, accuracy: 143/233, 0.6137
2023-09-27 15:16:02,435 - Training - INFO - [TRAIN]EPOCH: 71/1000, Epoch Time: 00:00:21, Epoch Loss: 533.9122, Epoch Accuracy: 608/934
2023-09-27 15:16:05,240 - Training - INFO - [EVAL]EPOCH: 71/1000, loss: 215.7529, accuracy: 137/233, 0.5880
2023-09-27 15:16:11,100 - Training - INFO - [TRAIN]EPOCH: 72/1000, batch: 0, loss: 493.8517, lr: 0.0977
2023-09-27 15:16:14,352 - Training - INFO - [EVAL]EPOCH: 72/1000, batch: 0, loss: 285.1596, accuracy: 133/233, 0.5708
2023-09-27 15:16:19,891 - Training - INFO - [TRAIN]EPOCH: 72/1000, Epoch Time: 00:00:14, Epoch Loss: 543.9750, Epoch Accuracy: 603/934
2023-09-27 15:16:25,467 - Training - INFO - [EVAL]EPOCH: 72/1000, loss: 179.5070, accuracy: 149/233, 0.6395
2023-09-27 15:16:37,512 - Training - INFO - [TRAIN]EPOCH: 73/1000, batch: 0, loss: 435.2098, lr: 0.0976
2023-09-27 15:16:43,342 - Training - INFO - [EVAL]EPOCH: 73/1000, batch: 0, loss: 373.9677, accuracy: 125/233, 0.5365
2023-09-27 15:16:56,235 - Training - INFO - [TRAIN]EPOCH: 73/1000, Epoch Time: 00:00:30, Epoch Loss: 566.0267, Epoch Accuracy: 574/933
2023-09-27 15:17:04,341 - Training - INFO - [EVAL]EPOCH: 73/1000, loss: 371.3909, accuracy: 129/233, 0.5536
2023-09-27 15:17:21,115 - Training - INFO - [TRAIN]EPOCH: 74/1000, batch: 0, loss: 681.1273, lr: 0.0975
2023-09-27 15:17:29,560 - Training - INFO - [EVAL]EPOCH: 74/1000, batch: 0, loss: 198.3624, accuracy: 141/233, 0.6052
2023-09-27 15:17:40,453 - Training - INFO - [TRAIN]EPOCH: 74/1000, Epoch Time: 00:00:36, Epoch Loss: 588.2144, Epoch Accuracy: 550/934
2023-09-27 15:17:47,101 - Training - INFO - [EVAL]EPOCH: 74/1000, loss: 320.0350, accuracy: 136/233, 0.5837
2023-09-27 15:17:59,219 - Training - INFO - [TRAIN]EPOCH: 75/1000, batch: 0, loss: 663.2748, lr: 0.0974
2023-09-27 15:18:04,668 - Training - INFO - [EVAL]EPOCH: 75/1000, batch: 0, loss: 298.1642, accuracy: 134/233, 0.5751
2023-09-27 15:18:12,402 - Training - INFO - [TRAIN]EPOCH: 75/1000, Epoch Time: 00:00:25, Epoch Loss: 648.4175, Epoch Accuracy: 583/933
2023-09-27 15:18:15,862 - Training - INFO - [EVAL]EPOCH: 75/1000, loss: 214.6965, accuracy: 133/233, 0.5708
2023-09-27 15:18:23,944 - Training - INFO - [TRAIN]EPOCH: 76/1000, batch: 0, loss: 473.5876, lr: 0.0973
2023-09-27 15:18:27,766 - Training - INFO - [EVAL]EPOCH: 76/1000, batch: 0, loss: 303.7189, accuracy: 128/233, 0.5494
2023-09-27 15:18:42,749 - Training - INFO - [TRAIN]EPOCH: 76/1000, Epoch Time: 00:00:26, Epoch Loss: 540.9675, Epoch Accuracy: 578/934
2023-09-27 15:18:51,463 - Training - INFO - [EVAL]EPOCH: 76/1000, loss: 276.6430, accuracy: 127/233, 0.5451
2023-09-27 15:19:10,566 - Training - INFO - [TRAIN]EPOCH: 77/1000, batch: 0, loss: 600.0391, lr: 0.0972
2023-09-27 15:19:20,344 - Training - INFO - [EVAL]EPOCH: 77/1000, batch: 0, loss: 210.2673, accuracy: 133/233, 0.5708
2023-09-27 15:19:34,872 - Training - INFO - [TRAIN]EPOCH: 77/1000, Epoch Time: 00:00:43, Epoch Loss: 515.5126, Epoch Accuracy: 590/935
2023-09-27 15:19:44,600 - Training - INFO - [EVAL]EPOCH: 77/1000, loss: 295.0574, accuracy: 125/233, 0.5365
2023-09-27 15:20:04,254 - Training - INFO - [TRAIN]EPOCH: 78/1000, batch: 0, loss: 744.5372, lr: 0.0971
2023-09-27 15:20:14,705 - Training - INFO - [EVAL]EPOCH: 78/1000, batch: 0, loss: 210.8564, accuracy: 128/233, 0.5494
2023-09-27 15:20:29,566 - Training - INFO - [TRAIN]EPOCH: 78/1000, Epoch Time: 00:00:44, Epoch Loss: 553.2011, Epoch Accuracy: 578/934
2023-09-27 15:20:38,463 - Training - INFO - [EVAL]EPOCH: 78/1000, loss: 203.2643, accuracy: 133/233, 0.5708
2023-09-27 15:20:55,553 - Training - INFO - [TRAIN]EPOCH: 79/1000, batch: 0, loss: 348.4795, lr: 0.0969
2023-09-27 15:21:04,049 - Training - INFO - [EVAL]EPOCH: 79/1000, batch: 0, loss: 240.7425, accuracy: 135/233, 0.5794
2023-09-27 15:21:21,738 - Training - INFO - [TRAIN]EPOCH: 79/1000, Epoch Time: 00:00:43, Epoch Loss: 477.4276, Epoch Accuracy: 604/932
2023-09-27 15:21:32,045 - Training - INFO - [EVAL]EPOCH: 79/1000, loss: 216.8423, accuracy: 133/233, 0.5708
2023-09-27 15:21:53,924 - Training - INFO - [TRAIN]EPOCH: 80/1000, batch: 0, loss: 406.8552, lr: 0.0968
2023-09-27 15:22:02,521 - Training - INFO - [EVAL]EPOCH: 80/1000, batch: 0, loss: 201.9523, accuracy: 143/233, 0.6137
2023-09-27 15:22:16,976 - Training - INFO - [TRAIN]EPOCH: 80/1000, Epoch Time: 00:00:44, Epoch Loss: 420.0154, Epoch Accuracy: 613/931
2023-09-27 15:22:24,699 - Training - INFO - [EVAL]EPOCH: 80/1000, loss: 216.3388, accuracy: 146/233, 0.6266
2023-09-27 15:22:40,518 - Training - INFO - [TRAIN]EPOCH: 81/1000, batch: 0, loss: 449.4839, lr: 0.0967
2023-09-27 15:22:49,557 - Training - INFO - [EVAL]EPOCH: 81/1000, batch: 0, loss: 163.3876, accuracy: 147/233, 0.6309
2023-09-27 15:23:06,186 - Training - INFO - [TRAIN]EPOCH: 81/1000, Epoch Time: 00:00:41, Epoch Loss: 405.6812, Epoch Accuracy: 608/933
2023-09-27 15:23:13,891 - Training - INFO - [EVAL]EPOCH: 81/1000, loss: 278.2045, accuracy: 135/233, 0.5794
2023-09-27 15:23:33,393 - Training - INFO - [TRAIN]EPOCH: 82/1000, batch: 0, loss: 580.1370, lr: 0.0966
2023-09-27 15:23:41,936 - Training - INFO - [EVAL]EPOCH: 82/1000, batch: 0, loss: 175.2052, accuracy: 146/233, 0.6266
2023-09-27 15:24:02,143 - Training - INFO - [TRAIN]EPOCH: 82/1000, Epoch Time: 00:00:48, Epoch Loss: 456.0085, Epoch Accuracy: 608/934
2023-09-27 15:24:12,331 - Training - INFO - [EVAL]EPOCH: 82/1000, loss: 278.3750, accuracy: 139/233, 0.5966
2023-09-27 15:24:31,603 - Training - INFO - [TRAIN]EPOCH: 83/1000, batch: 0, loss: 560.4950, lr: 0.0965
2023-09-27 15:24:40,444 - Training - INFO - [EVAL]EPOCH: 83/1000, batch: 0, loss: 231.5386, accuracy: 142/233, 0.6094
2023-09-27 15:24:51,055 - Training - INFO - [TRAIN]EPOCH: 83/1000, Epoch Time: 00:00:38, Epoch Loss: 530.6811, Epoch Accuracy: 614/933
2023-09-27 15:24:59,569 - Training - INFO - [EVAL]EPOCH: 83/1000, loss: 251.1556, accuracy: 139/233, 0.5966
2023-09-27 15:25:28,297 - Training - INFO - [TRAIN]EPOCH: 84/1000, batch: 0, loss: 635.1313, lr: 0.0964
2023-09-27 15:25:38,389 - Training - INFO - [EVAL]EPOCH: 84/1000, batch: 0, loss: 237.4565, accuracy: 134/233, 0.5751
2023-09-27 15:25:58,423 - Training - INFO - [TRAIN]EPOCH: 84/1000, Epoch Time: 00:00:58, Epoch Loss: 514.4668, Epoch Accuracy: 610/934
2023-09-27 15:26:10,955 - Training - INFO - [EVAL]EPOCH: 84/1000, loss: 218.1980, accuracy: 130/233, 0.5579
2023-09-27 15:26:38,014 - Training - INFO - [TRAIN]EPOCH: 85/1000, batch: 0, loss: 464.7508, lr: 0.0963
2023-09-27 15:26:48,014 - Training - INFO - [EVAL]EPOCH: 85/1000, batch: 0, loss: 261.2901, accuracy: 132/233, 0.5665
2023-09-27 15:27:09,071 - Training - INFO - [TRAIN]EPOCH: 85/1000, Epoch Time: 00:00:58, Epoch Loss: 494.8071, Epoch Accuracy: 613/933
2023-09-27 15:27:20,487 - Training - INFO - [EVAL]EPOCH: 85/1000, loss: 223.8680, accuracy: 141/233, 0.6052
2023-09-27 15:27:46,998 - Training - INFO - [TRAIN]EPOCH: 86/1000, batch: 0, loss: 474.5947, lr: 0.0962
2023-09-27 15:27:57,574 - Training - INFO - [EVAL]EPOCH: 86/1000, batch: 0, loss: 256.8544, accuracy: 133/233, 0.5708
2023-09-27 15:28:20,381 - Training - INFO - [TRAIN]EPOCH: 86/1000, Epoch Time: 00:00:59, Epoch Loss: 514.5291, Epoch Accuracy: 607/933
2023-09-27 15:28:33,126 - Training - INFO - [EVAL]EPOCH: 86/1000, loss: 220.2272, accuracy: 140/233, 0.6009
2023-09-27 15:28:56,583 - Training - INFO - [TRAIN]EPOCH: 87/1000, batch: 0, loss: 499.4230, lr: 0.0961
2023-09-27 15:29:09,081 - Training - INFO - [EVAL]EPOCH: 87/1000, batch: 0, loss: 247.8241, accuracy: 146/233, 0.6266
2023-09-27 15:29:27,920 - Training - INFO - [TRAIN]EPOCH: 87/1000, Epoch Time: 00:00:54, Epoch Loss: 488.2524, Epoch Accuracy: 599/934
2023-09-27 15:29:40,832 - Training - INFO - [EVAL]EPOCH: 87/1000, loss: 226.9200, accuracy: 149/233, 0.6395
2023-09-27 15:30:04,169 - Training - INFO - [TRAIN]EPOCH: 88/1000, batch: 0, loss: 419.8536, lr: 0.0960
2023-09-27 15:30:14,722 - Training - INFO - [EVAL]EPOCH: 88/1000, batch: 0, loss: 208.3369, accuracy: 144/233, 0.6180
2023-09-27 15:30:37,705 - Training - INFO - [TRAIN]EPOCH: 88/1000, Epoch Time: 00:00:56, Epoch Loss: 454.4571, Epoch Accuracy: 618/932
2023-09-27 15:30:47,130 - Training - INFO - [EVAL]EPOCH: 88/1000, loss: 206.5014, accuracy: 146/233, 0.6266
2023-09-27 15:31:01,385 - Training - INFO - [TRAIN]EPOCH: 89/1000, batch: 0, loss: 401.5733, lr: 0.0959
2023-09-27 15:31:10,736 - Training - INFO - [EVAL]EPOCH: 89/1000, batch: 0, loss: 185.3970, accuracy: 146/233, 0.6266
2023-09-27 15:31:29,546 - Training - INFO - [TRAIN]EPOCH: 89/1000, Epoch Time: 00:00:42, Epoch Loss: 390.7363, Epoch Accuracy: 617/936
2023-09-27 15:31:44,753 - Training - INFO - [EVAL]EPOCH: 89/1000, loss: 182.9039, accuracy: 145/233, 0.6223
2023-09-27 15:32:02,587 - Training - INFO - [TRAIN]EPOCH: 90/1000, batch: 0, loss: 407.4780, lr: 0.0958
2023-09-27 15:32:12,195 - Training - INFO - [EVAL]EPOCH: 90/1000, batch: 0, loss: 201.5913, accuracy: 148/233, 0.6352
2023-09-27 15:32:22,330 - Training - INFO - [TRAIN]EPOCH: 90/1000, Epoch Time: 00:00:37, Epoch Loss: 400.7190, Epoch Accuracy: 601/933
2023-09-27 15:32:31,171 - Training - INFO - [EVAL]EPOCH: 90/1000, loss: 156.3828, accuracy: 158/233, 0.6781
2023-09-27 15:32:50,957 - Training - INFO - [TRAIN]EPOCH: 91/1000, batch: 0, loss: 329.9706, lr: 0.0957
2023-09-27 15:33:02,527 - Training - INFO - [EVAL]EPOCH: 91/1000, batch: 0, loss: 194.3084, accuracy: 142/233, 0.6094
2023-09-27 15:33:29,125 - Training - INFO - [TRAIN]EPOCH: 91/1000, Epoch Time: 00:00:57, Epoch Loss: 354.7810, Epoch Accuracy: 629/933
2023-09-27 15:33:41,708 - Training - INFO - [EVAL]EPOCH: 91/1000, loss: 138.0124, accuracy: 153/233, 0.6567
2023-09-27 15:34:05,593 - Training - INFO - [TRAIN]EPOCH: 92/1000, batch: 0, loss: 317.1266, lr: 0.0956
2023-09-27 15:34:16,705 - Training - INFO - [EVAL]EPOCH: 92/1000, batch: 0, loss: 308.5849, accuracy: 142/233, 0.6094
2023-09-27 15:34:33,581 - Training - INFO - [TRAIN]EPOCH: 92/1000, Epoch Time: 00:00:51, Epoch Loss: 430.9459, Epoch Accuracy: 622/935
2023-09-27 15:34:41,636 - Training - INFO - [EVAL]EPOCH: 92/1000, loss: 262.5914, accuracy: 146/233, 0.6266
2023-09-27 15:34:59,179 - Training - INFO - [TRAIN]EPOCH: 93/1000, batch: 0, loss: 441.2477, lr: 0.0955
2023-09-27 15:35:06,372 - Training - INFO - [EVAL]EPOCH: 93/1000, batch: 0, loss: 206.4027, accuracy: 153/233, 0.6567
2023-09-27 15:35:17,960 - Training - INFO - [TRAIN]EPOCH: 93/1000, Epoch Time: 00:00:36, Epoch Loss: 469.9476, Epoch Accuracy: 624/936
2023-09-27 15:35:24,643 - Training - INFO - [EVAL]EPOCH: 93/1000, loss: 266.1453, accuracy: 143/233, 0.6137
2023-09-27 15:35:37,163 - Training - INFO - [TRAIN]EPOCH: 94/1000, batch: 0, loss: 698.4816, lr: 0.0954
2023-09-27 15:35:42,748 - Training - INFO - [EVAL]EPOCH: 94/1000, batch: 0, loss: 188.2913, accuracy: 153/233, 0.6567
2023-09-27 15:35:53,608 - Training - INFO - [TRAIN]EPOCH: 94/1000, Epoch Time: 00:00:28, Epoch Loss: 506.4751, Epoch Accuracy: 626/936
2023-09-27 15:35:58,742 - Training - INFO - [EVAL]EPOCH: 94/1000, loss: 203.2441, accuracy: 147/233, 0.6309
2023-09-27 15:36:12,118 - Training - INFO - [TRAIN]EPOCH: 95/1000, batch: 0, loss: 396.7451, lr: 0.0953
2023-09-27 15:36:19,727 - Training - INFO - [EVAL]EPOCH: 95/1000, batch: 0, loss: 238.3572, accuracy: 147/233, 0.6309
2023-09-27 15:36:36,217 - Training - INFO - [TRAIN]EPOCH: 95/1000, Epoch Time: 00:00:37, Epoch Loss: 447.7648, Epoch Accuracy: 630/934
2023-09-27 15:36:46,302 - Training - INFO - [EVAL]EPOCH: 95/1000, loss: 177.9302, accuracy: 134/233, 0.5751
2023-09-27 15:37:06,785 - Training - INFO - [TRAIN]EPOCH: 96/1000, batch: 0, loss: 327.9136, lr: 0.0952
2023-09-27 15:37:15,218 - Training - INFO - [EVAL]EPOCH: 96/1000, batch: 0, loss: 217.3853, accuracy: 136/233, 0.5837
2023-09-27 15:37:29,370 - Training - INFO - [TRAIN]EPOCH: 96/1000, Epoch Time: 00:00:43, Epoch Loss: 401.1942, Epoch Accuracy: 648/935
2023-09-27 15:37:36,272 - Training - INFO - [EVAL]EPOCH: 96/1000, loss: 228.1353, accuracy: 139/233, 0.5966
2023-09-27 15:37:47,907 - Training - INFO - [TRAIN]EPOCH: 97/1000, batch: 0, loss: 536.2717, lr: 0.0951
2023-09-27 15:37:52,091 - Training - INFO - [EVAL]EPOCH: 97/1000, batch: 0, loss: 179.2556, accuracy: 148/233, 0.6352
2023-09-27 15:38:00,462 - Training - INFO - [TRAIN]EPOCH: 97/1000, Epoch Time: 00:00:24, Epoch Loss: 437.4738, Epoch Accuracy: 638/934
2023-09-27 15:38:05,356 - Training - INFO - [EVAL]EPOCH: 97/1000, loss: 204.8569, accuracy: 144/233, 0.6180
2023-09-27 15:38:13,545 - Training - INFO - [TRAIN]EPOCH: 98/1000, batch: 0, loss: 476.7970, lr: 0.0949
2023-09-27 15:38:18,389 - Training - INFO - [EVAL]EPOCH: 98/1000, batch: 0, loss: 228.6245, accuracy: 142/233, 0.6094
2023-09-27 15:38:32,232 - Training - INFO - [TRAIN]EPOCH: 98/1000, Epoch Time: 00:00:26, Epoch Loss: 440.1257, Epoch Accuracy: 631/934
2023-09-27 15:38:40,789 - Training - INFO - [EVAL]EPOCH: 98/1000, loss: 189.9832, accuracy: 145/233, 0.6223
2023-09-27 15:38:56,962 - Training - INFO - [TRAIN]EPOCH: 99/1000, batch: 0, loss: 323.9109, lr: 0.0948
2023-09-27 15:39:05,599 - Training - INFO - [EVAL]EPOCH: 99/1000, batch: 0, loss: 245.7859, accuracy: 130/233, 0.5579
2023-09-27 15:39:16,151 - Training - INFO - [TRAIN]EPOCH: 99/1000, Epoch Time: 00:00:35, Epoch Loss: 472.7421, Epoch Accuracy: 612/930
2023-09-27 15:39:19,403 - Training - INFO - [EVAL]EPOCH: 99/1000, loss: 192.2533, accuracy: 143/233, 0.6137
2023-09-27 15:39:26,095 - Training - INFO - [TRAIN]EPOCH: 100/1000, batch: 0, loss: 334.3908, lr: 0.0947
2023-09-27 15:39:29,526 - Training - INFO - [EVAL]EPOCH: 100/1000, batch: 0, loss: 173.0676, accuracy: 153/233, 0.6567
2023-09-27 15:39:35,048 - Training - INFO - [TRAIN]EPOCH: 100/1000, Epoch Time: 00:00:15, Epoch Loss: 356.3837, Epoch Accuracy: 640/933
2023-09-27 15:39:39,512 - Training - INFO - [EVAL]EPOCH: 100/1000, loss: 318.5700, accuracy: 131/233, 0.5622
2023-09-27 15:39:47,752 - Training - INFO - [TRAIN]EPOCH: 101/1000, batch: 0, loss: 884.2290, lr: 0.0946
2023-09-27 15:39:50,648 - Training - INFO - [EVAL]EPOCH: 101/1000, batch: 0, loss: 137.7023, accuracy: 151/233, 0.6481
2023-09-27 15:39:55,793 - Training - INFO - [TRAIN]EPOCH: 101/1000, Epoch Time: 00:00:16, Epoch Loss: 539.8197, Epoch Accuracy: 616/935
2023-09-27 15:39:59,604 - Training - INFO - [EVAL]EPOCH: 101/1000, loss: 274.0230, accuracy: 138/233, 0.5923
2023-09-27 15:40:08,035 - Training - INFO - [TRAIN]EPOCH: 102/1000, batch: 0, loss: 519.6489, lr: 0.0945
2023-09-27 15:40:12,695 - Training - INFO - [EVAL]EPOCH: 102/1000, batch: 0, loss: 148.3386, accuracy: 147/233, 0.6309
2023-09-27 15:40:22,070 - Training - INFO - [TRAIN]EPOCH: 102/1000, Epoch Time: 00:00:22, Epoch Loss: 427.0283, Epoch Accuracy: 615/935
2023-09-27 15:40:25,764 - Training - INFO - [EVAL]EPOCH: 102/1000, loss: 433.4470, accuracy: 125/233, 0.5365
2023-09-27 15:40:36,898 - Training - INFO - [TRAIN]EPOCH: 103/1000, batch: 0, loss: 958.3832, lr: 0.0944
2023-09-27 15:40:42,939 - Training - INFO - [EVAL]EPOCH: 103/1000, batch: 0, loss: 357.3580, accuracy: 130/233, 0.5579
2023-09-27 15:40:52,801 - Training - INFO - [TRAIN]EPOCH: 103/1000, Epoch Time: 00:00:27, Epoch Loss: 851.5488, Epoch Accuracy: 560/935
2023-09-27 15:40:57,132 - Training - INFO - [EVAL]EPOCH: 103/1000, loss: 242.4251, accuracy: 142/233, 0.6094
2023-09-27 15:41:07,861 - Training - INFO - [TRAIN]EPOCH: 104/1000, batch: 0, loss: 507.7082, lr: 0.0943
2023-09-27 15:41:11,871 - Training - INFO - [EVAL]EPOCH: 104/1000, batch: 0, loss: 294.6356, accuracy: 135/233, 0.5794
2023-09-27 15:41:20,406 - Training - INFO - [TRAIN]EPOCH: 104/1000, Epoch Time: 00:00:23, Epoch Loss: 572.5103, Epoch Accuracy: 606/935
2023-09-27 15:41:24,899 - Training - INFO - [EVAL]EPOCH: 104/1000, loss: 212.5194, accuracy: 140/233, 0.6009
2023-09-27 15:41:31,821 - Training - INFO - [TRAIN]EPOCH: 105/1000, batch: 0, loss: 433.8676, lr: 0.0942
2023-09-27 15:41:35,615 - Training - INFO - [EVAL]EPOCH: 105/1000, batch: 0, loss: 259.3299, accuracy: 140/233, 0.6009
2023-09-27 15:41:41,040 - Training - INFO - [TRAIN]EPOCH: 105/1000, Epoch Time: 00:00:16, Epoch Loss: 484.0090, Epoch Accuracy: 649/934
2023-09-27 15:41:48,780 - Training - INFO - [EVAL]EPOCH: 105/1000, loss: 185.1341, accuracy: 147/233, 0.6309
2023-09-27 15:42:12,726 - Training - INFO - [TRAIN]EPOCH: 106/1000, batch: 0, loss: 399.8768, lr: 0.0941
2023-09-27 15:42:20,172 - Training - INFO - [EVAL]EPOCH: 106/1000, batch: 0, loss: 287.0825, accuracy: 136/233, 0.5837
2023-09-27 15:42:37,971 - Training - INFO - [TRAIN]EPOCH: 106/1000, Epoch Time: 00:00:49, Epoch Loss: 476.5815, Epoch Accuracy: 624/932
2023-09-27 15:42:49,087 - Training - INFO - [EVAL]EPOCH: 106/1000, loss: 224.1344, accuracy: 148/233, 0.6352
2023-09-27 15:43:10,127 - Training - INFO - [TRAIN]EPOCH: 107/1000, batch: 0, loss: 413.5951, lr: 0.0940
2023-09-27 15:43:18,308 - Training - INFO - [EVAL]EPOCH: 107/1000, batch: 0, loss: 244.5895, accuracy: 146/233, 0.6266
2023-09-27 15:43:36,586 - Training - INFO - [TRAIN]EPOCH: 107/1000, Epoch Time: 00:00:47, Epoch Loss: 492.1176, Epoch Accuracy: 646/934
2023-09-27 15:43:45,617 - Training - INFO - [EVAL]EPOCH: 107/1000, loss: 219.7168, accuracy: 151/233, 0.6481
2023-09-27 15:44:08,877 - Training - INFO - [TRAIN]EPOCH: 108/1000, batch: 0, loss: 505.3111, lr: 0.0939
2023-09-27 15:44:20,300 - Training - INFO - [EVAL]EPOCH: 108/1000, batch: 0, loss: 196.7506, accuracy: 151/233, 0.6481
2023-09-27 15:44:41,910 - Training - INFO - [TRAIN]EPOCH: 108/1000, Epoch Time: 00:00:56, Epoch Loss: 438.0602, Epoch Accuracy: 625/933
2023-09-27 15:44:54,062 - Training - INFO - [EVAL]EPOCH: 108/1000, loss: 205.6536, accuracy: 150/233, 0.6438
2023-09-27 15:45:18,922 - Training - INFO - [TRAIN]EPOCH: 109/1000, batch: 0, loss: 429.6743, lr: 0.0938
2023-09-27 15:45:30,325 - Training - INFO - [EVAL]EPOCH: 109/1000, batch: 0, loss: 209.1781, accuracy: 149/233, 0.6395
2023-09-27 15:45:47,124 - Training - INFO - [TRAIN]EPOCH: 109/1000, Epoch Time: 00:00:53, Epoch Loss: 421.3403, Epoch Accuracy: 621/934
2023-09-27 15:45:55,607 - Training - INFO - [EVAL]EPOCH: 109/1000, loss: 185.7873, accuracy: 144/233, 0.6180
2023-09-27 15:46:11,549 - Training - INFO - [TRAIN]EPOCH: 110/1000, batch: 0, loss: 461.5184, lr: 0.0937
2023-09-27 15:46:17,559 - Training - INFO - [EVAL]EPOCH: 110/1000, batch: 0, loss: 256.1832, accuracy: 142/233, 0.6094
2023-09-27 15:46:28,278 - Training - INFO - [TRAIN]EPOCH: 110/1000, Epoch Time: 00:00:32, Epoch Loss: 445.6921, Epoch Accuracy: 650/934
2023-09-27 15:46:34,183 - Training - INFO - [EVAL]EPOCH: 110/1000, loss: 271.9217, accuracy: 144/233, 0.6180
2023-09-27 15:46:44,826 - Training - INFO - [TRAIN]EPOCH: 111/1000, batch: 0, loss: 681.1383, lr: 0.0936
2023-09-27 15:46:51,203 - Training - INFO - [EVAL]EPOCH: 111/1000, batch: 0, loss: 232.6688, accuracy: 156/233, 0.6695
2023-09-27 15:47:00,730 - Training - INFO - [TRAIN]EPOCH: 111/1000, Epoch Time: 00:00:26, Epoch Loss: 563.0424, Epoch Accuracy: 618/931
2023-09-27 15:47:08,173 - Training - INFO - [EVAL]EPOCH: 111/1000, loss: 262.1974, accuracy: 153/233, 0.6567
2023-09-27 15:47:24,015 - Training - INFO - [TRAIN]EPOCH: 112/1000, batch: 0, loss: 531.3744, lr: 0.0935
2023-09-27 15:47:31,151 - Training - INFO - [EVAL]EPOCH: 112/1000, batch: 0, loss: 226.5232, accuracy: 157/233, 0.6738
2023-09-27 15:47:47,148 - Training - INFO - [TRAIN]EPOCH: 112/1000, Epoch Time: 00:00:38, Epoch Loss: 518.0482, Epoch Accuracy: 630/932
2023-09-27 15:47:56,332 - Training - INFO - [EVAL]EPOCH: 112/1000, loss: 203.6077, accuracy: 159/233, 0.6824
2023-09-27 15:48:12,789 - Training - INFO - [TRAIN]EPOCH: 113/1000, batch: 0, loss: 428.6044, lr: 0.0934
2023-09-27 15:48:23,322 - Training - INFO - [EVAL]EPOCH: 113/1000, batch: 0, loss: 202.7208, accuracy: 159/233, 0.6824
2023-09-27 15:48:41,436 - Training - INFO - [TRAIN]EPOCH: 113/1000, Epoch Time: 00:00:45, Epoch Loss: 450.7908, Epoch Accuracy: 663/932
2023-09-27 15:48:49,641 - Training - INFO - [EVAL]EPOCH: 113/1000, loss: 206.4097, accuracy: 152/233, 0.6524
2023-09-27 15:49:09,301 - Training - INFO - [TRAIN]EPOCH: 114/1000, batch: 0, loss: 335.0069, lr: 0.0933
2023-09-27 15:49:18,503 - Training - INFO - [EVAL]EPOCH: 114/1000, batch: 0, loss: 239.6567, accuracy: 147/233, 0.6309
2023-09-27 15:49:35,043 - Training - INFO - [TRAIN]EPOCH: 114/1000, Epoch Time: 00:00:45, Epoch Loss: 495.0970, Epoch Accuracy: 637/933
2023-09-27 15:49:47,813 - Training - INFO - [EVAL]EPOCH: 114/1000, loss: 265.1946, accuracy: 152/233, 0.6524
2023-09-27 15:50:14,422 - Training - INFO - [TRAIN]EPOCH: 115/1000, batch: 0, loss: 554.8340, lr: 0.0932
2023-09-27 15:50:25,503 - Training - INFO - [EVAL]EPOCH: 115/1000, batch: 0, loss: 230.8301, accuracy: 154/233, 0.6609
2023-09-27 15:50:47,818 - Training - INFO - [TRAIN]EPOCH: 115/1000, Epoch Time: 00:01:00, Epoch Loss: 561.2335, Epoch Accuracy: 634/933
2023-09-27 15:50:58,629 - Training - INFO - [EVAL]EPOCH: 115/1000, loss: 265.8675, accuracy: 143/233, 0.6137
2023-09-27 15:51:26,366 - Training - INFO - [TRAIN]EPOCH: 116/1000, batch: 0, loss: 619.1824, lr: 0.0931
2023-09-27 15:51:32,930 - Training - INFO - [EVAL]EPOCH: 116/1000, batch: 0, loss: 200.1444, accuracy: 156/233, 0.6695
2023-09-27 15:51:43,493 - Training - INFO - [TRAIN]EPOCH: 116/1000, Epoch Time: 00:00:44, Epoch Loss: 503.4122, Epoch Accuracy: 655/934
2023-09-27 15:51:58,383 - Training - INFO - [EVAL]EPOCH: 116/1000, loss: 269.6754, accuracy: 148/233, 0.6352
2023-09-27 15:52:25,658 - Training - INFO - [TRAIN]EPOCH: 117/1000, batch: 0, loss: 612.0619, lr: 0.0929
2023-09-27 15:52:38,271 - Training - INFO - [EVAL]EPOCH: 117/1000, batch: 0, loss: 173.9886, accuracy: 159/233, 0.6824
2023-09-27 15:53:01,443 - Training - INFO - [TRAIN]EPOCH: 117/1000, Epoch Time: 00:01:03, Epoch Loss: 484.8629, Epoch Accuracy: 649/933
2023-09-27 15:53:13,747 - Training - INFO - [EVAL]EPOCH: 117/1000, loss: 231.5946, accuracy: 145/233, 0.6223
2023-09-27 15:53:43,482 - Training - INFO - [TRAIN]EPOCH: 118/1000, batch: 0, loss: 597.0760, lr: 0.0928
2023-09-27 15:53:59,021 - Training - INFO - [EVAL]EPOCH: 118/1000, batch: 0, loss: 180.9801, accuracy: 150/233, 0.6438
2023-09-27 15:54:24,260 - Training - INFO - [TRAIN]EPOCH: 118/1000, Epoch Time: 00:01:10, Epoch Loss: 469.7525, Epoch Accuracy: 646/933
2023-09-27 15:54:36,298 - Training - INFO - [EVAL]EPOCH: 118/1000, loss: 195.1223, accuracy: 151/233, 0.6481
2023-09-27 15:55:06,502 - Training - INFO - [TRAIN]EPOCH: 119/1000, batch: 0, loss: 422.8116, lr: 0.0927
2023-09-27 15:55:19,456 - Training - INFO - [EVAL]EPOCH: 119/1000, batch: 0, loss: 191.9659, accuracy: 158/233, 0.6781
2023-09-27 15:55:43,311 - Training - INFO - [TRAIN]EPOCH: 119/1000, Epoch Time: 00:01:07, Epoch Loss: 416.0783, Epoch Accuracy: 654/934
2023-09-27 15:55:57,662 - Training - INFO - [EVAL]EPOCH: 119/1000, loss: 156.2039, accuracy: 167/233, 0.7167
