2023-08-11 13:12:24,043 - Training - INFO - [INFO]Train dataset size: 72, Test dataset size: 9
2023-08-11 13:12:24,043 - Training - INFO - [INFO]Model type: no_gesture, Sensor model name: RNN, TS model name: RNN
2023-08-11 13:12:28,799 - Training - INFO - [TRAIN]EPOCH: 0/200, batch: 0, loss: 1719.2174, lr: 0.0100
2023-08-11 13:12:29,031 - Training - INFO - [EVAL]EPOCH: 0/200, batch: 0, loss: 1739.4315, accuracy: 0.3333
2023-08-11 13:12:29,035 - Training - INFO - [SAVE]EPOCH: 0/200, batch: 0, best_acc: 0.3333333432674408, best_ckpt: NoGestureNetwork_2023-08-11_13-12-29.pth
2023-08-11 13:12:29,036 - Training - INFO - [TRAIN]EPOCH: 0/200, Epoch Time: 00:00:04, Epoch Loss: 1719.2174
2023-08-11 13:12:29,292 - Training - INFO - [EVAL]EPOCH: 0/200, loss: 1739.4318, accuracy: 0.3333
2023-08-11 13:12:32,149 - Training - INFO - [TRAIN]EPOCH: 1/200, batch: 0, loss: 1442.2373, lr: 0.0100
2023-08-11 13:12:32,400 - Training - INFO - [EVAL]EPOCH: 1/200, batch: 0, loss: 1431.2772, accuracy: 0.3333
2023-08-11 13:12:32,402 - Training - INFO - [TRAIN]EPOCH: 1/200, Epoch Time: 00:00:03, Epoch Loss: 1442.2373
2023-08-11 13:12:32,657 - Training - INFO - [EVAL]EPOCH: 1/200, loss: 1431.2772, accuracy: 0.3333
2023-08-11 13:12:37,081 - Training - INFO - [TRAIN]EPOCH: 2/200, batch: 0, loss: 1186.3123, lr: 0.0100
2023-08-11 13:12:37,547 - Training - INFO - [EVAL]EPOCH: 2/200, batch: 0, loss: 1142.2875, accuracy: 0.3333
2023-08-11 13:12:37,548 - Training - INFO - [TRAIN]EPOCH: 2/200, Epoch Time: 00:00:04, Epoch Loss: 1186.3123
2023-08-11 13:12:37,799 - Training - INFO - [EVAL]EPOCH: 2/200, loss: 1142.2875, accuracy: 0.3333
2023-08-11 13:12:42,124 - Training - INFO - [TRAIN]EPOCH: 3/200, batch: 0, loss: 948.5096, lr: 0.0100
2023-08-11 13:12:42,380 - Training - INFO - [EVAL]EPOCH: 3/200, batch: 0, loss: 881.9011, accuracy: 0.3333
2023-08-11 13:12:42,381 - Training - INFO - [TRAIN]EPOCH: 3/200, Epoch Time: 00:00:04, Epoch Loss: 948.5096
2023-08-11 13:12:42,642 - Training - INFO - [EVAL]EPOCH: 3/200, loss: 881.9009, accuracy: 0.3333
2023-08-11 13:12:45,514 - Training - INFO - [TRAIN]EPOCH: 4/200, batch: 0, loss: 733.7394, lr: 0.0100
2023-08-11 13:12:45,753 - Training - INFO - [EVAL]EPOCH: 4/200, batch: 0, loss: 656.5803, accuracy: 0.3333
2023-08-11 13:12:45,756 - Training - INFO - [TRAIN]EPOCH: 4/200, Epoch Time: 00:00:03, Epoch Loss: 733.7394
2023-08-11 13:12:46,012 - Training - INFO - [EVAL]EPOCH: 4/200, loss: 656.5803, accuracy: 0.3333
2023-08-11 13:12:49,091 - Training - INFO - [TRAIN]EPOCH: 5/200, batch: 0, loss: 545.4310, lr: 0.0100
2023-08-11 13:12:49,351 - Training - INFO - [EVAL]EPOCH: 5/200, batch: 0, loss: 466.2420, accuracy: 0.3333
2023-08-11 13:12:49,352 - Training - INFO - [TRAIN]EPOCH: 5/200, Epoch Time: 00:00:03, Epoch Loss: 545.4310
2023-08-11 13:12:49,603 - Training - INFO - [EVAL]EPOCH: 5/200, loss: 466.2420, accuracy: 0.3333
2023-08-11 13:12:53,783 - Training - INFO - [TRAIN]EPOCH: 6/200, batch: 0, loss: 385.4372, lr: 0.0100
2023-08-11 13:12:54,043 - Training - INFO - [EVAL]EPOCH: 6/200, batch: 0, loss: 323.2849, accuracy: 0.3333
2023-08-11 13:12:54,045 - Training - INFO - [TRAIN]EPOCH: 6/200, Epoch Time: 00:00:04, Epoch Loss: 385.4372
2023-08-11 13:12:54,296 - Training - INFO - [EVAL]EPOCH: 6/200, loss: 323.2849, accuracy: 0.3333
2023-08-11 13:12:59,060 - Training - INFO - [TRAIN]EPOCH: 7/200, batch: 0, loss: 268.0406, lr: 0.0100
2023-08-11 13:12:59,320 - Training - INFO - [EVAL]EPOCH: 7/200, batch: 0, loss: 272.1768, accuracy: 0.3333
2023-08-11 13:12:59,322 - Training - INFO - [TRAIN]EPOCH: 7/200, Epoch Time: 00:00:05, Epoch Loss: 268.0406
2023-08-11 13:12:59,580 - Training - INFO - [EVAL]EPOCH: 7/200, loss: 272.1768, accuracy: 0.3333
2023-08-11 13:13:03,095 - Training - INFO - [TRAIN]EPOCH: 8/200, batch: 0, loss: 227.3694, lr: 0.0100
2023-08-11 13:13:03,321 - Training - INFO - [EVAL]EPOCH: 8/200, batch: 0, loss: 319.4530, accuracy: 0.3333
2023-08-11 13:13:03,323 - Training - INFO - [TRAIN]EPOCH: 8/200, Epoch Time: 00:00:03, Epoch Loss: 227.3694
2023-08-11 13:13:03,564 - Training - INFO - [EVAL]EPOCH: 8/200, loss: 319.4530, accuracy: 0.3333
2023-08-11 13:13:05,245 - Training - INFO - [TRAIN]EPOCH: 9/200, batch: 0, loss: 267.2182, lr: 0.0100
2023-08-11 13:13:05,466 - Training - INFO - [EVAL]EPOCH: 9/200, batch: 0, loss: 390.1079, accuracy: 0.3333
2023-08-11 13:13:05,467 - Training - INFO - [TRAIN]EPOCH: 9/200, Epoch Time: 00:00:01, Epoch Loss: 267.2182
2023-08-11 13:13:05,701 - Training - INFO - [EVAL]EPOCH: 9/200, loss: 390.1079, accuracy: 0.3333
2023-08-11 13:13:07,513 - Training - INFO - [TRAIN]EPOCH: 10/200, batch: 0, loss: 325.5211, lr: 0.0100
2023-08-11 13:13:07,773 - Training - INFO - [EVAL]EPOCH: 10/200, batch: 0, loss: 439.8203, accuracy: 0.3333
2023-08-11 13:13:07,775 - Training - INFO - [TRAIN]EPOCH: 10/200, Epoch Time: 00:00:02, Epoch Loss: 325.5211
2023-08-11 13:13:08,041 - Training - INFO - [EVAL]EPOCH: 10/200, loss: 439.8203, accuracy: 0.3333
2023-08-11 13:13:12,381 - Training - INFO - [TRAIN]EPOCH: 11/200, batch: 0, loss: 366.3953, lr: 0.0100
2023-08-11 13:13:12,696 - Training - INFO - [EVAL]EPOCH: 11/200, batch: 0, loss: 459.0831, accuracy: 0.3333
2023-08-11 13:13:12,698 - Training - INFO - [TRAIN]EPOCH: 11/200, Epoch Time: 00:00:04, Epoch Loss: 366.3953
2023-08-11 13:13:12,957 - Training - INFO - [EVAL]EPOCH: 11/200, loss: 459.0832, accuracy: 0.3333
2023-08-11 13:13:17,680 - Training - INFO - [TRAIN]EPOCH: 12/200, batch: 0, loss: 382.0119, lr: 0.0100
2023-08-11 13:13:17,936 - Training - INFO - [EVAL]EPOCH: 12/200, batch: 0, loss: 449.3779, accuracy: 0.3333
2023-08-11 13:13:17,937 - Training - INFO - [TRAIN]EPOCH: 12/200, Epoch Time: 00:00:04, Epoch Loss: 382.0119
2023-08-11 13:13:18,385 - Training - INFO - [EVAL]EPOCH: 12/200, loss: 449.3779, accuracy: 0.3333
2023-08-11 13:13:21,625 - Training - INFO - [TRAIN]EPOCH: 13/200, batch: 0, loss: 373.7593, lr: 0.0100
2023-08-11 13:13:21,886 - Training - INFO - [EVAL]EPOCH: 13/200, batch: 0, loss: 417.4182, accuracy: 0.3333
2023-08-11 13:13:21,887 - Training - INFO - [TRAIN]EPOCH: 13/200, Epoch Time: 00:00:03, Epoch Loss: 373.7593
2023-08-11 13:13:22,126 - Training - INFO - [EVAL]EPOCH: 13/200, loss: 417.4182, accuracy: 0.3333
2023-08-11 13:13:25,083 - Training - INFO - [TRAIN]EPOCH: 14/200, batch: 0, loss: 346.9445, lr: 0.0100
2023-08-11 13:13:25,341 - Training - INFO - [EVAL]EPOCH: 14/200, batch: 0, loss: 368.0392, accuracy: 0.3333
2023-08-11 13:13:25,342 - Training - INFO - [TRAIN]EPOCH: 14/200, Epoch Time: 00:00:03, Epoch Loss: 346.9445
2023-08-11 13:13:25,593 - Training - INFO - [EVAL]EPOCH: 14/200, loss: 368.0392, accuracy: 0.3333
2023-08-11 13:13:28,379 - Training - INFO - [TRAIN]EPOCH: 15/200, batch: 0, loss: 305.7074, lr: 0.0100
2023-08-11 13:13:28,626 - Training - INFO - [EVAL]EPOCH: 15/200, batch: 0, loss: 302.7334, accuracy: 0.3333
2023-08-11 13:13:28,627 - Training - INFO - [TRAIN]EPOCH: 15/200, Epoch Time: 00:00:03, Epoch Loss: 305.7074
2023-08-11 13:13:28,866 - Training - INFO - [EVAL]EPOCH: 15/200, loss: 302.7334, accuracy: 0.3333
2023-08-11 13:13:32,780 - Training - INFO - [TRAIN]EPOCH: 16/200, batch: 0, loss: 251.5067, lr: 0.0100
2023-08-11 13:13:33,031 - Training - INFO - [EVAL]EPOCH: 16/200, batch: 0, loss: 223.5105, accuracy: 0.3333
2023-08-11 13:13:33,033 - Training - INFO - [TRAIN]EPOCH: 16/200, Epoch Time: 00:00:04, Epoch Loss: 251.5067
2023-08-11 13:13:33,280 - Training - INFO - [EVAL]EPOCH: 16/200, loss: 223.5105, accuracy: 0.3333
2023-08-11 13:13:36,336 - Training - INFO - [TRAIN]EPOCH: 17/200, batch: 0, loss: 185.6447, lr: 0.0100
2023-08-11 13:13:36,588 - Training - INFO - [EVAL]EPOCH: 17/200, batch: 0, loss: 148.8224, accuracy: 0.3333
2023-08-11 13:13:36,589 - Training - INFO - [TRAIN]EPOCH: 17/200, Epoch Time: 00:00:03, Epoch Loss: 185.6447
2023-08-11 13:13:36,846 - Training - INFO - [EVAL]EPOCH: 17/200, loss: 148.8224, accuracy: 0.3333
2023-08-11 13:13:40,413 - Training - INFO - [TRAIN]EPOCH: 18/200, batch: 0, loss: 123.5248, lr: 0.0100
2023-08-11 13:13:40,640 - Training - INFO - [EVAL]EPOCH: 18/200, batch: 0, loss: 125.0180, accuracy: 0.3333
2023-08-11 13:13:40,641 - Training - INFO - [TRAIN]EPOCH: 18/200, Epoch Time: 00:00:03, Epoch Loss: 123.5248
2023-08-11 13:13:40,887 - Training - INFO - [EVAL]EPOCH: 18/200, loss: 125.0180, accuracy: 0.3333
2023-08-11 13:13:44,103 - Training - INFO - [TRAIN]EPOCH: 19/200, batch: 0, loss: 103.8035, lr: 0.0100
2023-08-11 13:13:44,360 - Training - INFO - [EVAL]EPOCH: 19/200, batch: 0, loss: 160.5161, accuracy: 0.3333
2023-08-11 13:13:44,361 - Training - INFO - [TRAIN]EPOCH: 19/200, Epoch Time: 00:00:03, Epoch Loss: 103.8035
2023-08-11 13:13:44,614 - Training - INFO - [EVAL]EPOCH: 19/200, loss: 160.5161, accuracy: 0.3333
2023-08-11 13:13:47,217 - Training - INFO - [TRAIN]EPOCH: 20/200, batch: 0, loss: 133.0546, lr: 0.0100
2023-08-11 13:13:47,476 - Training - INFO - [EVAL]EPOCH: 20/200, batch: 0, loss: 198.7300, accuracy: 0.3333
2023-08-11 13:13:47,477 - Training - INFO - [TRAIN]EPOCH: 20/200, Epoch Time: 00:00:02, Epoch Loss: 133.0546
2023-08-11 13:13:47,737 - Training - INFO - [EVAL]EPOCH: 20/200, loss: 198.7300, accuracy: 0.3333
2023-08-11 13:13:52,464 - Training - INFO - [TRAIN]EPOCH: 21/200, batch: 0, loss: 164.6947, lr: 0.0100
2023-08-11 13:13:52,727 - Training - INFO - [EVAL]EPOCH: 21/200, batch: 0, loss: 216.8238, accuracy: 0.3333
2023-08-11 13:13:52,731 - Training - INFO - [TRAIN]EPOCH: 21/200, Epoch Time: 00:00:04, Epoch Loss: 164.6947
2023-08-11 13:13:52,951 - Training - INFO - [EVAL]EPOCH: 21/200, loss: 216.8238, accuracy: 0.3333
2023-08-11 13:13:56,735 - Training - INFO - [TRAIN]EPOCH: 22/200, batch: 0, loss: 179.6720, lr: 0.0100
2023-08-11 13:13:56,992 - Training - INFO - [EVAL]EPOCH: 22/200, batch: 0, loss: 213.8901, accuracy: 0.3333
2023-08-11 13:13:56,995 - Training - INFO - [TRAIN]EPOCH: 22/200, Epoch Time: 00:00:04, Epoch Loss: 179.6720
2023-08-11 13:13:57,236 - Training - INFO - [EVAL]EPOCH: 22/200, loss: 213.8901, accuracy: 0.3333
2023-08-11 13:13:59,778 - Training - INFO - [TRAIN]EPOCH: 23/200, batch: 0, loss: 177.2192, lr: 0.0100
2023-08-11 13:14:00,029 - Training - INFO - [EVAL]EPOCH: 23/200, batch: 0, loss: 190.8534, accuracy: 0.3333
2023-08-11 13:14:00,031 - Training - INFO - [TRAIN]EPOCH: 23/200, Epoch Time: 00:00:02, Epoch Loss: 177.2192
2023-08-11 13:14:00,278 - Training - INFO - [EVAL]EPOCH: 23/200, loss: 190.8534, accuracy: 0.3333
2023-08-11 13:14:05,128 - Training - INFO - [TRAIN]EPOCH: 24/200, batch: 0, loss: 158.1312, lr: 0.0100
2023-08-11 13:14:05,388 - Training - INFO - [EVAL]EPOCH: 24/200, batch: 0, loss: 154.2372, accuracy: 0.3333
2023-08-11 13:14:05,390 - Training - INFO - [TRAIN]EPOCH: 24/200, Epoch Time: 00:00:05, Epoch Loss: 158.1312
2023-08-11 13:14:05,646 - Training - INFO - [EVAL]EPOCH: 24/200, loss: 154.2372, accuracy: 0.3333
2023-08-11 13:14:09,648 - Training - INFO - [TRAIN]EPOCH: 25/200, batch: 0, loss: 127.8109, lr: 0.0100
2023-08-11 13:14:09,904 - Training - INFO - [EVAL]EPOCH: 25/200, batch: 0, loss: 116.6554, accuracy: 0.3333
2023-08-11 13:14:09,906 - Training - INFO - [TRAIN]EPOCH: 25/200, Epoch Time: 00:00:04, Epoch Loss: 127.8109
2023-08-11 13:14:10,159 - Training - INFO - [EVAL]EPOCH: 25/200, loss: 116.6554, accuracy: 0.3333
2023-08-11 13:14:14,303 - Training - INFO - [TRAIN]EPOCH: 26/200, batch: 0, loss: 96.7861, lr: 0.0100
2023-08-11 13:14:14,535 - Training - INFO - [EVAL]EPOCH: 26/200, batch: 0, loss: 92.0520, accuracy: 0.3333
2023-08-11 13:14:14,537 - Training - INFO - [TRAIN]EPOCH: 26/200, Epoch Time: 00:00:04, Epoch Loss: 96.7861
2023-08-11 13:14:14,789 - Training - INFO - [EVAL]EPOCH: 26/200, loss: 92.0520, accuracy: 0.3333
2023-08-11 13:14:16,870 - Training - INFO - [TRAIN]EPOCH: 27/200, batch: 0, loss: 76.7836, lr: 0.0100
2023-08-11 13:14:17,107 - Training - INFO - [EVAL]EPOCH: 27/200, batch: 0, loss: 89.9566, accuracy: 0.3333
2023-08-11 13:14:17,108 - Training - INFO - [TRAIN]EPOCH: 27/200, Epoch Time: 00:00:02, Epoch Loss: 76.7836
2023-08-11 13:14:17,354 - Training - INFO - [EVAL]EPOCH: 27/200, loss: 89.9566, accuracy: 0.3333
2023-08-11 13:14:19,627 - Training - INFO - [TRAIN]EPOCH: 28/200, batch: 0, loss: 75.4371, lr: 0.0100
2023-08-11 13:14:19,865 - Training - INFO - [EVAL]EPOCH: 28/200, batch: 0, loss: 103.9298, accuracy: 0.3333
2023-08-11 13:14:19,868 - Training - INFO - [TRAIN]EPOCH: 28/200, Epoch Time: 00:00:02, Epoch Loss: 75.4371
2023-08-11 13:14:20,097 - Training - INFO - [EVAL]EPOCH: 28/200, loss: 103.9298, accuracy: 0.3333
2023-08-11 13:14:23,461 - Training - INFO - [TRAIN]EPOCH: 29/200, batch: 0, loss: 86.9807, lr: 0.0100
2023-08-11 13:14:23,719 - Training - INFO - [EVAL]EPOCH: 29/200, batch: 0, loss: 116.3484, accuracy: 0.3333
2023-08-11 13:14:23,721 - Training - INFO - [TRAIN]EPOCH: 29/200, Epoch Time: 00:00:03, Epoch Loss: 86.9807
2023-08-11 13:14:23,984 - Training - INFO - [EVAL]EPOCH: 29/200, loss: 116.3484, accuracy: 0.3333
2023-08-11 13:14:28,781 - Training - INFO - [TRAIN]EPOCH: 30/200, batch: 0, loss: 97.1311, lr: 0.0100
2023-08-11 13:14:29,040 - Training - INFO - [EVAL]EPOCH: 30/200, batch: 0, loss: 117.2852, accuracy: 0.3333
2023-08-11 13:14:29,041 - Training - INFO - [TRAIN]EPOCH: 30/200, Epoch Time: 00:00:05, Epoch Loss: 97.1311
2023-08-11 13:14:29,285 - Training - INFO - [EVAL]EPOCH: 30/200, loss: 117.2852, accuracy: 0.3333
2023-08-11 13:14:32,659 - Training - INFO - [TRAIN]EPOCH: 31/200, batch: 0, loss: 97.8260, lr: 0.0100
2023-08-11 13:14:32,907 - Training - INFO - [EVAL]EPOCH: 31/200, batch: 0, loss: 105.1259, accuracy: 0.3333
2023-08-11 13:14:32,909 - Training - INFO - [TRAIN]EPOCH: 31/200, Epoch Time: 00:00:03, Epoch Loss: 97.8260
2023-08-11 13:14:33,156 - Training - INFO - [EVAL]EPOCH: 31/200, loss: 105.1259, accuracy: 0.3333
2023-08-11 13:14:35,250 - Training - INFO - [TRAIN]EPOCH: 32/200, batch: 0, loss: 87.6675, lr: 0.0100
2023-08-11 13:14:35,681 - Training - INFO - [EVAL]EPOCH: 32/200, batch: 0, loss: 81.0662, accuracy: 0.3333
2023-08-11 13:14:35,682 - Training - INFO - [TRAIN]EPOCH: 32/200, Epoch Time: 00:00:02, Epoch Loss: 87.6675
2023-08-11 13:14:35,934 - Training - INFO - [EVAL]EPOCH: 32/200, loss: 81.0662, accuracy: 0.3333
2023-08-11 13:14:38,921 - Training - INFO - [TRAIN]EPOCH: 33/200, batch: 0, loss: 67.6193, lr: 0.0100
2023-08-11 13:14:39,170 - Training - INFO - [EVAL]EPOCH: 33/200, batch: 0, loss: 57.9446, accuracy: 0.3333
2023-08-11 13:14:39,171 - Training - INFO - [TRAIN]EPOCH: 33/200, Epoch Time: 00:00:03, Epoch Loss: 67.6193
2023-08-11 13:14:39,432 - Training - INFO - [EVAL]EPOCH: 33/200, loss: 57.9447, accuracy: 0.3333
2023-08-11 13:14:43,468 - Training - INFO - [TRAIN]EPOCH: 34/200, batch: 0, loss: 48.1401, lr: 0.0100
2023-08-11 13:14:43,717 - Training - INFO - [EVAL]EPOCH: 34/200, batch: 0, loss: 59.4871, accuracy: 0.3333
2023-08-11 13:14:43,718 - Training - INFO - [TRAIN]EPOCH: 34/200, Epoch Time: 00:00:04, Epoch Loss: 48.1401
2023-08-11 13:14:43,967 - Training - INFO - [EVAL]EPOCH: 34/200, loss: 59.4871, accuracy: 0.3333
2023-08-11 13:14:48,316 - Training - INFO - [TRAIN]EPOCH: 35/200, batch: 0, loss: 49.0249, lr: 0.0100
2023-08-11 13:14:48,580 - Training - INFO - [EVAL]EPOCH: 35/200, batch: 0, loss: 75.3987, accuracy: 0.3333
2023-08-11 13:14:48,582 - Training - INFO - [TRAIN]EPOCH: 35/200, Epoch Time: 00:00:04, Epoch Loss: 49.0249
2023-08-11 13:14:48,839 - Training - INFO - [EVAL]EPOCH: 35/200, loss: 75.3987, accuracy: 0.3333
2023-08-11 13:14:52,440 - Training - INFO - [TRAIN]EPOCH: 36/200, batch: 0, loss: 62.3888, lr: 0.0100
2023-08-11 13:14:52,698 - Training - INFO - [EVAL]EPOCH: 36/200, batch: 0, loss: 78.8545, accuracy: 0.3333
2023-08-11 13:14:52,699 - Training - INFO - [TRAIN]EPOCH: 36/200, Epoch Time: 00:00:03, Epoch Loss: 62.3888
2023-08-11 13:14:52,960 - Training - INFO - [EVAL]EPOCH: 36/200, loss: 78.8545, accuracy: 0.3333
2023-08-11 13:14:56,863 - Training - INFO - [TRAIN]EPOCH: 37/200, batch: 0, loss: 65.2685, lr: 0.0100
2023-08-11 13:14:57,117 - Training - INFO - [EVAL]EPOCH: 37/200, batch: 0, loss: 68.2372, accuracy: 0.3333
2023-08-11 13:14:57,119 - Training - INFO - [TRAIN]EPOCH: 37/200, Epoch Time: 00:00:04, Epoch Loss: 65.2685
2023-08-11 13:14:57,373 - Training - INFO - [EVAL]EPOCH: 37/200, loss: 68.2372, accuracy: 0.3333
2023-08-11 13:15:02,026 - Training - INFO - [TRAIN]EPOCH: 38/200, batch: 0, loss: 56.4302, lr: 0.0100
2023-08-11 13:15:02,283 - Training - INFO - [EVAL]EPOCH: 38/200, batch: 0, loss: 51.6437, accuracy: 0.3333
2023-08-11 13:15:02,285 - Training - INFO - [TRAIN]EPOCH: 38/200, Epoch Time: 00:00:04, Epoch Loss: 56.4302
2023-08-11 13:15:02,550 - Training - INFO - [EVAL]EPOCH: 38/200, loss: 51.6437, accuracy: 0.3333
2023-08-11 13:15:07,608 - Training - INFO - [TRAIN]EPOCH: 39/200, batch: 0, loss: 42.8771, lr: 0.0100
2023-08-11 13:15:07,856 - Training - INFO - [EVAL]EPOCH: 39/200, batch: 0, loss: 48.3139, accuracy: 0.3333
2023-08-11 13:15:07,858 - Training - INFO - [TRAIN]EPOCH: 39/200, Epoch Time: 00:00:05, Epoch Loss: 42.8771
2023-08-11 13:15:08,111 - Training - INFO - [EVAL]EPOCH: 39/200, loss: 48.3139, accuracy: 0.3333
2023-08-11 13:15:10,551 - Training - INFO - [TRAIN]EPOCH: 40/200, batch: 0, loss: 40.2637, lr: 0.0100
2023-08-11 13:15:10,777 - Training - INFO - [EVAL]EPOCH: 40/200, batch: 0, loss: 44.4062, accuracy: 0.3333
2023-08-11 13:15:10,778 - Training - INFO - [TRAIN]EPOCH: 40/200, Epoch Time: 00:00:02, Epoch Loss: 40.2637
2023-08-11 13:15:11,032 - Training - INFO - [EVAL]EPOCH: 40/200, loss: 44.4062, accuracy: 0.3333
2023-08-11 13:15:15,336 - Training - INFO - [TRAIN]EPOCH: 41/200, batch: 0, loss: 36.8511, lr: 0.0100
2023-08-11 13:15:15,563 - Training - INFO - [EVAL]EPOCH: 41/200, batch: 0, loss: 51.5962, accuracy: 0.3333
2023-08-11 13:15:15,564 - Training - INFO - [TRAIN]EPOCH: 41/200, Epoch Time: 00:00:04, Epoch Loss: 36.8511
2023-08-11 13:15:15,823 - Training - INFO - [EVAL]EPOCH: 41/200, loss: 51.5962, accuracy: 0.3333
2023-08-11 13:15:19,497 - Training - INFO - [TRAIN]EPOCH: 42/200, batch: 0, loss: 42.7913, lr: 0.0100
2023-08-11 13:15:19,753 - Training - INFO - [EVAL]EPOCH: 42/200, batch: 0, loss: 54.6802, accuracy: 0.3333
2023-08-11 13:15:19,755 - Training - INFO - [TRAIN]EPOCH: 42/200, Epoch Time: 00:00:03, Epoch Loss: 42.7913
2023-08-11 13:15:20,010 - Training - INFO - [EVAL]EPOCH: 42/200, loss: 54.6802, accuracy: 0.3333
2023-08-11 13:15:24,107 - Training - INFO - [TRAIN]EPOCH: 43/200, batch: 0, loss: 45.3162, lr: 0.0100
2023-08-11 13:15:24,346 - Training - INFO - [EVAL]EPOCH: 43/200, batch: 0, loss: 46.0744, accuracy: 0.3333
2023-08-11 13:15:24,347 - Training - INFO - [TRAIN]EPOCH: 43/200, Epoch Time: 00:00:04, Epoch Loss: 45.3162
2023-08-11 13:15:24,583 - Training - INFO - [EVAL]EPOCH: 43/200, loss: 46.0744, accuracy: 0.3333
2023-08-11 13:15:27,561 - Training - INFO - [TRAIN]EPOCH: 44/200, batch: 0, loss: 38.1806, lr: 0.0100
2023-08-11 13:15:27,787 - Training - INFO - [EVAL]EPOCH: 44/200, batch: 0, loss: 28.1247, accuracy: 0.3333
2023-08-11 13:15:27,789 - Training - INFO - [TRAIN]EPOCH: 44/200, Epoch Time: 00:00:03, Epoch Loss: 38.1806
2023-08-11 13:15:28,044 - Training - INFO - [EVAL]EPOCH: 44/200, loss: 28.1247, accuracy: 0.3333
2023-08-11 13:15:32,127 - Training - INFO - [TRAIN]EPOCH: 45/200, batch: 0, loss: 23.5015, lr: 0.0100
2023-08-11 13:15:32,393 - Training - INFO - [EVAL]EPOCH: 45/200, batch: 0, loss: 41.7367, accuracy: 0.3333
2023-08-11 13:15:32,395 - Training - INFO - [TRAIN]EPOCH: 45/200, Epoch Time: 00:00:04, Epoch Loss: 23.5015
2023-08-11 13:15:32,646 - Training - INFO - [EVAL]EPOCH: 45/200, loss: 41.7367, accuracy: 0.3333
2023-08-11 13:15:36,486 - Training - INFO - [TRAIN]EPOCH: 46/200, batch: 0, loss: 34.5285, lr: 0.0100
2023-08-11 13:15:36,956 - Training - INFO - [EVAL]EPOCH: 46/200, batch: 0, loss: 52.8547, accuracy: 0.3333
2023-08-11 13:15:36,958 - Training - INFO - [TRAIN]EPOCH: 46/200, Epoch Time: 00:00:04, Epoch Loss: 34.5285
2023-08-11 13:15:37,211 - Training - INFO - [EVAL]EPOCH: 46/200, loss: 52.8547, accuracy: 0.3333
2023-08-11 13:15:41,656 - Training - INFO - [TRAIN]EPOCH: 47/200, batch: 0, loss: 43.6498, lr: 0.0100
2023-08-11 13:15:41,919 - Training - INFO - [EVAL]EPOCH: 47/200, batch: 0, loss: 42.8546, accuracy: 0.3333
2023-08-11 13:15:41,921 - Training - INFO - [TRAIN]EPOCH: 47/200, Epoch Time: 00:00:04, Epoch Loss: 43.6498
2023-08-11 13:15:42,156 - Training - INFO - [EVAL]EPOCH: 47/200, loss: 42.8546, accuracy: 0.3333
2023-08-11 13:15:44,037 - Training - INFO - [TRAIN]EPOCH: 48/200, batch: 0, loss: 35.4571, lr: 0.0100
2023-08-11 13:15:44,269 - Training - INFO - [EVAL]EPOCH: 48/200, batch: 0, loss: 30.3094, accuracy: 0.3333
2023-08-11 13:15:44,271 - Training - INFO - [TRAIN]EPOCH: 48/200, Epoch Time: 00:00:02, Epoch Loss: 35.4571
2023-08-11 13:15:44,514 - Training - INFO - [EVAL]EPOCH: 48/200, loss: 30.3094, accuracy: 0.3333
2023-08-11 13:15:47,528 - Training - INFO - [TRAIN]EPOCH: 49/200, batch: 0, loss: 25.3341, lr: 0.0100
2023-08-11 13:15:47,776 - Training - INFO - [EVAL]EPOCH: 49/200, batch: 0, loss: 34.2986, accuracy: 0.3333
2023-08-11 13:15:47,778 - Training - INFO - [TRAIN]EPOCH: 49/200, Epoch Time: 00:00:03, Epoch Loss: 25.3341
2023-08-11 13:15:48,002 - Training - INFO - [EVAL]EPOCH: 49/200, loss: 34.2986, accuracy: 0.3333
2023-08-11 13:15:51,223 - Training - INFO - [TRAIN]EPOCH: 50/200, batch: 0, loss: 28.4405, lr: 0.0100
2023-08-11 13:15:51,484 - Training - INFO - [EVAL]EPOCH: 50/200, batch: 0, loss: 34.5963, accuracy: 0.3333
2023-08-11 13:15:51,486 - Training - INFO - [TRAIN]EPOCH: 50/200, Epoch Time: 00:00:03, Epoch Loss: 28.4405
2023-08-11 13:15:51,740 - Training - INFO - [EVAL]EPOCH: 50/200, loss: 34.5963, accuracy: 0.3333
2023-08-11 13:15:56,764 - Training - INFO - [TRAIN]EPOCH: 51/200, batch: 0, loss: 28.7252, lr: 0.0100
2023-08-11 13:15:57,023 - Training - INFO - [EVAL]EPOCH: 51/200, batch: 0, loss: 36.0091, accuracy: 0.3333
2023-08-11 13:15:57,025 - Training - INFO - [TRAIN]EPOCH: 51/200, Epoch Time: 00:00:05, Epoch Loss: 28.7252
2023-08-11 13:15:57,250 - Training - INFO - [EVAL]EPOCH: 51/200, loss: 36.0091, accuracy: 0.3333
2023-08-11 13:15:59,622 - Training - INFO - [TRAIN]EPOCH: 52/200, batch: 0, loss: 29.8272, lr: 0.0100
2023-08-11 13:16:00,056 - Training - INFO - [EVAL]EPOCH: 52/200, batch: 0, loss: 25.5339, accuracy: 0.3333
2023-08-11 13:16:00,059 - Training - INFO - [TRAIN]EPOCH: 52/200, Epoch Time: 00:00:02, Epoch Loss: 29.8272
2023-08-11 13:16:00,313 - Training - INFO - [EVAL]EPOCH: 52/200, loss: 25.5339, accuracy: 0.3333
2023-08-11 13:16:03,795 - Training - INFO - [TRAIN]EPOCH: 53/200, batch: 0, loss: 21.1559, lr: 0.0100
2023-08-11 13:16:04,111 - Training - INFO - [EVAL]EPOCH: 53/200, batch: 0, loss: 30.2037, accuracy: 0.3333
2023-08-11 13:16:04,113 - Training - INFO - [TRAIN]EPOCH: 53/200, Epoch Time: 00:00:03, Epoch Loss: 21.1559
2023-08-11 13:16:04,422 - Training - INFO - [EVAL]EPOCH: 53/200, loss: 30.2037, accuracy: 0.3333
2023-08-11 13:16:08,086 - Training - INFO - [TRAIN]EPOCH: 54/200, batch: 0, loss: 25.2543, lr: 0.0100
2023-08-11 13:16:08,341 - Training - INFO - [EVAL]EPOCH: 54/200, batch: 0, loss: 33.3599, accuracy: 0.3333
2023-08-11 13:16:08,342 - Training - INFO - [TRAIN]EPOCH: 54/200, Epoch Time: 00:00:03, Epoch Loss: 25.2543
2023-08-11 13:16:08,599 - Training - INFO - [EVAL]EPOCH: 54/200, loss: 33.3599, accuracy: 0.3333
2023-08-11 13:16:13,855 - Training - INFO - [TRAIN]EPOCH: 55/200, batch: 0, loss: 27.5731, lr: 0.0100
2023-08-11 13:16:14,117 - Training - INFO - [EVAL]EPOCH: 55/200, batch: 0, loss: 30.3570, accuracy: 0.3333
2023-08-11 13:16:14,118 - Training - INFO - [TRAIN]EPOCH: 55/200, Epoch Time: 00:00:05, Epoch Loss: 27.5731
2023-08-11 13:16:14,366 - Training - INFO - [EVAL]EPOCH: 55/200, loss: 30.3570, accuracy: 0.3333
2023-08-11 13:16:17,354 - Training - INFO - [TRAIN]EPOCH: 56/200, batch: 0, loss: 25.0085, lr: 0.0100
2023-08-11 13:16:17,617 - Training - INFO - [EVAL]EPOCH: 56/200, batch: 0, loss: 23.9807, accuracy: 0.3333
2023-08-11 13:16:17,618 - Training - INFO - [TRAIN]EPOCH: 56/200, Epoch Time: 00:00:03, Epoch Loss: 25.0085
2023-08-11 13:16:17,891 - Training - INFO - [EVAL]EPOCH: 56/200, loss: 23.9807, accuracy: 0.3333
2023-08-11 13:16:22,167 - Training - INFO - [TRAIN]EPOCH: 57/200, batch: 0, loss: 19.8814, lr: 0.0100
2023-08-11 13:16:22,652 - Training - INFO - [EVAL]EPOCH: 57/200, batch: 0, loss: 39.3907, accuracy: 0.3333
2023-08-11 13:16:22,653 - Training - INFO - [TRAIN]EPOCH: 57/200, Epoch Time: 00:00:04, Epoch Loss: 19.8814
2023-08-11 13:16:22,921 - Training - INFO - [EVAL]EPOCH: 57/200, loss: 39.3907, accuracy: 0.3333
2023-08-11 13:16:27,768 - Training - INFO - [TRAIN]EPOCH: 58/200, batch: 0, loss: 32.6047, lr: 0.0100
2023-08-11 13:16:28,024 - Training - INFO - [EVAL]EPOCH: 58/200, batch: 0, loss: 30.6026, accuracy: 0.3333
2023-08-11 13:16:28,026 - Training - INFO - [TRAIN]EPOCH: 58/200, Epoch Time: 00:00:05, Epoch Loss: 32.6047
2023-08-11 13:16:28,285 - Training - INFO - [EVAL]EPOCH: 58/200, loss: 30.6026, accuracy: 0.3333
2023-08-11 13:16:31,764 - Training - INFO - [TRAIN]EPOCH: 59/200, batch: 0, loss: 25.3743, lr: 0.0100
2023-08-11 13:16:32,009 - Training - INFO - [EVAL]EPOCH: 59/200, batch: 0, loss: 34.6275, accuracy: 0.3333
2023-08-11 13:16:32,011 - Training - INFO - [TRAIN]EPOCH: 59/200, Epoch Time: 00:00:03, Epoch Loss: 25.3743
2023-08-11 13:16:32,265 - Training - INFO - [EVAL]EPOCH: 59/200, loss: 34.6275, accuracy: 0.3333
2023-08-11 13:16:35,523 - Training - INFO - [TRAIN]EPOCH: 60/200, batch: 0, loss: 28.8576, lr: 0.0100
2023-08-11 13:16:35,778 - Training - INFO - [EVAL]EPOCH: 60/200, batch: 0, loss: 27.5791, accuracy: 0.3333
2023-08-11 13:16:35,780 - Training - INFO - [TRAIN]EPOCH: 60/200, Epoch Time: 00:00:03, Epoch Loss: 28.8576
2023-08-11 13:16:36,040 - Training - INFO - [EVAL]EPOCH: 60/200, loss: 27.5791, accuracy: 0.3333
2023-08-11 13:16:39,262 - Training - INFO - [TRAIN]EPOCH: 61/200, batch: 0, loss: 22.9972, lr: 0.0100
2023-08-11 13:16:39,497 - Training - INFO - [EVAL]EPOCH: 61/200, batch: 0, loss: 30.1163, accuracy: 0.3333
2023-08-11 13:16:39,499 - Training - INFO - [TRAIN]EPOCH: 61/200, Epoch Time: 00:00:03, Epoch Loss: 22.9972
2023-08-11 13:16:39,969 - Training - INFO - [EVAL]EPOCH: 61/200, loss: 30.1163, accuracy: 0.3333
2023-08-11 13:16:44,669 - Training - INFO - [TRAIN]EPOCH: 62/200, batch: 0, loss: 24.8986, lr: 0.0100
2023-08-11 13:16:44,929 - Training - INFO - [EVAL]EPOCH: 62/200, batch: 0, loss: 30.4048, accuracy: 0.3333
2023-08-11 13:16:44,932 - Training - INFO - [TRAIN]EPOCH: 62/200, Epoch Time: 00:00:04, Epoch Loss: 24.8986
2023-08-11 13:16:45,191 - Training - INFO - [EVAL]EPOCH: 62/200, loss: 30.4048, accuracy: 0.3333
2023-08-11 13:16:48,875 - Training - INFO - [TRAIN]EPOCH: 63/200, batch: 0, loss: 24.9694, lr: 0.0100
2023-08-11 13:16:49,133 - Training - INFO - [EVAL]EPOCH: 63/200, batch: 0, loss: 27.3069, accuracy: 0.3333
2023-08-11 13:16:49,135 - Training - INFO - [TRAIN]EPOCH: 63/200, Epoch Time: 00:00:03, Epoch Loss: 24.9694
2023-08-11 13:16:49,368 - Training - INFO - [EVAL]EPOCH: 63/200, loss: 27.3069, accuracy: 0.3333
2023-08-11 13:16:51,642 - Training - INFO - [TRAIN]EPOCH: 64/200, batch: 0, loss: 22.4223, lr: 0.0100
2023-08-11 13:16:51,869 - Training - INFO - [EVAL]EPOCH: 64/200, batch: 0, loss: 22.4049, accuracy: 0.3333
2023-08-11 13:16:51,872 - Training - INFO - [TRAIN]EPOCH: 64/200, Epoch Time: 00:00:02, Epoch Loss: 22.4223
2023-08-11 13:16:52,122 - Training - INFO - [EVAL]EPOCH: 64/200, loss: 22.4049, accuracy: 0.3333
2023-08-11 13:16:54,104 - Training - INFO - [TRAIN]EPOCH: 65/200, batch: 0, loss: 18.5774, lr: 0.0100
2023-08-11 13:16:54,330 - Training - INFO - [EVAL]EPOCH: 65/200, batch: 0, loss: 28.1621, accuracy: 0.3333
2023-08-11 13:16:54,333 - Training - INFO - [TRAIN]EPOCH: 65/200, Epoch Time: 00:00:02, Epoch Loss: 18.5774
2023-08-11 13:16:54,590 - Training - INFO - [EVAL]EPOCH: 65/200, loss: 28.1621, accuracy: 0.3333
2023-08-11 13:16:57,366 - Training - INFO - [TRAIN]EPOCH: 66/200, batch: 0, loss: 23.6511, lr: 0.0100
2023-08-11 13:16:57,597 - Training - INFO - [EVAL]EPOCH: 66/200, batch: 0, loss: 21.1389, accuracy: 0.3333
2023-08-11 13:16:57,599 - Training - INFO - [TRAIN]EPOCH: 66/200, Epoch Time: 00:00:03, Epoch Loss: 23.6511
2023-08-11 13:16:57,832 - Training - INFO - [EVAL]EPOCH: 66/200, loss: 21.1389, accuracy: 0.3333
2023-08-11 13:17:00,385 - Training - INFO - [TRAIN]EPOCH: 67/200, batch: 0, loss: 17.5539, lr: 0.0100
2023-08-11 13:17:00,640 - Training - INFO - [EVAL]EPOCH: 67/200, batch: 0, loss: 26.9672, accuracy: 0.3333
2023-08-11 13:17:00,641 - Training - INFO - [TRAIN]EPOCH: 67/200, Epoch Time: 00:00:02, Epoch Loss: 17.5539
2023-08-11 13:17:00,891 - Training - INFO - [EVAL]EPOCH: 67/200, loss: 26.9672, accuracy: 0.3333
2023-08-11 13:17:05,822 - Training - INFO - [TRAIN]EPOCH: 68/200, batch: 0, loss: 22.1116, lr: 0.0100
2023-08-11 13:17:06,085 - Training - INFO - [EVAL]EPOCH: 68/200, batch: 0, loss: 21.5301, accuracy: 0.3333
2023-08-11 13:17:06,087 - Training - INFO - [TRAIN]EPOCH: 68/200, Epoch Time: 00:00:05, Epoch Loss: 22.1116
2023-08-11 13:17:06,349 - Training - INFO - [EVAL]EPOCH: 68/200, loss: 21.5301, accuracy: 0.3333
2023-08-11 13:17:09,273 - Training - INFO - [TRAIN]EPOCH: 69/200, batch: 0, loss: 17.7383, lr: 0.0100
2023-08-11 13:17:09,502 - Training - INFO - [EVAL]EPOCH: 69/200, batch: 0, loss: 26.2631, accuracy: 0.3333
2023-08-11 13:17:09,504 - Training - INFO - [TRAIN]EPOCH: 69/200, Epoch Time: 00:00:03, Epoch Loss: 17.7383
2023-08-11 13:17:09,760 - Training - INFO - [EVAL]EPOCH: 69/200, loss: 26.2631, accuracy: 0.3333
2023-08-11 13:17:13,393 - Training - INFO - [TRAIN]EPOCH: 70/200, batch: 0, loss: 21.7992, lr: 0.0100
2023-08-11 13:17:13,656 - Training - INFO - [EVAL]EPOCH: 70/200, batch: 0, loss: 21.5886, accuracy: 0.3333
2023-08-11 13:17:13,658 - Training - INFO - [TRAIN]EPOCH: 70/200, Epoch Time: 00:00:03, Epoch Loss: 21.7992
2023-08-11 13:17:13,925 - Training - INFO - [EVAL]EPOCH: 70/200, loss: 21.5886, accuracy: 0.3333
2023-08-11 13:17:19,278 - Training - INFO - [TRAIN]EPOCH: 71/200, batch: 0, loss: 17.8403, lr: 0.0100
2023-08-11 13:17:19,531 - Training - INFO - [EVAL]EPOCH: 71/200, batch: 0, loss: 28.5317, accuracy: 0.3333
2023-08-11 13:17:19,532 - Training - INFO - [TRAIN]EPOCH: 71/200, Epoch Time: 00:00:05, Epoch Loss: 17.8403
2023-08-11 13:17:19,810 - Training - INFO - [EVAL]EPOCH: 71/200, loss: 28.5317, accuracy: 0.3333
2023-08-11 13:17:23,949 - Training - INFO - [TRAIN]EPOCH: 72/200, batch: 0, loss: 23.6244, lr: 0.0100
2023-08-11 13:17:24,215 - Training - INFO - [EVAL]EPOCH: 72/200, batch: 0, loss: 27.9699, accuracy: 0.3333
2023-08-11 13:17:24,217 - Training - INFO - [TRAIN]EPOCH: 72/200, Epoch Time: 00:00:04, Epoch Loss: 23.6244
2023-08-11 13:17:24,478 - Training - INFO - [EVAL]EPOCH: 72/200, loss: 27.9699, accuracy: 0.3333
2023-08-11 13:17:27,031 - Training - INFO - [TRAIN]EPOCH: 73/200, batch: 0, loss: 23.2353, lr: 0.0100
2023-08-11 13:17:27,283 - Training - INFO - [EVAL]EPOCH: 73/200, batch: 0, loss: 15.0784, accuracy: 0.3333
2023-08-11 13:17:27,286 - Training - INFO - [TRAIN]EPOCH: 73/200, Epoch Time: 00:00:02, Epoch Loss: 23.2353
2023-08-11 13:17:27,523 - Training - INFO - [EVAL]EPOCH: 73/200, loss: 15.0784, accuracy: 0.3333
2023-08-11 13:17:31,021 - Training - INFO - [TRAIN]EPOCH: 74/200, batch: 0, loss: 12.6696, lr: 0.0100
2023-08-11 13:17:31,284 - Training - INFO - [EVAL]EPOCH: 74/200, batch: 0, loss: 35.3285, accuracy: 0.3333
2023-08-11 13:17:31,286 - Training - INFO - [TRAIN]EPOCH: 74/200, Epoch Time: 00:00:03, Epoch Loss: 12.6696
2023-08-11 13:17:31,528 - Training - INFO - [EVAL]EPOCH: 74/200, loss: 35.3285, accuracy: 0.3333
2023-08-11 13:17:36,697 - Training - INFO - [TRAIN]EPOCH: 75/200, batch: 0, loss: 29.1803, lr: 0.0100
2023-08-11 13:17:36,944 - Training - INFO - [EVAL]EPOCH: 75/200, batch: 0, loss: 27.1914, accuracy: 0.3333
2023-08-11 13:17:36,946 - Training - INFO - [TRAIN]EPOCH: 75/200, Epoch Time: 00:00:05, Epoch Loss: 29.1803
2023-08-11 13:17:37,208 - Training - INFO - [EVAL]EPOCH: 75/200, loss: 27.1914, accuracy: 0.3333
2023-08-11 13:17:41,159 - Training - INFO - [TRAIN]EPOCH: 76/200, batch: 0, loss: 22.4121, lr: 0.0100
2023-08-11 13:17:41,421 - Training - INFO - [EVAL]EPOCH: 76/200, batch: 0, loss: 28.5994, accuracy: 0.3333
2023-08-11 13:17:41,422 - Training - INFO - [TRAIN]EPOCH: 76/200, Epoch Time: 00:00:04, Epoch Loss: 22.4121
2023-08-11 13:17:41,674 - Training - INFO - [EVAL]EPOCH: 76/200, loss: 28.5994, accuracy: 0.3333
2023-08-11 13:17:43,691 - Training - INFO - [TRAIN]EPOCH: 77/200, batch: 0, loss: 23.6373, lr: 0.0100
2023-08-11 13:17:43,913 - Training - INFO - [EVAL]EPOCH: 77/200, batch: 0, loss: 27.2667, accuracy: 0.3333
2023-08-11 13:17:43,915 - Training - INFO - [TRAIN]EPOCH: 77/200, Epoch Time: 00:00:02, Epoch Loss: 23.6373
2023-08-11 13:17:44,141 - Training - INFO - [EVAL]EPOCH: 77/200, loss: 27.2667, accuracy: 0.3333
2023-08-11 13:17:48,118 - Training - INFO - [TRAIN]EPOCH: 78/200, batch: 0, loss: 22.5995, lr: 0.0100
2023-08-11 13:17:48,378 - Training - INFO - [EVAL]EPOCH: 78/200, batch: 0, loss: 24.5455, accuracy: 0.3333
2023-08-11 13:17:48,379 - Training - INFO - [TRAIN]EPOCH: 78/200, Epoch Time: 00:00:04, Epoch Loss: 22.5995
2023-08-11 13:17:48,638 - Training - INFO - [EVAL]EPOCH: 78/200, loss: 24.5455, accuracy: 0.3333
2023-08-11 13:17:52,299 - Training - INFO - [TRAIN]EPOCH: 79/200, batch: 0, loss: 20.5063, lr: 0.0100
2023-08-11 13:17:52,560 - Training - INFO - [EVAL]EPOCH: 79/200, batch: 0, loss: 24.7095, accuracy: 0.3333
2023-08-11 13:17:52,563 - Training - INFO - [TRAIN]EPOCH: 79/200, Epoch Time: 00:00:03, Epoch Loss: 20.5063
2023-08-11 13:17:52,824 - Training - INFO - [EVAL]EPOCH: 79/200, loss: 24.7095, accuracy: 0.3333
2023-08-11 13:17:56,303 - Training - INFO - [TRAIN]EPOCH: 80/200, batch: 0, loss: 20.6060, lr: 0.0100
2023-08-11 13:17:56,559 - Training - INFO - [EVAL]EPOCH: 80/200, batch: 0, loss: 23.0580, accuracy: 0.3333
2023-08-11 13:17:56,561 - Training - INFO - [TRAIN]EPOCH: 80/200, Epoch Time: 00:00:03, Epoch Loss: 20.6060
2023-08-11 13:17:56,824 - Training - INFO - [EVAL]EPOCH: 80/200, loss: 23.0580, accuracy: 0.3333
2023-08-11 13:17:59,348 - Training - INFO - [TRAIN]EPOCH: 81/200, batch: 0, loss: 19.0040, lr: 0.0100
2023-08-11 13:17:59,614 - Training - INFO - [EVAL]EPOCH: 81/200, batch: 0, loss: 23.1192, accuracy: 0.3333
2023-08-11 13:17:59,617 - Training - INFO - [TRAIN]EPOCH: 81/200, Epoch Time: 00:00:02, Epoch Loss: 19.0040
2023-08-11 13:17:59,847 - Training - INFO - [EVAL]EPOCH: 81/200, loss: 23.1192, accuracy: 0.3333
2023-08-11 13:18:01,502 - Training - INFO - [TRAIN]EPOCH: 82/200, batch: 0, loss: 19.1622, lr: 0.0100
2023-08-11 13:18:01,720 - Training - INFO - [EVAL]EPOCH: 82/200, batch: 0, loss: 20.2189, accuracy: 0.3333
2023-08-11 13:18:01,721 - Training - INFO - [TRAIN]EPOCH: 82/200, Epoch Time: 00:00:01, Epoch Loss: 19.1622
2023-08-11 13:18:01,947 - Training - INFO - [EVAL]EPOCH: 82/200, loss: 20.2189, accuracy: 0.3333
2023-08-11 13:18:04,061 - Training - INFO - [TRAIN]EPOCH: 83/200, batch: 0, loss: 16.7378, lr: 0.0100
2023-08-11 13:18:04,311 - Training - INFO - [EVAL]EPOCH: 83/200, batch: 0, loss: 23.0822, accuracy: 0.3333
2023-08-11 13:18:04,313 - Training - INFO - [TRAIN]EPOCH: 83/200, Epoch Time: 00:00:02, Epoch Loss: 16.7378
2023-08-11 13:18:04,568 - Training - INFO - [EVAL]EPOCH: 83/200, loss: 23.0822, accuracy: 0.3333
2023-08-11 13:18:08,905 - Training - INFO - [TRAIN]EPOCH: 84/200, batch: 0, loss: 19.1031, lr: 0.0100
2023-08-11 13:18:09,174 - Training - INFO - [EVAL]EPOCH: 84/200, batch: 0, loss: 20.5028, accuracy: 0.3333
2023-08-11 13:18:09,176 - Training - INFO - [TRAIN]EPOCH: 84/200, Epoch Time: 00:00:04, Epoch Loss: 19.1031
2023-08-11 13:18:09,448 - Training - INFO - [EVAL]EPOCH: 84/200, loss: 20.5028, accuracy: 0.3333
2023-08-11 13:18:13,908 - Training - INFO - [TRAIN]EPOCH: 85/200, batch: 0, loss: 16.9546, lr: 0.0100
2023-08-11 13:18:14,169 - Training - INFO - [EVAL]EPOCH: 85/200, batch: 0, loss: 22.6178, accuracy: 0.3333
2023-08-11 13:18:14,172 - Training - INFO - [TRAIN]EPOCH: 85/200, Epoch Time: 00:00:04, Epoch Loss: 16.9546
2023-08-11 13:18:14,428 - Training - INFO - [EVAL]EPOCH: 85/200, loss: 22.6178, accuracy: 0.3333
2023-08-11 13:18:18,372 - Training - INFO - [TRAIN]EPOCH: 86/200, batch: 0, loss: 18.7193, lr: 0.0100
2023-08-11 13:18:18,613 - Training - INFO - [EVAL]EPOCH: 86/200, batch: 0, loss: 18.6632, accuracy: 0.3333
2023-08-11 13:18:18,616 - Training - INFO - [TRAIN]EPOCH: 86/200, Epoch Time: 00:00:04, Epoch Loss: 18.7193
2023-08-11 13:18:18,867 - Training - INFO - [EVAL]EPOCH: 86/200, loss: 18.6632, accuracy: 0.3333
2023-08-11 13:18:21,077 - Training - INFO - [TRAIN]EPOCH: 87/200, batch: 0, loss: 15.6731, lr: 0.0100
2023-08-11 13:18:21,538 - Training - INFO - [EVAL]EPOCH: 87/200, batch: 0, loss: 21.3104, accuracy: 0.3333
2023-08-11 13:18:21,541 - Training - INFO - [TRAIN]EPOCH: 87/200, Epoch Time: 00:00:02, Epoch Loss: 15.6731
2023-08-11 13:18:21,764 - Training - INFO - [EVAL]EPOCH: 87/200, loss: 21.3104, accuracy: 0.3333
2023-08-11 13:18:26,452 - Training - INFO - [TRAIN]EPOCH: 88/200, batch: 0, loss: 17.6136, lr: 0.0100
2023-08-11 13:18:26,702 - Training - INFO - [EVAL]EPOCH: 88/200, batch: 0, loss: 19.5357, accuracy: 0.3333
2023-08-11 13:18:26,704 - Training - INFO - [TRAIN]EPOCH: 88/200, Epoch Time: 00:00:04, Epoch Loss: 17.6136
2023-08-11 13:18:26,957 - Training - INFO - [EVAL]EPOCH: 88/200, loss: 19.5357, accuracy: 0.3333
2023-08-11 13:18:31,082 - Training - INFO - [TRAIN]EPOCH: 89/200, batch: 0, loss: 16.0071, lr: 0.0100
2023-08-11 13:18:31,338 - Training - INFO - [EVAL]EPOCH: 89/200, batch: 0, loss: 19.3905, accuracy: 0.3333
2023-08-11 13:18:31,341 - Training - INFO - [TRAIN]EPOCH: 89/200, Epoch Time: 00:00:04, Epoch Loss: 16.0071
2023-08-11 13:18:31,598 - Training - INFO - [EVAL]EPOCH: 89/200, loss: 19.3905, accuracy: 0.3333
2023-08-11 13:18:34,874 - Training - INFO - [TRAIN]EPOCH: 90/200, batch: 0, loss: 16.0791, lr: 0.0100
2023-08-11 13:18:35,134 - Training - INFO - [EVAL]EPOCH: 90/200, batch: 0, loss: 18.6883, accuracy: 0.3333
2023-08-11 13:18:35,136 - Training - INFO - [TRAIN]EPOCH: 90/200, Epoch Time: 00:00:03, Epoch Loss: 16.0791
2023-08-11 13:18:35,387 - Training - INFO - [EVAL]EPOCH: 90/200, loss: 18.6883, accuracy: 0.3333
2023-08-11 13:18:37,944 - Training - INFO - [TRAIN]EPOCH: 91/200, batch: 0, loss: 15.5823, lr: 0.0100
2023-08-11 13:18:38,169 - Training - INFO - [EVAL]EPOCH: 91/200, batch: 0, loss: 18.3833, accuracy: 0.3333
2023-08-11 13:18:38,172 - Training - INFO - [TRAIN]EPOCH: 91/200, Epoch Time: 00:00:02, Epoch Loss: 15.5823
2023-08-11 13:18:38,421 - Training - INFO - [EVAL]EPOCH: 91/200, loss: 18.3833, accuracy: 0.3333
2023-08-11 13:18:42,383 - Training - INFO - [TRAIN]EPOCH: 92/200, batch: 0, loss: 15.3756, lr: 0.0100
2023-08-11 13:18:42,637 - Training - INFO - [EVAL]EPOCH: 92/200, batch: 0, loss: 18.2115, accuracy: 0.3333
2023-08-11 13:18:42,638 - Training - INFO - [TRAIN]EPOCH: 92/200, Epoch Time: 00:00:04, Epoch Loss: 15.3756
2023-08-11 13:18:42,899 - Training - INFO - [EVAL]EPOCH: 92/200, loss: 18.2115, accuracy: 0.3333
2023-08-11 13:18:47,040 - Training - INFO - [TRAIN]EPOCH: 93/200, batch: 0, loss: 14.8681, lr: 0.0100
2023-08-11 13:18:47,294 - Training - INFO - [EVAL]EPOCH: 93/200, batch: 0, loss: 22.8938, accuracy: 0.3333
2023-08-11 13:18:47,296 - Training - INFO - [TRAIN]EPOCH: 93/200, Epoch Time: 00:00:04, Epoch Loss: 14.8681
2023-08-11 13:18:47,537 - Training - INFO - [EVAL]EPOCH: 93/200, loss: 22.8938, accuracy: 0.3333
2023-08-11 13:18:51,757 - Training - INFO - [TRAIN]EPOCH: 94/200, batch: 0, loss: 19.0297, lr: 0.0100
2023-08-11 13:18:52,015 - Training - INFO - [EVAL]EPOCH: 94/200, batch: 0, loss: 18.7066, accuracy: 0.3333
2023-08-11 13:18:52,018 - Training - INFO - [TRAIN]EPOCH: 94/200, Epoch Time: 00:00:04, Epoch Loss: 19.0297
2023-08-11 13:18:52,272 - Training - INFO - [EVAL]EPOCH: 94/200, loss: 18.7066, accuracy: 0.3333
2023-08-11 13:18:54,157 - Training - INFO - [TRAIN]EPOCH: 95/200, batch: 0, loss: 15.6215, lr: 0.0100
2023-08-11 13:18:54,403 - Training - INFO - [EVAL]EPOCH: 95/200, batch: 0, loss: 15.2457, accuracy: 0.3333
2023-08-11 13:18:54,404 - Training - INFO - [TRAIN]EPOCH: 95/200, Epoch Time: 00:00:02, Epoch Loss: 15.6215
2023-08-11 13:18:54,662 - Training - INFO - [EVAL]EPOCH: 95/200, loss: 15.2457, accuracy: 0.3333
2023-08-11 13:18:58,039 - Training - INFO - [TRAIN]EPOCH: 96/200, batch: 0, loss: 12.6071, lr: 0.0100
2023-08-11 13:18:58,293 - Training - INFO - [EVAL]EPOCH: 96/200, batch: 0, loss: 19.0815, accuracy: 0.3333
2023-08-11 13:18:58,294 - Training - INFO - [TRAIN]EPOCH: 96/200, Epoch Time: 00:00:03, Epoch Loss: 12.6071
2023-08-11 13:18:58,548 - Training - INFO - [EVAL]EPOCH: 96/200, loss: 19.0815, accuracy: 0.3333
2023-08-11 13:19:03,801 - Training - INFO - [TRAIN]EPOCH: 97/200, batch: 0, loss: 15.8316, lr: 0.0100
2023-08-11 13:19:04,053 - Training - INFO - [EVAL]EPOCH: 97/200, batch: 0, loss: 19.4757, accuracy: 0.3333
2023-08-11 13:19:04,056 - Training - INFO - [TRAIN]EPOCH: 97/200, Epoch Time: 00:00:05, Epoch Loss: 15.8316
2023-08-11 13:19:04,314 - Training - INFO - [EVAL]EPOCH: 97/200, loss: 19.4757, accuracy: 0.3333
2023-08-11 13:19:08,827 - Training - INFO - [TRAIN]EPOCH: 98/200, batch: 0, loss: 15.9683, lr: 0.0100
2023-08-11 13:19:09,077 - Training - INFO - [EVAL]EPOCH: 98/200, batch: 0, loss: 13.3743, accuracy: 0.3333
2023-08-11 13:19:09,079 - Training - INFO - [TRAIN]EPOCH: 98/200, Epoch Time: 00:00:04, Epoch Loss: 15.9683
2023-08-11 13:19:09,332 - Training - INFO - [EVAL]EPOCH: 98/200, loss: 13.3743, accuracy: 0.3333
2023-08-11 13:19:10,838 - Training - INFO - [TRAIN]EPOCH: 99/200, batch: 0, loss: 11.3263, lr: 0.0030
2023-08-11 13:19:11,051 - Training - INFO - [EVAL]EPOCH: 99/200, batch: 0, loss: 19.6469, accuracy: 0.3333
2023-08-11 13:19:11,054 - Training - INFO - [TRAIN]EPOCH: 99/200, Epoch Time: 00:00:01, Epoch Loss: 11.3263
2023-08-11 13:19:11,272 - Training - INFO - [EVAL]EPOCH: 99/200, loss: 19.6469, accuracy: 0.3333
2023-08-11 13:19:12,728 - Training - INFO - [TRAIN]EPOCH: 100/200, batch: 0, loss: 16.3162, lr: 0.0030
2023-08-11 13:19:12,983 - Training - INFO - [EVAL]EPOCH: 100/200, batch: 0, loss: 15.9237, accuracy: 0.3333
2023-08-11 13:19:12,985 - Training - INFO - [TRAIN]EPOCH: 100/200, Epoch Time: 00:00:01, Epoch Loss: 16.3162
2023-08-11 13:19:13,200 - Training - INFO - [EVAL]EPOCH: 100/200, loss: 15.9237, accuracy: 0.3333
2023-08-11 13:19:15,599 - Training - INFO - [TRAIN]EPOCH: 101/200, batch: 0, loss: 13.1528, lr: 0.0030
2023-08-11 13:19:15,822 - Training - INFO - [EVAL]EPOCH: 101/200, batch: 0, loss: 6.7062, accuracy: 0.3333
2023-08-11 13:19:15,823 - Training - INFO - [TRAIN]EPOCH: 101/200, Epoch Time: 00:00:02, Epoch Loss: 13.1528
2023-08-11 13:19:16,076 - Training - INFO - [EVAL]EPOCH: 101/200, loss: 6.7062, accuracy: 0.3333
2023-08-11 13:19:19,737 - Training - INFO - [TRAIN]EPOCH: 102/200, batch: 0, loss: 5.3357, lr: 0.0030
2023-08-11 13:19:19,985 - Training - INFO - [EVAL]EPOCH: 102/200, batch: 0, loss: 13.3983, accuracy: 0.3333
2023-08-11 13:19:19,987 - Training - INFO - [TRAIN]EPOCH: 102/200, Epoch Time: 00:00:03, Epoch Loss: 5.3357
2023-08-11 13:19:20,236 - Training - INFO - [EVAL]EPOCH: 102/200, loss: 13.3983, accuracy: 0.3333
2023-08-11 13:19:25,080 - Training - INFO - [TRAIN]EPOCH: 103/200, batch: 0, loss: 11.2077, lr: 0.0030
2023-08-11 13:19:25,495 - Training - INFO - [EVAL]EPOCH: 103/200, batch: 0, loss: 16.6042, accuracy: 0.3333
2023-08-11 13:19:25,497 - Training - INFO - [TRAIN]EPOCH: 103/200, Epoch Time: 00:00:05, Epoch Loss: 11.2077
2023-08-11 13:19:25,735 - Training - INFO - [EVAL]EPOCH: 103/200, loss: 16.6042, accuracy: 0.3333
2023-08-11 13:19:28,640 - Training - INFO - [TRAIN]EPOCH: 104/200, batch: 0, loss: 13.9005, lr: 0.0030
2023-08-11 13:19:28,912 - Training - INFO - [EVAL]EPOCH: 104/200, batch: 0, loss: 11.2511, accuracy: 0.3333
2023-08-11 13:19:28,915 - Training - INFO - [TRAIN]EPOCH: 104/200, Epoch Time: 00:00:03, Epoch Loss: 13.9005
2023-08-11 13:19:29,189 - Training - INFO - [EVAL]EPOCH: 104/200, loss: 11.2511, accuracy: 0.3333
2023-08-11 13:19:34,402 - Training - INFO - [TRAIN]EPOCH: 105/200, batch: 0, loss: 9.4203, lr: 0.0030
2023-08-11 13:19:34,654 - Training - INFO - [EVAL]EPOCH: 105/200, batch: 0, loss: 8.0112, accuracy: 0.3333
2023-08-11 13:19:34,657 - Training - INFO - [TRAIN]EPOCH: 105/200, Epoch Time: 00:00:05, Epoch Loss: 9.4203
2023-08-11 13:19:34,913 - Training - INFO - [EVAL]EPOCH: 105/200, loss: 8.0112, accuracy: 0.3333
2023-08-11 13:19:39,876 - Training - INFO - [TRAIN]EPOCH: 106/200, batch: 0, loss: 6.4690, lr: 0.0030
2023-08-11 13:19:40,140 - Training - INFO - [EVAL]EPOCH: 106/200, batch: 0, loss: 11.9793, accuracy: 0.3333
2023-08-11 13:19:40,143 - Training - INFO - [TRAIN]EPOCH: 106/200, Epoch Time: 00:00:05, Epoch Loss: 6.4690
2023-08-11 13:19:40,396 - Training - INFO - [EVAL]EPOCH: 106/200, loss: 11.9793, accuracy: 0.3333
2023-08-11 13:19:45,192 - Training - INFO - [TRAIN]EPOCH: 107/200, batch: 0, loss: 9.8455, lr: 0.0030
2023-08-11 13:19:45,442 - Training - INFO - [EVAL]EPOCH: 107/200, batch: 0, loss: 12.2086, accuracy: 0.3333
2023-08-11 13:19:45,444 - Training - INFO - [TRAIN]EPOCH: 107/200, Epoch Time: 00:00:05, Epoch Loss: 9.8455
2023-08-11 13:19:45,695 - Training - INFO - [EVAL]EPOCH: 107/200, loss: 12.2086, accuracy: 0.3333
2023-08-11 13:19:48,776 - Training - INFO - [TRAIN]EPOCH: 108/200, batch: 0, loss: 10.1054, lr: 0.0030
2023-08-11 13:19:49,030 - Training - INFO - [EVAL]EPOCH: 108/200, batch: 0, loss: 6.1210, accuracy: 0.3333
2023-08-11 13:19:49,031 - Training - INFO - [TRAIN]EPOCH: 108/200, Epoch Time: 00:00:03, Epoch Loss: 10.1054
2023-08-11 13:19:49,279 - Training - INFO - [EVAL]EPOCH: 108/200, loss: 6.1210, accuracy: 0.3333
2023-08-11 13:19:54,367 - Training - INFO - [TRAIN]EPOCH: 109/200, batch: 0, loss: 5.1261, lr: 0.0030
2023-08-11 13:19:54,615 - Training - INFO - [EVAL]EPOCH: 109/200, batch: 0, loss: 10.2079, accuracy: 0.3333
2023-08-11 13:19:54,616 - Training - INFO - [TRAIN]EPOCH: 109/200, Epoch Time: 00:00:05, Epoch Loss: 5.1261
2023-08-11 13:19:54,869 - Training - INFO - [EVAL]EPOCH: 109/200, loss: 10.2079, accuracy: 0.3333
2023-08-11 13:19:59,309 - Training - INFO - [TRAIN]EPOCH: 110/200, batch: 0, loss: 8.5035, lr: 0.0030
2023-08-11 13:19:59,572 - Training - INFO - [EVAL]EPOCH: 110/200, batch: 0, loss: 12.0240, accuracy: 0.3333
2023-08-11 13:19:59,574 - Training - INFO - [TRAIN]EPOCH: 110/200, Epoch Time: 00:00:04, Epoch Loss: 8.5035
2023-08-11 13:19:59,819 - Training - INFO - [EVAL]EPOCH: 110/200, loss: 12.0240, accuracy: 0.3333
2023-08-11 13:20:03,634 - Training - INFO - [TRAIN]EPOCH: 111/200, batch: 0, loss: 9.9758, lr: 0.0030
2023-08-11 13:20:03,862 - Training - INFO - [EVAL]EPOCH: 111/200, batch: 0, loss: 6.6686, accuracy: 0.3333
2023-08-11 13:20:03,864 - Training - INFO - [TRAIN]EPOCH: 111/200, Epoch Time: 00:00:04, Epoch Loss: 9.9758
2023-08-11 13:20:04,123 - Training - INFO - [EVAL]EPOCH: 111/200, loss: 6.6686, accuracy: 0.3333
2023-08-11 13:20:07,998 - Training - INFO - [TRAIN]EPOCH: 112/200, batch: 0, loss: 5.4622, lr: 0.0030
2023-08-11 13:20:08,260 - Training - INFO - [EVAL]EPOCH: 112/200, batch: 0, loss: 9.3863, accuracy: 0.3333
2023-08-11 13:20:08,262 - Training - INFO - [TRAIN]EPOCH: 112/200, Epoch Time: 00:00:04, Epoch Loss: 5.4622
2023-08-11 13:20:08,520 - Training - INFO - [EVAL]EPOCH: 112/200, loss: 9.3863, accuracy: 0.3333
2023-08-11 13:20:12,724 - Training - INFO - [TRAIN]EPOCH: 113/200, batch: 0, loss: 7.6539, lr: 0.0030
2023-08-11 13:20:12,993 - Training - INFO - [EVAL]EPOCH: 113/200, batch: 0, loss: 10.7247, accuracy: 0.3333
2023-08-11 13:20:12,995 - Training - INFO - [TRAIN]EPOCH: 113/200, Epoch Time: 00:00:04, Epoch Loss: 7.6539
2023-08-11 13:20:13,249 - Training - INFO - [EVAL]EPOCH: 113/200, loss: 10.7247, accuracy: 0.3333
2023-08-11 13:20:18,160 - Training - INFO - [TRAIN]EPOCH: 114/200, batch: 0, loss: 8.8665, lr: 0.0030
2023-08-11 13:20:18,416 - Training - INFO - [EVAL]EPOCH: 114/200, batch: 0, loss: 7.6191, accuracy: 0.3333
2023-08-11 13:20:18,418 - Training - INFO - [TRAIN]EPOCH: 114/200, Epoch Time: 00:00:05, Epoch Loss: 8.8665
2023-08-11 13:20:18,676 - Training - INFO - [EVAL]EPOCH: 114/200, loss: 7.6191, accuracy: 0.3333
2023-08-11 13:20:20,673 - Training - INFO - [TRAIN]EPOCH: 115/200, batch: 0, loss: 6.4463, lr: 0.0030
2023-08-11 13:20:20,920 - Training - INFO - [EVAL]EPOCH: 115/200, batch: 0, loss: 6.6909, accuracy: 0.3333
2023-08-11 13:20:20,922 - Training - INFO - [TRAIN]EPOCH: 115/200, Epoch Time: 00:00:02, Epoch Loss: 6.4463
2023-08-11 13:20:21,152 - Training - INFO - [EVAL]EPOCH: 115/200, loss: 6.6909, accuracy: 0.3333
2023-08-11 13:20:22,996 - Training - INFO - [TRAIN]EPOCH: 116/200, batch: 0, loss: 5.6080, lr: 0.0030
2023-08-11 13:20:23,216 - Training - INFO - [EVAL]EPOCH: 116/200, batch: 0, loss: 8.4513, accuracy: 0.3333
2023-08-11 13:20:23,217 - Training - INFO - [TRAIN]EPOCH: 116/200, Epoch Time: 00:00:02, Epoch Loss: 5.6080
2023-08-11 13:20:23,426 - Training - INFO - [EVAL]EPOCH: 116/200, loss: 8.4513, accuracy: 0.3333
2023-08-11 13:20:25,237 - Training - INFO - [TRAIN]EPOCH: 117/200, batch: 0, loss: 6.9185, lr: 0.0030
2023-08-11 13:20:25,476 - Training - INFO - [EVAL]EPOCH: 117/200, batch: 0, loss: 6.9903, accuracy: 0.3333
2023-08-11 13:20:25,479 - Training - INFO - [TRAIN]EPOCH: 117/200, Epoch Time: 00:00:02, Epoch Loss: 6.9185
2023-08-11 13:20:25,703 - Training - INFO - [EVAL]EPOCH: 117/200, loss: 6.9903, accuracy: 0.3333
2023-08-11 13:20:30,328 - Training - INFO - [TRAIN]EPOCH: 118/200, batch: 0, loss: 5.6825, lr: 0.0030
2023-08-11 13:20:30,602 - Training - INFO - [EVAL]EPOCH: 118/200, batch: 0, loss: 5.9379, accuracy: 0.3333
2023-08-11 13:20:30,604 - Training - INFO - [TRAIN]EPOCH: 118/200, Epoch Time: 00:00:04, Epoch Loss: 5.6825
2023-08-11 13:20:30,875 - Training - INFO - [EVAL]EPOCH: 118/200, loss: 5.9379, accuracy: 0.3333
2023-08-11 13:20:34,896 - Training - INFO - [TRAIN]EPOCH: 119/200, batch: 0, loss: 4.8890, lr: 0.0030
2023-08-11 13:20:35,151 - Training - INFO - [EVAL]EPOCH: 119/200, batch: 0, loss: 6.6166, accuracy: 0.3333
2023-08-11 13:20:35,153 - Training - INFO - [TRAIN]EPOCH: 119/200, Epoch Time: 00:00:04, Epoch Loss: 4.8890
2023-08-11 13:20:35,406 - Training - INFO - [EVAL]EPOCH: 119/200, loss: 6.6166, accuracy: 0.3333
2023-08-11 13:20:38,634 - Training - INFO - [TRAIN]EPOCH: 120/200, batch: 0, loss: 5.5170, lr: 0.0030
2023-08-11 13:20:38,896 - Training - INFO - [EVAL]EPOCH: 120/200, batch: 0, loss: 5.0793, accuracy: 0.3333
2023-08-11 13:20:38,898 - Training - INFO - [TRAIN]EPOCH: 120/200, Epoch Time: 00:00:03, Epoch Loss: 5.5170
2023-08-11 13:20:39,157 - Training - INFO - [EVAL]EPOCH: 120/200, loss: 5.0793, accuracy: 0.3333
2023-08-11 13:20:42,025 - Training - INFO - [TRAIN]EPOCH: 121/200, batch: 0, loss: 4.3512, lr: 0.0030
2023-08-11 13:20:42,281 - Training - INFO - [EVAL]EPOCH: 121/200, batch: 0, loss: 5.5255, accuracy: 0.3333
2023-08-11 13:20:42,284 - Training - INFO - [TRAIN]EPOCH: 121/200, Epoch Time: 00:00:03, Epoch Loss: 4.3512
2023-08-11 13:20:42,537 - Training - INFO - [EVAL]EPOCH: 121/200, loss: 5.5255, accuracy: 0.3333
2023-08-11 13:20:47,185 - Training - INFO - [TRAIN]EPOCH: 122/200, batch: 0, loss: 4.5554, lr: 0.0030
2023-08-11 13:20:47,463 - Training - INFO - [EVAL]EPOCH: 122/200, batch: 0, loss: 5.4565, accuracy: 0.3333
2023-08-11 13:20:47,466 - Training - INFO - [TRAIN]EPOCH: 122/200, Epoch Time: 00:00:04, Epoch Loss: 4.5554
2023-08-11 13:20:47,731 - Training - INFO - [EVAL]EPOCH: 122/200, loss: 5.4565, accuracy: 0.3333
2023-08-11 13:20:52,470 - Training - INFO - [TRAIN]EPOCH: 123/200, batch: 0, loss: 4.3640, lr: 0.0030
2023-08-11 13:20:52,741 - Training - INFO - [EVAL]EPOCH: 123/200, batch: 0, loss: 4.4857, accuracy: 0.3333
2023-08-11 13:20:52,743 - Training - INFO - [TRAIN]EPOCH: 123/200, Epoch Time: 00:00:05, Epoch Loss: 4.3640
2023-08-11 13:20:53,025 - Training - INFO - [EVAL]EPOCH: 123/200, loss: 4.4857, accuracy: 0.3333
2023-08-11 13:20:55,836 - Training - INFO - [TRAIN]EPOCH: 124/200, batch: 0, loss: 3.6719, lr: 0.0030
2023-08-11 13:20:56,096 - Training - INFO - [EVAL]EPOCH: 124/200, batch: 0, loss: 5.0047, accuracy: 0.3333
2023-08-11 13:20:56,098 - Training - INFO - [TRAIN]EPOCH: 124/200, Epoch Time: 00:00:03, Epoch Loss: 3.6719
2023-08-11 13:20:56,354 - Training - INFO - [EVAL]EPOCH: 124/200, loss: 5.0047, accuracy: 0.3333
2023-08-11 13:20:59,346 - Training - INFO - [TRAIN]EPOCH: 125/200, batch: 0, loss: 4.2466, lr: 0.0030
2023-08-11 13:20:59,576 - Training - INFO - [EVAL]EPOCH: 125/200, batch: 0, loss: 5.3804, accuracy: 0.3333
2023-08-11 13:20:59,578 - Training - INFO - [TRAIN]EPOCH: 125/200, Epoch Time: 00:00:03, Epoch Loss: 4.2466
2023-08-11 13:20:59,828 - Training - INFO - [EVAL]EPOCH: 125/200, loss: 5.3804, accuracy: 0.3333
2023-08-11 13:21:04,749 - Training - INFO - [TRAIN]EPOCH: 126/200, batch: 0, loss: 4.6088, lr: 0.0030
2023-08-11 13:21:05,008 - Training - INFO - [EVAL]EPOCH: 126/200, batch: 0, loss: 4.9565, accuracy: 0.3333
2023-08-11 13:21:05,010 - Training - INFO - [TRAIN]EPOCH: 126/200, Epoch Time: 00:00:05, Epoch Loss: 4.6088
2023-08-11 13:21:05,264 - Training - INFO - [EVAL]EPOCH: 126/200, loss: 4.9565, accuracy: 0.3333
2023-08-11 13:21:09,859 - Training - INFO - [TRAIN]EPOCH: 127/200, batch: 0, loss: 3.9147, lr: 0.0030
2023-08-11 13:21:10,124 - Training - INFO - [EVAL]EPOCH: 127/200, batch: 0, loss: 5.3862, accuracy: 0.3333
2023-08-11 13:21:10,126 - Training - INFO - [TRAIN]EPOCH: 127/200, Epoch Time: 00:00:04, Epoch Loss: 3.9147
2023-08-11 13:21:10,344 - Training - INFO - [EVAL]EPOCH: 127/200, loss: 5.3862, accuracy: 0.3333
2023-08-11 13:21:13,667 - Training - INFO - [TRAIN]EPOCH: 128/200, batch: 0, loss: 4.5094, lr: 0.0030
2023-08-11 13:21:13,924 - Training - INFO - [EVAL]EPOCH: 128/200, batch: 0, loss: 3.7134, accuracy: 0.3333
2023-08-11 13:21:13,927 - Training - INFO - [TRAIN]EPOCH: 128/200, Epoch Time: 00:00:03, Epoch Loss: 4.5094
2023-08-11 13:21:14,159 - Training - INFO - [EVAL]EPOCH: 128/200, loss: 3.7134, accuracy: 0.3333
2023-08-11 13:21:17,342 - Training - INFO - [TRAIN]EPOCH: 129/200, batch: 0, loss: 3.0397, lr: 0.0030
2023-08-11 13:21:17,605 - Training - INFO - [EVAL]EPOCH: 129/200, batch: 0, loss: 7.3301, accuracy: 0.3333
2023-08-11 13:21:17,607 - Training - INFO - [TRAIN]EPOCH: 129/200, Epoch Time: 00:00:03, Epoch Loss: 3.0397
2023-08-11 13:21:18,072 - Training - INFO - [EVAL]EPOCH: 129/200, loss: 7.3301, accuracy: 0.3333
2023-08-11 13:21:22,227 - Training - INFO - [TRAIN]EPOCH: 130/200, batch: 0, loss: 6.1444, lr: 0.0030
2023-08-11 13:21:22,490 - Training - INFO - [EVAL]EPOCH: 130/200, batch: 0, loss: 5.5350, accuracy: 0.3333
2023-08-11 13:21:22,492 - Training - INFO - [TRAIN]EPOCH: 130/200, Epoch Time: 00:00:04, Epoch Loss: 6.1444
2023-08-11 13:21:22,759 - Training - INFO - [EVAL]EPOCH: 130/200, loss: 5.5350, accuracy: 0.3333
2023-08-11 13:21:26,660 - Training - INFO - [TRAIN]EPOCH: 131/200, batch: 0, loss: 4.5463, lr: 0.0030
2023-08-11 13:21:26,880 - Training - INFO - [EVAL]EPOCH: 131/200, batch: 0, loss: 5.1743, accuracy: 0.3333
2023-08-11 13:21:26,881 - Training - INFO - [TRAIN]EPOCH: 131/200, Epoch Time: 00:00:04, Epoch Loss: 4.5463
2023-08-11 13:21:27,126 - Training - INFO - [EVAL]EPOCH: 131/200, loss: 5.1743, accuracy: 0.3333
2023-08-11 13:21:29,454 - Training - INFO - [TRAIN]EPOCH: 132/200, batch: 0, loss: 4.2970, lr: 0.0030
2023-08-11 13:21:29,703 - Training - INFO - [EVAL]EPOCH: 132/200, batch: 0, loss: 6.9902, accuracy: 0.3333
2023-08-11 13:21:29,704 - Training - INFO - [TRAIN]EPOCH: 132/200, Epoch Time: 00:00:02, Epoch Loss: 4.2970
2023-08-11 13:21:29,960 - Training - INFO - [EVAL]EPOCH: 132/200, loss: 6.9902, accuracy: 0.3333
2023-08-11 13:21:31,666 - Training - INFO - [TRAIN]EPOCH: 133/200, batch: 0, loss: 5.8473, lr: 0.0030
2023-08-11 13:21:31,891 - Training - INFO - [EVAL]EPOCH: 133/200, batch: 0, loss: 4.8740, accuracy: 0.3333
2023-08-11 13:21:31,894 - Training - INFO - [TRAIN]EPOCH: 133/200, Epoch Time: 00:00:01, Epoch Loss: 5.8473
2023-08-11 13:21:32,141 - Training - INFO - [EVAL]EPOCH: 133/200, loss: 4.8740, accuracy: 0.3333
2023-08-11 13:21:33,715 - Training - INFO - [TRAIN]EPOCH: 134/200, batch: 0, loss: 3.9163, lr: 0.0030
2023-08-11 13:21:33,955 - Training - INFO - [EVAL]EPOCH: 134/200, batch: 0, loss: 6.2691, accuracy: 0.3333
2023-08-11 13:21:33,956 - Training - INFO - [TRAIN]EPOCH: 134/200, Epoch Time: 00:00:01, Epoch Loss: 3.9163
2023-08-11 13:21:34,209 - Training - INFO - [EVAL]EPOCH: 134/200, loss: 6.2691, accuracy: 0.3333
2023-08-11 13:21:38,289 - Training - INFO - [TRAIN]EPOCH: 135/200, batch: 0, loss: 5.2522, lr: 0.0030
2023-08-11 13:21:38,544 - Training - INFO - [EVAL]EPOCH: 135/200, batch: 0, loss: 6.0724, accuracy: 0.3333
2023-08-11 13:21:38,546 - Training - INFO - [TRAIN]EPOCH: 135/200, Epoch Time: 00:00:04, Epoch Loss: 5.2522
2023-08-11 13:21:38,792 - Training - INFO - [EVAL]EPOCH: 135/200, loss: 6.0724, accuracy: 0.3333
2023-08-11 13:21:41,889 - Training - INFO - [TRAIN]EPOCH: 136/200, batch: 0, loss: 5.1614, lr: 0.0030
2023-08-11 13:21:42,149 - Training - INFO - [EVAL]EPOCH: 136/200, batch: 0, loss: 4.0704, accuracy: 0.3333
2023-08-11 13:21:42,150 - Training - INFO - [TRAIN]EPOCH: 136/200, Epoch Time: 00:00:03, Epoch Loss: 5.1614
2023-08-11 13:21:42,394 - Training - INFO - [EVAL]EPOCH: 136/200, loss: 4.0704, accuracy: 0.3333
2023-08-11 13:21:46,640 - Training - INFO - [TRAIN]EPOCH: 137/200, batch: 0, loss: 3.2879, lr: 0.0030
2023-08-11 13:21:46,898 - Training - INFO - [EVAL]EPOCH: 137/200, batch: 0, loss: 7.5848, accuracy: 0.3333
2023-08-11 13:21:46,899 - Training - INFO - [TRAIN]EPOCH: 137/200, Epoch Time: 00:00:04, Epoch Loss: 3.2879
2023-08-11 13:21:47,145 - Training - INFO - [EVAL]EPOCH: 137/200, loss: 7.5848, accuracy: 0.3333
2023-08-11 13:21:49,821 - Training - INFO - [TRAIN]EPOCH: 138/200, batch: 0, loss: 6.3036, lr: 0.0030
2023-08-11 13:21:50,080 - Training - INFO - [EVAL]EPOCH: 138/200, batch: 0, loss: 5.3622, accuracy: 0.3333
2023-08-11 13:21:50,082 - Training - INFO - [TRAIN]EPOCH: 138/200, Epoch Time: 00:00:02, Epoch Loss: 6.3036
2023-08-11 13:21:50,340 - Training - INFO - [EVAL]EPOCH: 138/200, loss: 5.3622, accuracy: 0.3333
2023-08-11 13:21:54,466 - Training - INFO - [TRAIN]EPOCH: 139/200, batch: 0, loss: 4.4826, lr: 0.0030
2023-08-11 13:21:54,720 - Training - INFO - [EVAL]EPOCH: 139/200, batch: 0, loss: 6.1058, accuracy: 0.3333
2023-08-11 13:21:54,722 - Training - INFO - [TRAIN]EPOCH: 139/200, Epoch Time: 00:00:04, Epoch Loss: 4.4826
2023-08-11 13:21:54,980 - Training - INFO - [EVAL]EPOCH: 139/200, loss: 6.1058, accuracy: 0.3333
2023-08-11 13:21:58,119 - Training - INFO - [TRAIN]EPOCH: 140/200, batch: 0, loss: 5.0306, lr: 0.0030
2023-08-11 13:21:58,521 - Training - INFO - [EVAL]EPOCH: 140/200, batch: 0, loss: 6.9886, accuracy: 0.3333
2023-08-11 13:21:58,523 - Training - INFO - [TRAIN]EPOCH: 140/200, Epoch Time: 00:00:03, Epoch Loss: 5.0306
2023-08-11 13:21:58,782 - Training - INFO - [EVAL]EPOCH: 140/200, loss: 6.9886, accuracy: 0.3333
2023-08-11 13:22:02,446 - Training - INFO - [TRAIN]EPOCH: 141/200, batch: 0, loss: 5.8106, lr: 0.0030
2023-08-11 13:22:02,697 - Training - INFO - [EVAL]EPOCH: 141/200, batch: 0, loss: 3.9625, accuracy: 0.3333
2023-08-11 13:22:02,699 - Training - INFO - [TRAIN]EPOCH: 141/200, Epoch Time: 00:00:03, Epoch Loss: 5.8106
2023-08-11 13:22:02,963 - Training - INFO - [EVAL]EPOCH: 141/200, loss: 3.9625, accuracy: 0.3333
2023-08-11 13:22:06,333 - Training - INFO - [TRAIN]EPOCH: 142/200, batch: 0, loss: 3.3575, lr: 0.0030
2023-08-11 13:22:06,561 - Training - INFO - [EVAL]EPOCH: 142/200, batch: 0, loss: 8.2167, accuracy: 0.3333
2023-08-11 13:22:06,564 - Training - INFO - [TRAIN]EPOCH: 142/200, Epoch Time: 00:00:03, Epoch Loss: 3.3575
2023-08-11 13:22:06,817 - Training - INFO - [EVAL]EPOCH: 142/200, loss: 8.2167, accuracy: 0.3333
2023-08-11 13:22:09,548 - Training - INFO - [TRAIN]EPOCH: 143/200, batch: 0, loss: 6.7829, lr: 0.0030
2023-08-11 13:22:09,774 - Training - INFO - [EVAL]EPOCH: 143/200, batch: 0, loss: 6.4313, accuracy: 0.3333
2023-08-11 13:22:09,775 - Training - INFO - [TRAIN]EPOCH: 143/200, Epoch Time: 00:00:02, Epoch Loss: 6.7829
2023-08-11 13:22:10,023 - Training - INFO - [EVAL]EPOCH: 143/200, loss: 6.4313, accuracy: 0.3333
2023-08-11 13:22:14,387 - Training - INFO - [TRAIN]EPOCH: 144/200, batch: 0, loss: 5.3513, lr: 0.0030
2023-08-11 13:22:14,651 - Training - INFO - [EVAL]EPOCH: 144/200, batch: 0, loss: 6.5859, accuracy: 0.3333
2023-08-11 13:22:14,652 - Training - INFO - [TRAIN]EPOCH: 144/200, Epoch Time: 00:00:04, Epoch Loss: 5.3513
2023-08-11 13:22:15,106 - Training - INFO - [EVAL]EPOCH: 144/200, loss: 6.5859, accuracy: 0.3333
2023-08-11 13:22:20,602 - Training - INFO - [TRAIN]EPOCH: 145/200, batch: 0, loss: 5.5117, lr: 0.0030
2023-08-11 13:22:20,860 - Training - INFO - [EVAL]EPOCH: 145/200, batch: 0, loss: 6.2834, accuracy: 0.3333
2023-08-11 13:22:20,862 - Training - INFO - [TRAIN]EPOCH: 145/200, Epoch Time: 00:00:05, Epoch Loss: 5.5117
2023-08-11 13:22:21,126 - Training - INFO - [EVAL]EPOCH: 145/200, loss: 6.2834, accuracy: 0.3333
2023-08-11 13:22:24,953 - Training - INFO - [TRAIN]EPOCH: 146/200, batch: 0, loss: 5.2349, lr: 0.0030
2023-08-11 13:22:25,221 - Training - INFO - [EVAL]EPOCH: 146/200, batch: 0, loss: 6.0911, accuracy: 0.3333
2023-08-11 13:22:25,223 - Training - INFO - [TRAIN]EPOCH: 146/200, Epoch Time: 00:00:04, Epoch Loss: 5.2349
2023-08-11 13:22:25,476 - Training - INFO - [EVAL]EPOCH: 146/200, loss: 6.0911, accuracy: 0.3333
2023-08-11 13:22:28,794 - Training - INFO - [TRAIN]EPOCH: 147/200, batch: 0, loss: 5.0435, lr: 0.0030
2023-08-11 13:22:29,067 - Training - INFO - [EVAL]EPOCH: 147/200, batch: 0, loss: 5.2651, accuracy: 0.3333
2023-08-11 13:22:29,070 - Training - INFO - [TRAIN]EPOCH: 147/200, Epoch Time: 00:00:03, Epoch Loss: 5.0435
2023-08-11 13:22:29,353 - Training - INFO - [EVAL]EPOCH: 147/200, loss: 5.2651, accuracy: 0.3333
2023-08-11 13:22:34,025 - Training - INFO - [TRAIN]EPOCH: 148/200, batch: 0, loss: 4.3509, lr: 0.0030
2023-08-11 13:22:34,304 - Training - INFO - [EVAL]EPOCH: 148/200, batch: 0, loss: 6.3522, accuracy: 0.3333
2023-08-11 13:22:34,306 - Training - INFO - [TRAIN]EPOCH: 148/200, Epoch Time: 00:00:04, Epoch Loss: 4.3509
2023-08-11 13:22:34,585 - Training - INFO - [EVAL]EPOCH: 148/200, loss: 6.3522, accuracy: 0.3333
2023-08-11 13:22:37,069 - Training - INFO - [TRAIN]EPOCH: 149/200, batch: 0, loss: 5.3002, lr: 0.0030
2023-08-11 13:22:37,341 - Training - INFO - [EVAL]EPOCH: 149/200, batch: 0, loss: 3.9231, accuracy: 0.3333
2023-08-11 13:22:37,343 - Training - INFO - [TRAIN]EPOCH: 149/200, Epoch Time: 00:00:02, Epoch Loss: 5.3002
2023-08-11 13:22:37,618 - Training - INFO - [EVAL]EPOCH: 149/200, loss: 3.9231, accuracy: 0.3333
2023-08-11 13:22:41,335 - Training - INFO - [TRAIN]EPOCH: 150/200, batch: 0, loss: 3.3154, lr: 0.0030
2023-08-11 13:22:41,557 - Training - INFO - [EVAL]EPOCH: 150/200, batch: 0, loss: 7.4604, accuracy: 0.3333
2023-08-11 13:22:41,559 - Training - INFO - [TRAIN]EPOCH: 150/200, Epoch Time: 00:00:03, Epoch Loss: 3.3154
2023-08-11 13:22:41,806 - Training - INFO - [EVAL]EPOCH: 150/200, loss: 7.4604, accuracy: 0.3333
2023-08-11 13:22:43,624 - Training - INFO - [TRAIN]EPOCH: 151/200, batch: 0, loss: 6.1490, lr: 0.0030
2023-08-11 13:22:43,884 - Training - INFO - [EVAL]EPOCH: 151/200, batch: 0, loss: 5.8920, accuracy: 0.3333
2023-08-11 13:22:43,886 - Training - INFO - [TRAIN]EPOCH: 151/200, Epoch Time: 00:00:02, Epoch Loss: 6.1490
2023-08-11 13:22:44,127 - Training - INFO - [EVAL]EPOCH: 151/200, loss: 5.8920, accuracy: 0.3333
2023-08-11 13:22:48,301 - Training - INFO - [TRAIN]EPOCH: 152/200, batch: 0, loss: 4.8606, lr: 0.0030
2023-08-11 13:22:48,558 - Training - INFO - [EVAL]EPOCH: 152/200, batch: 0, loss: 6.5501, accuracy: 0.3333
2023-08-11 13:22:48,561 - Training - INFO - [TRAIN]EPOCH: 152/200, Epoch Time: 00:00:04, Epoch Loss: 4.8606
2023-08-11 13:22:48,823 - Training - INFO - [EVAL]EPOCH: 152/200, loss: 6.5501, accuracy: 0.3333
2023-08-11 13:22:51,701 - Training - INFO - [TRAIN]EPOCH: 153/200, batch: 0, loss: 5.5017, lr: 0.0030
2023-08-11 13:22:51,959 - Training - INFO - [EVAL]EPOCH: 153/200, batch: 0, loss: 5.6731, accuracy: 0.3333
2023-08-11 13:22:51,962 - Training - INFO - [TRAIN]EPOCH: 153/200, Epoch Time: 00:00:03, Epoch Loss: 5.5017
2023-08-11 13:22:52,219 - Training - INFO - [EVAL]EPOCH: 153/200, loss: 5.6731, accuracy: 0.3333
2023-08-11 13:22:54,946 - Training - INFO - [TRAIN]EPOCH: 154/200, batch: 0, loss: 4.7564, lr: 0.0030
2023-08-11 13:22:55,205 - Training - INFO - [EVAL]EPOCH: 154/200, batch: 0, loss: 7.1529, accuracy: 0.3333
2023-08-11 13:22:55,207 - Training - INFO - [TRAIN]EPOCH: 154/200, Epoch Time: 00:00:02, Epoch Loss: 4.7564
2023-08-11 13:22:55,472 - Training - INFO - [EVAL]EPOCH: 154/200, loss: 7.1529, accuracy: 0.3333
2023-08-11 13:23:00,720 - Training - INFO - [TRAIN]EPOCH: 155/200, batch: 0, loss: 5.8977, lr: 0.0030
2023-08-11 13:23:00,982 - Training - INFO - [EVAL]EPOCH: 155/200, batch: 0, loss: 4.9669, accuracy: 0.3333
2023-08-11 13:23:00,984 - Training - INFO - [TRAIN]EPOCH: 155/200, Epoch Time: 00:00:05, Epoch Loss: 5.8977
2023-08-11 13:23:01,236 - Training - INFO - [EVAL]EPOCH: 155/200, loss: 4.9669, accuracy: 0.3333
2023-08-11 13:23:05,639 - Training - INFO - [TRAIN]EPOCH: 156/200, batch: 0, loss: 4.0771, lr: 0.0030
2023-08-11 13:23:05,869 - Training - INFO - [EVAL]EPOCH: 156/200, batch: 0, loss: 8.9806, accuracy: 0.3333
2023-08-11 13:23:05,871 - Training - INFO - [TRAIN]EPOCH: 156/200, Epoch Time: 00:00:04, Epoch Loss: 4.0771
2023-08-11 13:23:06,130 - Training - INFO - [EVAL]EPOCH: 156/200, loss: 8.9806, accuracy: 0.3333
2023-08-11 13:23:10,591 - Training - INFO - [TRAIN]EPOCH: 157/200, batch: 0, loss: 7.5056, lr: 0.0030
2023-08-11 13:23:10,854 - Training - INFO - [EVAL]EPOCH: 157/200, batch: 0, loss: 8.1134, accuracy: 0.3333
2023-08-11 13:23:10,856 - Training - INFO - [TRAIN]EPOCH: 157/200, Epoch Time: 00:00:04, Epoch Loss: 7.5056
2023-08-11 13:23:11,119 - Training - INFO - [EVAL]EPOCH: 157/200, loss: 8.1134, accuracy: 0.3333
2023-08-11 13:23:15,944 - Training - INFO - [TRAIN]EPOCH: 158/200, batch: 0, loss: 6.7995, lr: 0.0030
2023-08-11 13:23:16,191 - Training - INFO - [EVAL]EPOCH: 158/200, batch: 0, loss: 5.4371, accuracy: 0.3333
2023-08-11 13:23:16,193 - Training - INFO - [TRAIN]EPOCH: 158/200, Epoch Time: 00:00:05, Epoch Loss: 6.7995
2023-08-11 13:23:16,460 - Training - INFO - [EVAL]EPOCH: 158/200, loss: 5.4371, accuracy: 0.3333
2023-08-11 13:23:20,191 - Training - INFO - [TRAIN]EPOCH: 159/200, batch: 0, loss: 4.4974, lr: 0.0030
2023-08-11 13:23:20,425 - Training - INFO - [EVAL]EPOCH: 159/200, batch: 0, loss: 6.8365, accuracy: 0.3333
2023-08-11 13:23:20,427 - Training - INFO - [TRAIN]EPOCH: 159/200, Epoch Time: 00:00:03, Epoch Loss: 4.4974
2023-08-11 13:23:20,690 - Training - INFO - [EVAL]EPOCH: 159/200, loss: 6.8365, accuracy: 0.3333
2023-08-11 13:23:25,920 - Training - INFO - [TRAIN]EPOCH: 160/200, batch: 0, loss: 5.6257, lr: 0.0030
2023-08-11 13:23:26,178 - Training - INFO - [EVAL]EPOCH: 160/200, batch: 0, loss: 3.7311, accuracy: 0.3333
2023-08-11 13:23:26,180 - Training - INFO - [TRAIN]EPOCH: 160/200, Epoch Time: 00:00:05, Epoch Loss: 5.6257
2023-08-11 13:23:26,430 - Training - INFO - [EVAL]EPOCH: 160/200, loss: 3.7311, accuracy: 0.3333
2023-08-11 13:23:30,632 - Training - INFO - [TRAIN]EPOCH: 161/200, batch: 0, loss: 3.1141, lr: 0.0030
2023-08-11 13:23:30,881 - Training - INFO - [EVAL]EPOCH: 161/200, batch: 0, loss: 7.3562, accuracy: 0.3333
2023-08-11 13:23:30,883 - Training - INFO - [TRAIN]EPOCH: 161/200, Epoch Time: 00:00:04, Epoch Loss: 3.1141
2023-08-11 13:23:31,155 - Training - INFO - [EVAL]EPOCH: 161/200, loss: 7.3562, accuracy: 0.3333
2023-08-11 13:23:34,641 - Training - INFO - [TRAIN]EPOCH: 162/200, batch: 0, loss: 6.1663, lr: 0.0030
2023-08-11 13:23:34,904 - Training - INFO - [EVAL]EPOCH: 162/200, batch: 0, loss: 4.2016, accuracy: 0.3333
2023-08-11 13:23:34,905 - Training - INFO - [TRAIN]EPOCH: 162/200, Epoch Time: 00:00:03, Epoch Loss: 6.1663
2023-08-11 13:23:35,166 - Training - INFO - [EVAL]EPOCH: 162/200, loss: 4.2016, accuracy: 0.3333
2023-08-11 13:23:37,835 - Training - INFO - [TRAIN]EPOCH: 163/200, batch: 0, loss: 3.5582, lr: 0.0030
2023-08-11 13:23:38,088 - Training - INFO - [EVAL]EPOCH: 163/200, batch: 0, loss: 8.7291, accuracy: 0.3333
2023-08-11 13:23:38,089 - Training - INFO - [TRAIN]EPOCH: 163/200, Epoch Time: 00:00:02, Epoch Loss: 3.5582
2023-08-11 13:23:38,338 - Training - INFO - [EVAL]EPOCH: 163/200, loss: 8.7291, accuracy: 0.3333
2023-08-11 13:23:41,848 - Training - INFO - [TRAIN]EPOCH: 164/200, batch: 0, loss: 7.1846, lr: 0.0030
2023-08-11 13:23:42,108 - Training - INFO - [EVAL]EPOCH: 164/200, batch: 0, loss: 8.0074, accuracy: 0.3333
2023-08-11 13:23:42,109 - Training - INFO - [TRAIN]EPOCH: 164/200, Epoch Time: 00:00:03, Epoch Loss: 7.1846
2023-08-11 13:23:42,368 - Training - INFO - [EVAL]EPOCH: 164/200, loss: 8.0074, accuracy: 0.3333
2023-08-11 13:23:45,268 - Training - INFO - [TRAIN]EPOCH: 165/200, batch: 0, loss: 6.5959, lr: 0.0030
2023-08-11 13:23:45,517 - Training - INFO - [EVAL]EPOCH: 165/200, batch: 0, loss: 5.0016, accuracy: 0.3333
2023-08-11 13:23:45,518 - Training - INFO - [TRAIN]EPOCH: 165/200, Epoch Time: 00:00:03, Epoch Loss: 6.5959
2023-08-11 13:23:45,769 - Training - INFO - [EVAL]EPOCH: 165/200, loss: 5.0016, accuracy: 0.3333
2023-08-11 13:23:48,387 - Training - INFO - [TRAIN]EPOCH: 166/200, batch: 0, loss: 4.2110, lr: 0.0030
2023-08-11 13:23:48,623 - Training - INFO - [EVAL]EPOCH: 166/200, batch: 0, loss: 7.0006, accuracy: 0.3333
2023-08-11 13:23:48,625 - Training - INFO - [TRAIN]EPOCH: 166/200, Epoch Time: 00:00:02, Epoch Loss: 4.2110
2023-08-11 13:23:48,879 - Training - INFO - [EVAL]EPOCH: 166/200, loss: 7.0006, accuracy: 0.3333
2023-08-11 13:23:51,028 - Training - INFO - [TRAIN]EPOCH: 167/200, batch: 0, loss: 5.8289, lr: 0.0030
2023-08-11 13:23:51,285 - Training - INFO - [EVAL]EPOCH: 167/200, batch: 0, loss: 3.8018, accuracy: 0.3333
2023-08-11 13:23:51,286 - Training - INFO - [TRAIN]EPOCH: 167/200, Epoch Time: 00:00:02, Epoch Loss: 5.8289
2023-08-11 13:23:51,543 - Training - INFO - [EVAL]EPOCH: 167/200, loss: 3.8018, accuracy: 0.3333
2023-08-11 13:23:53,621 - Training - INFO - [TRAIN]EPOCH: 168/200, batch: 0, loss: 3.1556, lr: 0.0030
2023-08-11 13:23:53,880 - Training - INFO - [EVAL]EPOCH: 168/200, batch: 0, loss: 8.9978, accuracy: 0.3333
2023-08-11 13:23:53,881 - Training - INFO - [TRAIN]EPOCH: 168/200, Epoch Time: 00:00:02, Epoch Loss: 3.1556
2023-08-11 13:23:54,137 - Training - INFO - [EVAL]EPOCH: 168/200, loss: 8.9978, accuracy: 0.3333
2023-08-11 13:23:57,480 - Training - INFO - [TRAIN]EPOCH: 169/200, batch: 0, loss: 7.4807, lr: 0.0030
2023-08-11 13:23:57,744 - Training - INFO - [EVAL]EPOCH: 169/200, batch: 0, loss: 7.2624, accuracy: 0.3333
2023-08-11 13:23:57,745 - Training - INFO - [TRAIN]EPOCH: 169/200, Epoch Time: 00:00:03, Epoch Loss: 7.4807
2023-08-11 13:23:57,997 - Training - INFO - [EVAL]EPOCH: 169/200, loss: 7.2624, accuracy: 0.3333
2023-08-11 13:24:02,699 - Training - INFO - [TRAIN]EPOCH: 170/200, batch: 0, loss: 6.0266, lr: 0.0030
2023-08-11 13:24:02,959 - Training - INFO - [EVAL]EPOCH: 170/200, batch: 0, loss: 6.7958, accuracy: 0.3333
2023-08-11 13:24:02,960 - Training - INFO - [TRAIN]EPOCH: 170/200, Epoch Time: 00:00:04, Epoch Loss: 6.0266
2023-08-11 13:24:03,216 - Training - INFO - [EVAL]EPOCH: 170/200, loss: 6.7958, accuracy: 0.3333
2023-08-11 13:24:07,086 - Training - INFO - [TRAIN]EPOCH: 171/200, batch: 0, loss: 5.6358, lr: 0.0030
2023-08-11 13:24:07,331 - Training - INFO - [EVAL]EPOCH: 171/200, batch: 0, loss: 7.1181, accuracy: 0.3333
2023-08-11 13:24:07,333 - Training - INFO - [TRAIN]EPOCH: 171/200, Epoch Time: 00:00:04, Epoch Loss: 5.6358
2023-08-11 13:24:07,588 - Training - INFO - [EVAL]EPOCH: 171/200, loss: 7.1181, accuracy: 0.3333
2023-08-11 13:24:11,733 - Training - INFO - [TRAIN]EPOCH: 172/200, batch: 0, loss: 5.9408, lr: 0.0030
2023-08-11 13:24:12,004 - Training - INFO - [EVAL]EPOCH: 172/200, batch: 0, loss: 4.9326, accuracy: 0.3333
2023-08-11 13:24:12,005 - Training - INFO - [TRAIN]EPOCH: 172/200, Epoch Time: 00:00:04, Epoch Loss: 5.9408
2023-08-11 13:24:12,272 - Training - INFO - [EVAL]EPOCH: 172/200, loss: 4.9326, accuracy: 0.3333
2023-08-11 13:24:16,872 - Training - INFO - [TRAIN]EPOCH: 173/200, batch: 0, loss: 4.1503, lr: 0.0030
2023-08-11 13:24:17,106 - Training - INFO - [EVAL]EPOCH: 173/200, batch: 0, loss: 7.0398, accuracy: 0.3333
2023-08-11 13:24:17,107 - Training - INFO - [TRAIN]EPOCH: 173/200, Epoch Time: 00:00:04, Epoch Loss: 4.1503
2023-08-11 13:24:17,363 - Training - INFO - [EVAL]EPOCH: 173/200, loss: 7.0398, accuracy: 0.3333
2023-08-11 13:24:21,139 - Training - INFO - [TRAIN]EPOCH: 174/200, batch: 0, loss: 5.8280, lr: 0.0030
2023-08-11 13:24:21,398 - Training - INFO - [EVAL]EPOCH: 174/200, batch: 0, loss: 4.0248, accuracy: 0.3333
2023-08-11 13:24:21,399 - Training - INFO - [TRAIN]EPOCH: 174/200, Epoch Time: 00:00:04, Epoch Loss: 5.8280
2023-08-11 13:24:21,663 - Training - INFO - [EVAL]EPOCH: 174/200, loss: 4.0248, accuracy: 0.3333
2023-08-11 13:24:25,629 - Training - INFO - [TRAIN]EPOCH: 175/200, batch: 0, loss: 3.3130, lr: 0.0030
2023-08-11 13:24:25,908 - Training - INFO - [EVAL]EPOCH: 175/200, batch: 0, loss: 8.5030, accuracy: 0.3333
2023-08-11 13:24:25,910 - Training - INFO - [TRAIN]EPOCH: 175/200, Epoch Time: 00:00:04, Epoch Loss: 3.3130
2023-08-11 13:24:26,171 - Training - INFO - [EVAL]EPOCH: 175/200, loss: 8.5030, accuracy: 0.3333
2023-08-11 13:24:28,603 - Training - INFO - [TRAIN]EPOCH: 176/200, batch: 0, loss: 7.0900, lr: 0.0030
2023-08-11 13:24:28,852 - Training - INFO - [EVAL]EPOCH: 176/200, batch: 0, loss: 6.3544, accuracy: 0.3333
2023-08-11 13:24:28,853 - Training - INFO - [TRAIN]EPOCH: 176/200, Epoch Time: 00:00:02, Epoch Loss: 7.0900
2023-08-11 13:24:29,087 - Training - INFO - [EVAL]EPOCH: 176/200, loss: 6.3544, accuracy: 0.3333
2023-08-11 13:24:31,488 - Training - INFO - [TRAIN]EPOCH: 177/200, batch: 0, loss: 5.3430, lr: 0.0030
2023-08-11 13:24:31,745 - Training - INFO - [EVAL]EPOCH: 177/200, batch: 0, loss: 7.8482, accuracy: 0.3333
2023-08-11 13:24:31,748 - Training - INFO - [TRAIN]EPOCH: 177/200, Epoch Time: 00:00:02, Epoch Loss: 5.3430
2023-08-11 13:24:32,009 - Training - INFO - [EVAL]EPOCH: 177/200, loss: 7.8482, accuracy: 0.3333
2023-08-11 13:24:36,604 - Training - INFO - [TRAIN]EPOCH: 178/200, batch: 0, loss: 6.5111, lr: 0.0030
2023-08-11 13:24:36,868 - Training - INFO - [EVAL]EPOCH: 178/200, batch: 0, loss: 7.2585, accuracy: 0.3333
2023-08-11 13:24:36,871 - Training - INFO - [TRAIN]EPOCH: 178/200, Epoch Time: 00:00:04, Epoch Loss: 6.5111
2023-08-11 13:24:37,122 - Training - INFO - [EVAL]EPOCH: 178/200, loss: 7.2585, accuracy: 0.3333
2023-08-11 13:24:41,732 - Training - INFO - [TRAIN]EPOCH: 179/200, batch: 0, loss: 5.9746, lr: 0.0030
2023-08-11 13:24:41,976 - Training - INFO - [EVAL]EPOCH: 179/200, batch: 0, loss: 6.8376, accuracy: 0.3333
2023-08-11 13:24:41,978 - Training - INFO - [TRAIN]EPOCH: 179/200, Epoch Time: 00:00:04, Epoch Loss: 5.9746
2023-08-11 13:24:42,230 - Training - INFO - [EVAL]EPOCH: 179/200, loss: 6.8376, accuracy: 0.3333
2023-08-11 13:24:45,551 - Training - INFO - [TRAIN]EPOCH: 180/200, batch: 0, loss: 5.6465, lr: 0.0030
2023-08-11 13:24:45,804 - Training - INFO - [EVAL]EPOCH: 180/200, batch: 0, loss: 5.9383, accuracy: 0.3333
2023-08-11 13:24:45,806 - Training - INFO - [TRAIN]EPOCH: 180/200, Epoch Time: 00:00:03, Epoch Loss: 5.6465
2023-08-11 13:24:46,031 - Training - INFO - [EVAL]EPOCH: 180/200, loss: 5.9383, accuracy: 0.3333
2023-08-11 13:24:48,488 - Training - INFO - [TRAIN]EPOCH: 181/200, batch: 0, loss: 5.0064, lr: 0.0030
2023-08-11 13:24:48,741 - Training - INFO - [EVAL]EPOCH: 181/200, batch: 0, loss: 6.9158, accuracy: 0.3333
2023-08-11 13:24:48,743 - Training - INFO - [TRAIN]EPOCH: 181/200, Epoch Time: 00:00:02, Epoch Loss: 5.0064
2023-08-11 13:24:48,992 - Training - INFO - [EVAL]EPOCH: 181/200, loss: 6.9158, accuracy: 0.3333
2023-08-11 13:24:52,230 - Training - INFO - [TRAIN]EPOCH: 182/200, batch: 0, loss: 5.7891, lr: 0.0030
2023-08-11 13:24:52,484 - Training - INFO - [EVAL]EPOCH: 182/200, batch: 0, loss: 5.4059, accuracy: 0.3333
2023-08-11 13:24:52,488 - Training - INFO - [TRAIN]EPOCH: 182/200, Epoch Time: 00:00:03, Epoch Loss: 5.7891
2023-08-11 13:24:52,714 - Training - INFO - [EVAL]EPOCH: 182/200, loss: 5.4059, accuracy: 0.3333
2023-08-11 13:24:56,469 - Training - INFO - [TRAIN]EPOCH: 183/200, batch: 0, loss: 4.4704, lr: 0.0030
2023-08-11 13:24:56,773 - Training - INFO - [EVAL]EPOCH: 183/200, batch: 0, loss: 7.4773, accuracy: 0.3333
2023-08-11 13:24:56,775 - Training - INFO - [TRAIN]EPOCH: 183/200, Epoch Time: 00:00:04, Epoch Loss: 4.4704
2023-08-11 13:24:57,086 - Training - INFO - [EVAL]EPOCH: 183/200, loss: 7.4773, accuracy: 0.3333
2023-08-11 13:24:59,949 - Training - INFO - [TRAIN]EPOCH: 184/200, batch: 0, loss: 6.1788, lr: 0.0030
2023-08-11 13:25:00,181 - Training - INFO - [EVAL]EPOCH: 184/200, batch: 0, loss: 6.2985, accuracy: 0.3333
2023-08-11 13:25:00,183 - Training - INFO - [TRAIN]EPOCH: 184/200, Epoch Time: 00:00:03, Epoch Loss: 6.1788
2023-08-11 13:25:00,439 - Training - INFO - [EVAL]EPOCH: 184/200, loss: 6.2985, accuracy: 0.3333
2023-08-11 13:25:02,086 - Training - INFO - [TRAIN]EPOCH: 185/200, batch: 0, loss: 5.2303, lr: 0.0030
2023-08-11 13:25:02,337 - Training - INFO - [EVAL]EPOCH: 185/200, batch: 0, loss: 6.3805, accuracy: 0.3333
2023-08-11 13:25:02,338 - Training - INFO - [TRAIN]EPOCH: 185/200, Epoch Time: 00:00:01, Epoch Loss: 5.2303
2023-08-11 13:25:02,746 - Training - INFO - [EVAL]EPOCH: 185/200, loss: 6.3805, accuracy: 0.3333
2023-08-11 13:25:06,619 - Training - INFO - [TRAIN]EPOCH: 186/200, batch: 0, loss: 5.3333, lr: 0.0030
2023-08-11 13:25:06,869 - Training - INFO - [EVAL]EPOCH: 186/200, batch: 0, loss: 6.0724, accuracy: 0.3333
2023-08-11 13:25:06,871 - Training - INFO - [TRAIN]EPOCH: 186/200, Epoch Time: 00:00:04, Epoch Loss: 5.3333
2023-08-11 13:25:07,135 - Training - INFO - [EVAL]EPOCH: 186/200, loss: 6.0724, accuracy: 0.3333
2023-08-11 13:25:12,640 - Training - INFO - [TRAIN]EPOCH: 187/200, batch: 0, loss: 5.0684, lr: 0.0030
2023-08-11 13:25:12,896 - Training - INFO - [EVAL]EPOCH: 187/200, batch: 0, loss: 5.4410, accuracy: 0.3333
2023-08-11 13:25:12,898 - Training - INFO - [TRAIN]EPOCH: 187/200, Epoch Time: 00:00:05, Epoch Loss: 5.0684
2023-08-11 13:25:13,157 - Training - INFO - [EVAL]EPOCH: 187/200, loss: 5.4410, accuracy: 0.3333
2023-08-11 13:25:16,889 - Training - INFO - [TRAIN]EPOCH: 188/200, batch: 0, loss: 4.5018, lr: 0.0030
2023-08-11 13:25:17,129 - Training - INFO - [EVAL]EPOCH: 188/200, batch: 0, loss: 4.9877, accuracy: 0.3333
2023-08-11 13:25:17,131 - Training - INFO - [TRAIN]EPOCH: 188/200, Epoch Time: 00:00:03, Epoch Loss: 4.5018
2023-08-11 13:25:17,396 - Training - INFO - [EVAL]EPOCH: 188/200, loss: 4.9877, accuracy: 0.3333
2023-08-11 13:25:18,984 - Training - INFO - [TRAIN]EPOCH: 189/200, batch: 0, loss: 4.1404, lr: 0.0030
2023-08-11 13:25:19,225 - Training - INFO - [EVAL]EPOCH: 189/200, batch: 0, loss: 5.7523, accuracy: 0.3333
2023-08-11 13:25:19,227 - Training - INFO - [TRAIN]EPOCH: 189/200, Epoch Time: 00:00:01, Epoch Loss: 4.1404
2023-08-11 13:25:19,479 - Training - INFO - [EVAL]EPOCH: 189/200, loss: 5.7523, accuracy: 0.3333
2023-08-11 13:25:21,428 - Training - INFO - [TRAIN]EPOCH: 190/200, batch: 0, loss: 4.7831, lr: 0.0030
2023-08-11 13:25:21,652 - Training - INFO - [EVAL]EPOCH: 190/200, batch: 0, loss: 4.9872, accuracy: 0.3333
2023-08-11 13:25:21,654 - Training - INFO - [TRAIN]EPOCH: 190/200, Epoch Time: 00:00:02, Epoch Loss: 4.7831
2023-08-11 13:25:21,906 - Training - INFO - [EVAL]EPOCH: 190/200, loss: 4.9872, accuracy: 0.3333
2023-08-11 13:25:26,516 - Training - INFO - [TRAIN]EPOCH: 191/200, batch: 0, loss: 4.1323, lr: 0.0030
2023-08-11 13:25:26,770 - Training - INFO - [EVAL]EPOCH: 191/200, batch: 0, loss: 6.6742, accuracy: 0.3333
2023-08-11 13:25:26,771 - Training - INFO - [TRAIN]EPOCH: 191/200, Epoch Time: 00:00:04, Epoch Loss: 4.1323
2023-08-11 13:25:27,032 - Training - INFO - [EVAL]EPOCH: 191/200, loss: 6.6742, accuracy: 0.3333
2023-08-11 13:25:31,405 - Training - INFO - [TRAIN]EPOCH: 192/200, batch: 0, loss: 5.5618, lr: 0.0030
2023-08-11 13:25:31,670 - Training - INFO - [EVAL]EPOCH: 192/200, batch: 0, loss: 6.9631, accuracy: 0.3333
2023-08-11 13:25:31,672 - Training - INFO - [TRAIN]EPOCH: 192/200, Epoch Time: 00:00:04, Epoch Loss: 5.5618
2023-08-11 13:25:31,914 - Training - INFO - [EVAL]EPOCH: 192/200, loss: 6.9631, accuracy: 0.3333
2023-08-11 13:25:36,690 - Training - INFO - [TRAIN]EPOCH: 193/200, batch: 0, loss: 5.7814, lr: 0.0030
2023-08-11 13:25:36,903 - Training - INFO - [EVAL]EPOCH: 193/200, batch: 0, loss: 3.2902, accuracy: 0.3333
2023-08-11 13:25:36,904 - Training - INFO - [TRAIN]EPOCH: 193/200, Epoch Time: 00:00:04, Epoch Loss: 5.7814
2023-08-11 13:25:37,162 - Training - INFO - [EVAL]EPOCH: 193/200, loss: 3.2902, accuracy: 0.3333
2023-08-11 13:25:40,875 - Training - INFO - [TRAIN]EPOCH: 194/200, batch: 0, loss: 2.7012, lr: 0.0030
2023-08-11 13:25:41,149 - Training - INFO - [EVAL]EPOCH: 194/200, batch: 0, loss: 6.1558, accuracy: 0.3333
2023-08-11 13:25:41,151 - Training - INFO - [TRAIN]EPOCH: 194/200, Epoch Time: 00:00:03, Epoch Loss: 2.7012
2023-08-11 13:25:41,419 - Training - INFO - [EVAL]EPOCH: 194/200, loss: 6.1558, accuracy: 0.3333
2023-08-11 13:25:46,458 - Training - INFO - [TRAIN]EPOCH: 195/200, batch: 0, loss: 5.1448, lr: 0.0030
2023-08-11 13:25:46,718 - Training - INFO - [EVAL]EPOCH: 195/200, batch: 0, loss: 3.3814, accuracy: 0.3333
2023-08-11 13:25:46,720 - Training - INFO - [TRAIN]EPOCH: 195/200, Epoch Time: 00:00:05, Epoch Loss: 5.1448
2023-08-11 13:25:46,980 - Training - INFO - [EVAL]EPOCH: 195/200, loss: 3.3814, accuracy: 0.3333
2023-08-11 13:25:51,937 - Training - INFO - [TRAIN]EPOCH: 196/200, batch: 0, loss: 2.8272, lr: 0.0030
2023-08-11 13:25:52,204 - Training - INFO - [EVAL]EPOCH: 196/200, batch: 0, loss: 10.6604, accuracy: 0.3333
2023-08-11 13:25:52,207 - Training - INFO - [TRAIN]EPOCH: 196/200, Epoch Time: 00:00:05, Epoch Loss: 2.8272
2023-08-11 13:25:52,452 - Training - INFO - [EVAL]EPOCH: 196/200, loss: 10.6604, accuracy: 0.3333
2023-08-11 13:25:55,327 - Training - INFO - [TRAIN]EPOCH: 197/200, batch: 0, loss: 8.8342, lr: 0.0030
2023-08-11 13:25:55,565 - Training - INFO - [EVAL]EPOCH: 197/200, batch: 0, loss: 8.6346, accuracy: 0.3333
2023-08-11 13:25:55,568 - Training - INFO - [TRAIN]EPOCH: 197/200, Epoch Time: 00:00:03, Epoch Loss: 8.8342
2023-08-11 13:25:55,816 - Training - INFO - [EVAL]EPOCH: 197/200, loss: 8.6346, accuracy: 0.3333
2023-08-11 13:25:58,163 - Training - INFO - [TRAIN]EPOCH: 198/200, batch: 0, loss: 7.1449, lr: 0.0030
2023-08-11 13:25:58,410 - Training - INFO - [EVAL]EPOCH: 198/200, batch: 0, loss: 8.1807, accuracy: 0.3333
2023-08-11 13:25:58,411 - Training - INFO - [TRAIN]EPOCH: 198/200, Epoch Time: 00:00:02, Epoch Loss: 7.1449
2023-08-11 13:25:58,657 - Training - INFO - [EVAL]EPOCH: 198/200, loss: 8.1807, accuracy: 0.3333
2023-08-11 13:26:02,225 - Training - INFO - [TRAIN]EPOCH: 199/200, batch: 0, loss: 6.7960, lr: 0.0009
2023-08-11 13:26:02,486 - Training - INFO - [EVAL]EPOCH: 199/200, batch: 0, loss: 8.0359, accuracy: 0.3333
2023-08-11 13:26:02,488 - Training - INFO - [TRAIN]EPOCH: 199/200, Epoch Time: 00:00:03, Epoch Loss: 6.7960
2023-08-11 13:26:02,714 - Training - INFO - [EVAL]EPOCH: 199/200, loss: 8.0359, accuracy: 0.3333
2023-08-11 13:26:02,715 - Training - INFO - [DONE]Best_acc: 0.3333333432674408, Best_ckpt: NoGestureNetwork_2023-08-11_13-12-29.pth
