2023-08-11 13:26:07,590 - Training - INFO - [INFO]Train dataset size: 72, Test dataset size: 9
2023-08-11 13:26:07,590 - Training - INFO - [INFO]Model type: no_gesture, Sensor model name: RNN, TS model name: RNN
2023-08-11 13:26:10,406 - Training - INFO - [TRAIN]EPOCH: 0/200, batch: 0, loss: 3271.6311, lr: 0.0100
2023-08-11 13:26:10,613 - Training - INFO - [EVAL]EPOCH: 0/200, batch: 0, loss: 973.0609, accuracy: 0.7778
2023-08-11 13:26:10,617 - Training - INFO - [SAVE]EPOCH: 0/200, batch: 0, best_acc: 0.7777777910232544, best_ckpt: NoGestureNetwork_2023-08-11_13-26-10.pth
2023-08-11 13:26:10,618 - Training - INFO - [TRAIN]EPOCH: 0/200, Epoch Time: 00:00:03, Epoch Loss: 3271.6311
2023-08-11 13:26:10,858 - Training - INFO - [EVAL]EPOCH: 0/200, loss: 973.0610, accuracy: 0.7778
2023-08-11 13:26:14,822 - Training - INFO - [TRAIN]EPOCH: 1/200, batch: 0, loss: 2779.2817, lr: 0.0100
2023-08-11 13:26:15,069 - Training - INFO - [EVAL]EPOCH: 1/200, batch: 0, loss: 809.6179, accuracy: 0.7778
2023-08-11 13:26:15,071 - Training - INFO - [TRAIN]EPOCH: 1/200, Epoch Time: 00:00:04, Epoch Loss: 2779.2817
2023-08-11 13:26:15,317 - Training - INFO - [EVAL]EPOCH: 1/200, loss: 809.6179, accuracy: 0.7778
2023-08-11 13:26:18,983 - Training - INFO - [TRAIN]EPOCH: 2/200, batch: 0, loss: 2311.3374, lr: 0.0100
2023-08-11 13:26:19,231 - Training - INFO - [EVAL]EPOCH: 2/200, batch: 0, loss: 653.6302, accuracy: 0.7778
2023-08-11 13:26:19,233 - Training - INFO - [TRAIN]EPOCH: 2/200, Epoch Time: 00:00:03, Epoch Loss: 2311.3374
2023-08-11 13:26:19,485 - Training - INFO - [EVAL]EPOCH: 2/200, loss: 653.6301, accuracy: 0.7778
2023-08-11 13:26:24,576 - Training - INFO - [TRAIN]EPOCH: 3/200, batch: 0, loss: 1865.0343, lr: 0.0100
2023-08-11 13:26:24,827 - Training - INFO - [EVAL]EPOCH: 3/200, batch: 0, loss: 507.8121, accuracy: 0.7778
2023-08-11 13:26:24,829 - Training - INFO - [TRAIN]EPOCH: 3/200, Epoch Time: 00:00:05, Epoch Loss: 1865.0343
2023-08-11 13:26:25,084 - Training - INFO - [EVAL]EPOCH: 3/200, loss: 507.8121, accuracy: 0.7778
2023-08-11 13:26:29,050 - Training - INFO - [TRAIN]EPOCH: 4/200, batch: 0, loss: 1447.6434, lr: 0.0100
2023-08-11 13:26:29,297 - Training - INFO - [EVAL]EPOCH: 4/200, batch: 0, loss: 380.6994, accuracy: 0.7778
2023-08-11 13:26:29,299 - Training - INFO - [TRAIN]EPOCH: 4/200, Epoch Time: 00:00:04, Epoch Loss: 1447.6434
2023-08-11 13:26:29,546 - Training - INFO - [EVAL]EPOCH: 4/200, loss: 380.6994, accuracy: 0.7778
2023-08-11 13:26:31,597 - Training - INFO - [TRAIN]EPOCH: 5/200, batch: 0, loss: 1084.2252, lr: 0.0100
2023-08-11 13:26:31,836 - Training - INFO - [EVAL]EPOCH: 5/200, batch: 0, loss: 277.3762, accuracy: 0.7778
2023-08-11 13:26:31,837 - Training - INFO - [TRAIN]EPOCH: 5/200, Epoch Time: 00:00:02, Epoch Loss: 1084.2252
2023-08-11 13:26:32,055 - Training - INFO - [EVAL]EPOCH: 5/200, loss: 277.3762, accuracy: 0.7778
2023-08-11 13:26:36,094 - Training - INFO - [TRAIN]EPOCH: 6/200, batch: 0, loss: 789.3985, lr: 0.0100
2023-08-11 13:26:36,341 - Training - INFO - [EVAL]EPOCH: 6/200, batch: 0, loss: 197.9986, accuracy: 0.7778
2023-08-11 13:26:36,343 - Training - INFO - [TRAIN]EPOCH: 6/200, Epoch Time: 00:00:04, Epoch Loss: 789.3985
2023-08-11 13:26:36,590 - Training - INFO - [EVAL]EPOCH: 6/200, loss: 197.9986, accuracy: 0.7778
2023-08-11 13:26:40,683 - Training - INFO - [TRAIN]EPOCH: 7/200, batch: 0, loss: 564.9020, lr: 0.0100
2023-08-11 13:26:40,896 - Training - INFO - [EVAL]EPOCH: 7/200, batch: 0, loss: 154.4739, accuracy: 0.7778
2023-08-11 13:26:40,897 - Training - INFO - [TRAIN]EPOCH: 7/200, Epoch Time: 00:00:04, Epoch Loss: 564.9020
2023-08-11 13:26:41,144 - Training - INFO - [EVAL]EPOCH: 7/200, loss: 154.4739, accuracy: 0.7778
2023-08-11 13:26:45,640 - Training - INFO - [TRAIN]EPOCH: 8/200, batch: 0, loss: 444.6613, lr: 0.0100
2023-08-11 13:26:45,884 - Training - INFO - [EVAL]EPOCH: 8/200, batch: 0, loss: 160.0007, accuracy: 0.7778
2023-08-11 13:26:45,886 - Training - INFO - [TRAIN]EPOCH: 8/200, Epoch Time: 00:00:04, Epoch Loss: 444.6613
2023-08-11 13:26:46,124 - Training - INFO - [EVAL]EPOCH: 8/200, loss: 160.0007, accuracy: 0.7778
2023-08-11 13:26:49,257 - Training - INFO - [TRAIN]EPOCH: 9/200, batch: 0, loss: 462.4232, lr: 0.0100
2023-08-11 13:26:49,503 - Training - INFO - [EVAL]EPOCH: 9/200, batch: 0, loss: 193.9574, accuracy: 0.7778
2023-08-11 13:26:49,505 - Training - INFO - [TRAIN]EPOCH: 9/200, Epoch Time: 00:00:03, Epoch Loss: 462.4232
2023-08-11 13:26:49,747 - Training - INFO - [EVAL]EPOCH: 9/200, loss: 193.9574, accuracy: 0.7778
2023-08-11 13:26:53,624 - Training - INFO - [TRAIN]EPOCH: 10/200, batch: 0, loss: 559.0395, lr: 0.0100
2023-08-11 13:26:53,868 - Training - INFO - [EVAL]EPOCH: 10/200, batch: 0, loss: 227.6125, accuracy: 0.7778
2023-08-11 13:26:53,870 - Training - INFO - [TRAIN]EPOCH: 10/200, Epoch Time: 00:00:04, Epoch Loss: 559.0395
2023-08-11 13:26:54,107 - Training - INFO - [EVAL]EPOCH: 10/200, loss: 227.6125, accuracy: 0.7778
2023-08-11 13:26:57,996 - Training - INFO - [TRAIN]EPOCH: 11/200, batch: 0, loss: 654.5446, lr: 0.0100
2023-08-11 13:26:58,209 - Training - INFO - [EVAL]EPOCH: 11/200, batch: 0, loss: 246.7948, accuracy: 0.7778
2023-08-11 13:26:58,211 - Training - INFO - [TRAIN]EPOCH: 11/200, Epoch Time: 00:00:04, Epoch Loss: 654.5446
2023-08-11 13:26:58,427 - Training - INFO - [EVAL]EPOCH: 11/200, loss: 246.7948, accuracy: 0.7778
2023-08-11 13:27:03,421 - Training - INFO - [TRAIN]EPOCH: 12/200, batch: 0, loss: 708.5847, lr: 0.0100
2023-08-11 13:27:03,662 - Training - INFO - [EVAL]EPOCH: 12/200, batch: 0, loss: 249.0418, accuracy: 0.7778
2023-08-11 13:27:03,664 - Training - INFO - [TRAIN]EPOCH: 12/200, Epoch Time: 00:00:05, Epoch Loss: 708.5847
2023-08-11 13:27:03,898 - Training - INFO - [EVAL]EPOCH: 12/200, loss: 249.0418, accuracy: 0.7778
2023-08-11 13:27:07,532 - Training - INFO - [TRAIN]EPOCH: 13/200, batch: 0, loss: 713.5866, lr: 0.0100
2023-08-11 13:27:07,766 - Training - INFO - [EVAL]EPOCH: 13/200, batch: 0, loss: 235.7408, accuracy: 0.7778
2023-08-11 13:27:07,768 - Training - INFO - [TRAIN]EPOCH: 13/200, Epoch Time: 00:00:03, Epoch Loss: 713.5866
2023-08-11 13:27:08,012 - Training - INFO - [EVAL]EPOCH: 13/200, loss: 235.7408, accuracy: 0.7778
2023-08-11 13:27:09,927 - Training - INFO - [TRAIN]EPOCH: 14/200, batch: 0, loss: 675.5708, lr: 0.0100
2023-08-11 13:27:10,158 - Training - INFO - [EVAL]EPOCH: 14/200, batch: 0, loss: 210.9777, accuracy: 0.7778
2023-08-11 13:27:10,159 - Training - INFO - [TRAIN]EPOCH: 14/200, Epoch Time: 00:00:02, Epoch Loss: 675.5708
2023-08-11 13:27:10,377 - Training - INFO - [EVAL]EPOCH: 14/200, loss: 210.9777, accuracy: 0.7778
2023-08-11 13:27:12,993 - Training - INFO - [TRAIN]EPOCH: 15/200, batch: 0, loss: 604.0143, lr: 0.0100
2023-08-11 13:27:13,235 - Training - INFO - [EVAL]EPOCH: 15/200, batch: 0, loss: 177.2244, accuracy: 0.7778
2023-08-11 13:27:13,237 - Training - INFO - [TRAIN]EPOCH: 15/200, Epoch Time: 00:00:02, Epoch Loss: 604.0143
2023-08-11 13:27:13,474 - Training - INFO - [EVAL]EPOCH: 15/200, loss: 177.2243, accuracy: 0.7778
2023-08-11 13:27:18,137 - Training - INFO - [TRAIN]EPOCH: 16/200, batch: 0, loss: 507.1929, lr: 0.0100
2023-08-11 13:27:18,381 - Training - INFO - [EVAL]EPOCH: 16/200, batch: 0, loss: 138.1923, accuracy: 0.7778
2023-08-11 13:27:18,383 - Training - INFO - [TRAIN]EPOCH: 16/200, Epoch Time: 00:00:04, Epoch Loss: 507.1929
2023-08-11 13:27:18,627 - Training - INFO - [EVAL]EPOCH: 16/200, loss: 138.1923, accuracy: 0.7778
2023-08-11 13:27:22,284 - Training - INFO - [TRAIN]EPOCH: 17/200, batch: 0, loss: 395.4517, lr: 0.0100
2023-08-11 13:27:22,505 - Training - INFO - [EVAL]EPOCH: 17/200, batch: 0, loss: 100.0598, accuracy: 0.7778
2023-08-11 13:27:22,507 - Training - INFO - [TRAIN]EPOCH: 17/200, Epoch Time: 00:00:03, Epoch Loss: 395.4517
2023-08-11 13:27:22,725 - Training - INFO - [EVAL]EPOCH: 17/200, loss: 100.0598, accuracy: 0.7778
2023-08-11 13:27:26,388 - Training - INFO - [TRAIN]EPOCH: 18/200, batch: 0, loss: 285.7345, lr: 0.0100
2023-08-11 13:27:26,627 - Training - INFO - [EVAL]EPOCH: 18/200, batch: 0, loss: 72.6204, accuracy: 0.7778
2023-08-11 13:27:26,628 - Training - INFO - [TRAIN]EPOCH: 18/200, Epoch Time: 00:00:03, Epoch Loss: 285.7345
2023-08-11 13:27:26,839 - Training - INFO - [EVAL]EPOCH: 18/200, loss: 72.6204, accuracy: 0.7778
2023-08-11 13:27:29,343 - Training - INFO - [TRAIN]EPOCH: 19/200, batch: 0, loss: 206.6822, lr: 0.0100
2023-08-11 13:27:29,582 - Training - INFO - [EVAL]EPOCH: 19/200, batch: 0, loss: 71.7459, accuracy: 0.7778
2023-08-11 13:27:29,584 - Training - INFO - [TRAIN]EPOCH: 19/200, Epoch Time: 00:00:02, Epoch Loss: 206.6822
2023-08-11 13:27:29,820 - Training - INFO - [EVAL]EPOCH: 19/200, loss: 71.7459, accuracy: 0.7778
2023-08-11 13:27:33,324 - Training - INFO - [TRAIN]EPOCH: 20/200, batch: 0, loss: 203.7579, lr: 0.0100
2023-08-11 13:27:33,565 - Training - INFO - [EVAL]EPOCH: 20/200, batch: 0, loss: 92.8629, accuracy: 0.7778
2023-08-11 13:27:33,567 - Training - INFO - [TRAIN]EPOCH: 20/200, Epoch Time: 00:00:03, Epoch Loss: 203.7579
2023-08-11 13:27:33,814 - Training - INFO - [EVAL]EPOCH: 20/200, loss: 92.8629, accuracy: 0.7778
2023-08-11 13:27:38,144 - Training - INFO - [TRAIN]EPOCH: 21/200, batch: 0, loss: 264.1202, lr: 0.0100
2023-08-11 13:27:38,371 - Training - INFO - [EVAL]EPOCH: 21/200, batch: 0, loss: 112.5835, accuracy: 0.7778
2023-08-11 13:27:38,372 - Training - INFO - [TRAIN]EPOCH: 21/200, Epoch Time: 00:00:04, Epoch Loss: 264.1202
2023-08-11 13:27:38,610 - Training - INFO - [EVAL]EPOCH: 21/200, loss: 112.5835, accuracy: 0.7778
2023-08-11 13:27:43,059 - Training - INFO - [TRAIN]EPOCH: 22/200, batch: 0, loss: 320.9284, lr: 0.0100
2023-08-11 13:27:43,268 - Training - INFO - [EVAL]EPOCH: 22/200, batch: 0, loss: 121.0884, accuracy: 0.7778
2023-08-11 13:27:43,270 - Training - INFO - [TRAIN]EPOCH: 22/200, Epoch Time: 00:00:04, Epoch Loss: 320.9284
2023-08-11 13:27:43,500 - Training - INFO - [EVAL]EPOCH: 22/200, loss: 121.0884, accuracy: 0.7778
2023-08-11 13:27:45,233 - Training - INFO - [TRAIN]EPOCH: 23/200, batch: 0, loss: 344.9467, lr: 0.0100
2023-08-11 13:27:45,433 - Training - INFO - [EVAL]EPOCH: 23/200, batch: 0, loss: 115.5915, accuracy: 0.7778
2023-08-11 13:27:45,434 - Training - INFO - [TRAIN]EPOCH: 23/200, Epoch Time: 00:00:01, Epoch Loss: 344.9467
2023-08-11 13:27:45,685 - Training - INFO - [EVAL]EPOCH: 23/200, loss: 115.5915, accuracy: 0.7778
2023-08-11 13:27:47,668 - Training - INFO - [TRAIN]EPOCH: 24/200, batch: 0, loss: 329.2142, lr: 0.0100
2023-08-11 13:27:47,907 - Training - INFO - [EVAL]EPOCH: 24/200, batch: 0, loss: 97.2065, accuracy: 0.7778
2023-08-11 13:27:47,908 - Training - INFO - [TRAIN]EPOCH: 24/200, Epoch Time: 00:00:02, Epoch Loss: 329.2142
2023-08-11 13:27:48,149 - Training - INFO - [EVAL]EPOCH: 24/200, loss: 97.2065, accuracy: 0.7778
2023-08-11 13:27:51,719 - Training - INFO - [TRAIN]EPOCH: 25/200, batch: 0, loss: 276.5473, lr: 0.0100
2023-08-11 13:27:51,953 - Training - INFO - [EVAL]EPOCH: 25/200, batch: 0, loss: 70.3817, accuracy: 0.7778
2023-08-11 13:27:51,954 - Training - INFO - [TRAIN]EPOCH: 25/200, Epoch Time: 00:00:03, Epoch Loss: 276.5473
2023-08-11 13:27:52,168 - Training - INFO - [EVAL]EPOCH: 25/200, loss: 70.3817, accuracy: 0.7778
2023-08-11 13:27:56,620 - Training - INFO - [TRAIN]EPOCH: 26/200, batch: 0, loss: 200.1133, lr: 0.0100
2023-08-11 13:27:56,861 - Training - INFO - [EVAL]EPOCH: 26/200, batch: 0, loss: 45.2780, accuracy: 0.7778
2023-08-11 13:27:56,863 - Training - INFO - [TRAIN]EPOCH: 26/200, Epoch Time: 00:00:04, Epoch Loss: 200.1133
2023-08-11 13:27:57,116 - Training - INFO - [EVAL]EPOCH: 26/200, loss: 45.2780, accuracy: 0.7778
2023-08-11 13:28:01,260 - Training - INFO - [TRAIN]EPOCH: 27/200, batch: 0, loss: 128.5188, lr: 0.0100
2023-08-11 13:28:01,514 - Training - INFO - [EVAL]EPOCH: 27/200, batch: 0, loss: 42.1646, accuracy: 0.7778
2023-08-11 13:28:01,515 - Training - INFO - [TRAIN]EPOCH: 27/200, Epoch Time: 00:00:04, Epoch Loss: 128.5188
2023-08-11 13:28:01,760 - Training - INFO - [EVAL]EPOCH: 27/200, loss: 42.1646, accuracy: 0.7778
2023-08-11 13:28:04,115 - Training - INFO - [TRAIN]EPOCH: 28/200, batch: 0, loss: 119.7133, lr: 0.0100
2023-08-11 13:28:04,353 - Training - INFO - [EVAL]EPOCH: 28/200, batch: 0, loss: 55.6703, accuracy: 0.7778
2023-08-11 13:28:04,354 - Training - INFO - [TRAIN]EPOCH: 28/200, Epoch Time: 00:00:02, Epoch Loss: 119.7133
2023-08-11 13:28:04,609 - Training - INFO - [EVAL]EPOCH: 28/200, loss: 55.6703, accuracy: 0.7778
2023-08-11 13:28:09,187 - Training - INFO - [TRAIN]EPOCH: 29/200, batch: 0, loss: 158.7090, lr: 0.0100
2023-08-11 13:28:09,436 - Training - INFO - [EVAL]EPOCH: 29/200, batch: 0, loss: 67.1918, accuracy: 0.7778
2023-08-11 13:28:09,438 - Training - INFO - [TRAIN]EPOCH: 29/200, Epoch Time: 00:00:04, Epoch Loss: 158.7090
2023-08-11 13:28:09,690 - Training - INFO - [EVAL]EPOCH: 29/200, loss: 67.1918, accuracy: 0.7778
2023-08-11 13:28:14,326 - Training - INFO - [TRAIN]EPOCH: 30/200, batch: 0, loss: 191.6648, lr: 0.0100
2023-08-11 13:28:14,573 - Training - INFO - [EVAL]EPOCH: 30/200, batch: 0, loss: 69.4909, accuracy: 0.7778
2023-08-11 13:28:14,575 - Training - INFO - [TRAIN]EPOCH: 30/200, Epoch Time: 00:00:04, Epoch Loss: 191.6648
2023-08-11 13:28:14,814 - Training - INFO - [EVAL]EPOCH: 30/200, loss: 69.4909, accuracy: 0.7778
2023-08-11 13:28:18,551 - Training - INFO - [TRAIN]EPOCH: 31/200, batch: 0, loss: 198.0289, lr: 0.0100
2023-08-11 13:28:18,795 - Training - INFO - [EVAL]EPOCH: 31/200, batch: 0, loss: 61.3826, accuracy: 0.7778
2023-08-11 13:28:18,797 - Training - INFO - [TRAIN]EPOCH: 31/200, Epoch Time: 00:00:03, Epoch Loss: 198.0289
2023-08-11 13:28:19,044 - Training - INFO - [EVAL]EPOCH: 31/200, loss: 61.3826, accuracy: 0.7778
2023-08-11 13:28:21,351 - Training - INFO - [TRAIN]EPOCH: 32/200, batch: 0, loss: 174.9665, lr: 0.0100
2023-08-11 13:28:21,570 - Training - INFO - [EVAL]EPOCH: 32/200, batch: 0, loss: 44.3275, accuracy: 0.7778
2023-08-11 13:28:21,572 - Training - INFO - [TRAIN]EPOCH: 32/200, Epoch Time: 00:00:02, Epoch Loss: 174.9665
2023-08-11 13:28:21,813 - Training - INFO - [EVAL]EPOCH: 32/200, loss: 44.3275, accuracy: 0.7778
2023-08-11 13:28:23,715 - Training - INFO - [TRAIN]EPOCH: 33/200, batch: 0, loss: 125.9409, lr: 0.0100
2023-08-11 13:28:23,937 - Training - INFO - [EVAL]EPOCH: 33/200, batch: 0, loss: 27.9570, accuracy: 0.7778
2023-08-11 13:28:23,940 - Training - INFO - [TRAIN]EPOCH: 33/200, Epoch Time: 00:00:02, Epoch Loss: 125.9409
2023-08-11 13:28:24,167 - Training - INFO - [EVAL]EPOCH: 33/200, loss: 27.9570, accuracy: 0.7778
2023-08-11 13:28:26,468 - Training - INFO - [TRAIN]EPOCH: 34/200, batch: 0, loss: 78.7964, lr: 0.0100
2023-08-11 13:28:26,703 - Training - INFO - [EVAL]EPOCH: 34/200, batch: 0, loss: 33.1003, accuracy: 0.7778
2023-08-11 13:28:26,706 - Training - INFO - [TRAIN]EPOCH: 34/200, Epoch Time: 00:00:02, Epoch Loss: 78.7964
2023-08-11 13:28:26,938 - Training - INFO - [EVAL]EPOCH: 34/200, loss: 33.1003, accuracy: 0.7778
2023-08-11 13:28:30,888 - Training - INFO - [TRAIN]EPOCH: 35/200, batch: 0, loss: 92.1996, lr: 0.0100
2023-08-11 13:28:31,123 - Training - INFO - [EVAL]EPOCH: 35/200, batch: 0, loss: 43.9907, accuracy: 0.7778
2023-08-11 13:28:31,125 - Training - INFO - [TRAIN]EPOCH: 35/200, Epoch Time: 00:00:04, Epoch Loss: 92.1996
2023-08-11 13:28:31,371 - Training - INFO - [EVAL]EPOCH: 35/200, loss: 43.9907, accuracy: 0.7778
2023-08-11 13:28:35,710 - Training - INFO - [TRAIN]EPOCH: 36/200, batch: 0, loss: 123.9087, lr: 0.0100
2023-08-11 13:28:35,960 - Training - INFO - [EVAL]EPOCH: 36/200, batch: 0, loss: 47.6741, accuracy: 0.7778
2023-08-11 13:28:35,962 - Training - INFO - [TRAIN]EPOCH: 36/200, Epoch Time: 00:00:04, Epoch Loss: 123.9087
2023-08-11 13:28:36,208 - Training - INFO - [EVAL]EPOCH: 36/200, loss: 47.6741, accuracy: 0.7778
2023-08-11 13:28:40,038 - Training - INFO - [TRAIN]EPOCH: 37/200, batch: 0, loss: 134.4622, lr: 0.0100
2023-08-11 13:28:40,251 - Training - INFO - [EVAL]EPOCH: 37/200, batch: 0, loss: 40.4454, accuracy: 0.7778
2023-08-11 13:28:40,253 - Training - INFO - [TRAIN]EPOCH: 37/200, Epoch Time: 00:00:04, Epoch Loss: 134.4622
2023-08-11 13:28:40,504 - Training - INFO - [EVAL]EPOCH: 37/200, loss: 40.4454, accuracy: 0.7778
2023-08-11 13:28:42,838 - Training - INFO - [TRAIN]EPOCH: 38/200, batch: 0, loss: 113.2253, lr: 0.0100
2023-08-11 13:28:43,057 - Training - INFO - [EVAL]EPOCH: 38/200, batch: 0, loss: 27.3590, accuracy: 0.7778
2023-08-11 13:28:43,060 - Training - INFO - [TRAIN]EPOCH: 38/200, Epoch Time: 00:00:02, Epoch Loss: 113.2253
2023-08-11 13:28:43,301 - Training - INFO - [EVAL]EPOCH: 38/200, loss: 27.3590, accuracy: 0.7778
2023-08-11 13:28:47,179 - Training - INFO - [TRAIN]EPOCH: 39/200, batch: 0, loss: 75.5473, lr: 0.0100
2023-08-11 13:28:47,414 - Training - INFO - [EVAL]EPOCH: 39/200, batch: 0, loss: 24.0518, accuracy: 0.7778
2023-08-11 13:28:47,416 - Training - INFO - [TRAIN]EPOCH: 39/200, Epoch Time: 00:00:04, Epoch Loss: 75.5473
2023-08-11 13:28:47,662 - Training - INFO - [EVAL]EPOCH: 39/200, loss: 24.0518, accuracy: 0.7778
2023-08-11 13:28:52,577 - Training - INFO - [TRAIN]EPOCH: 40/200, batch: 0, loss: 67.6694, lr: 0.0100
2023-08-11 13:28:52,806 - Training - INFO - [EVAL]EPOCH: 40/200, batch: 0, loss: 31.3651, accuracy: 0.7778
2023-08-11 13:28:52,809 - Training - INFO - [TRAIN]EPOCH: 40/200, Epoch Time: 00:00:05, Epoch Loss: 67.6694
2023-08-11 13:28:53,052 - Training - INFO - [EVAL]EPOCH: 40/200, loss: 31.3651, accuracy: 0.7778
2023-08-11 13:28:56,855 - Training - INFO - [TRAIN]EPOCH: 41/200, batch: 0, loss: 88.3874, lr: 0.0100
2023-08-11 13:28:57,140 - Training - INFO - [EVAL]EPOCH: 41/200, batch: 0, loss: 32.0470, accuracy: 0.7778
2023-08-11 13:28:57,142 - Training - INFO - [TRAIN]EPOCH: 41/200, Epoch Time: 00:00:04, Epoch Loss: 88.3874
2023-08-11 13:28:57,392 - Training - INFO - [EVAL]EPOCH: 41/200, loss: 32.0470, accuracy: 0.7778
2023-08-11 13:28:59,016 - Training - INFO - [TRAIN]EPOCH: 42/200, batch: 0, loss: 90.5435, lr: 0.0100
2023-08-11 13:28:59,254 - Training - INFO - [EVAL]EPOCH: 42/200, batch: 0, loss: 28.6556, accuracy: 0.7778
2023-08-11 13:28:59,257 - Training - INFO - [TRAIN]EPOCH: 42/200, Epoch Time: 00:00:01, Epoch Loss: 90.5435
2023-08-11 13:28:59,498 - Training - INFO - [EVAL]EPOCH: 42/200, loss: 28.6556, accuracy: 0.7778
2023-08-11 13:29:01,650 - Training - INFO - [TRAIN]EPOCH: 43/200, batch: 0, loss: 80.7828, lr: 0.0100
2023-08-11 13:29:01,875 - Training - INFO - [EVAL]EPOCH: 43/200, batch: 0, loss: 24.6988, accuracy: 0.7778
2023-08-11 13:29:01,877 - Training - INFO - [TRAIN]EPOCH: 43/200, Epoch Time: 00:00:02, Epoch Loss: 80.7828
2023-08-11 13:29:02,086 - Training - INFO - [EVAL]EPOCH: 43/200, loss: 24.6988, accuracy: 0.7778
2023-08-11 13:29:06,359 - Training - INFO - [TRAIN]EPOCH: 44/200, batch: 0, loss: 68.8883, lr: 0.0100
2023-08-11 13:29:06,595 - Training - INFO - [EVAL]EPOCH: 44/200, batch: 0, loss: 21.0692, accuracy: 0.7778
2023-08-11 13:29:06,597 - Training - INFO - [TRAIN]EPOCH: 44/200, Epoch Time: 00:00:04, Epoch Loss: 68.8883
2023-08-11 13:29:06,825 - Training - INFO - [EVAL]EPOCH: 44/200, loss: 21.0692, accuracy: 0.7778
2023-08-11 13:29:11,249 - Training - INFO - [TRAIN]EPOCH: 45/200, batch: 0, loss: 57.7402, lr: 0.0100
2023-08-11 13:29:11,494 - Training - INFO - [EVAL]EPOCH: 45/200, batch: 0, loss: 22.9796, accuracy: 0.7778
2023-08-11 13:29:11,495 - Training - INFO - [TRAIN]EPOCH: 45/200, Epoch Time: 00:00:04, Epoch Loss: 57.7402
2023-08-11 13:29:11,728 - Training - INFO - [EVAL]EPOCH: 45/200, loss: 22.9795, accuracy: 0.7778
2023-08-11 13:29:16,217 - Training - INFO - [TRAIN]EPOCH: 46/200, batch: 0, loss: 63.3901, lr: 0.0100
2023-08-11 13:29:16,454 - Training - INFO - [EVAL]EPOCH: 46/200, batch: 0, loss: 22.8861, accuracy: 0.7778
2023-08-11 13:29:16,456 - Training - INFO - [TRAIN]EPOCH: 46/200, Epoch Time: 00:00:04, Epoch Loss: 63.3901
2023-08-11 13:29:16,702 - Training - INFO - [EVAL]EPOCH: 46/200, loss: 22.8861, accuracy: 0.7778
2023-08-11 13:29:19,533 - Training - INFO - [TRAIN]EPOCH: 47/200, batch: 0, loss: 62.9369, lr: 0.0100
2023-08-11 13:29:19,776 - Training - INFO - [EVAL]EPOCH: 47/200, batch: 0, loss: 21.7362, accuracy: 0.7778
2023-08-11 13:29:19,777 - Training - INFO - [TRAIN]EPOCH: 47/200, Epoch Time: 00:00:03, Epoch Loss: 62.9369
2023-08-11 13:29:20,011 - Training - INFO - [EVAL]EPOCH: 47/200, loss: 21.7362, accuracy: 0.7778
2023-08-11 13:29:24,524 - Training - INFO - [TRAIN]EPOCH: 48/200, batch: 0, loss: 59.6309, lr: 0.0100
2023-08-11 13:29:24,767 - Training - INFO - [EVAL]EPOCH: 48/200, batch: 0, loss: 18.7515, accuracy: 0.7778
2023-08-11 13:29:24,769 - Training - INFO - [TRAIN]EPOCH: 48/200, Epoch Time: 00:00:04, Epoch Loss: 59.6309
2023-08-11 13:29:25,014 - Training - INFO - [EVAL]EPOCH: 48/200, loss: 18.7515, accuracy: 0.7778
2023-08-11 13:29:28,540 - Training - INFO - [TRAIN]EPOCH: 49/200, batch: 0, loss: 51.5589, lr: 0.0100
2023-08-11 13:29:28,780 - Training - INFO - [EVAL]EPOCH: 49/200, batch: 0, loss: 16.5432, accuracy: 0.7778
2023-08-11 13:29:28,782 - Training - INFO - [TRAIN]EPOCH: 49/200, Epoch Time: 00:00:03, Epoch Loss: 51.5589
2023-08-11 13:29:29,029 - Training - INFO - [EVAL]EPOCH: 49/200, loss: 16.5432, accuracy: 0.7778
2023-08-11 13:29:32,482 - Training - INFO - [TRAIN]EPOCH: 50/200, batch: 0, loss: 45.8497, lr: 0.0100
2023-08-11 13:29:32,690 - Training - INFO - [EVAL]EPOCH: 50/200, batch: 0, loss: 18.2136, accuracy: 0.7778
2023-08-11 13:29:32,692 - Training - INFO - [TRAIN]EPOCH: 50/200, Epoch Time: 00:00:03, Epoch Loss: 45.8497
2023-08-11 13:29:32,937 - Training - INFO - [EVAL]EPOCH: 50/200, loss: 18.2136, accuracy: 0.7778
2023-08-11 13:29:35,065 - Training - INFO - [TRAIN]EPOCH: 51/200, batch: 0, loss: 50.1118, lr: 0.0100
2023-08-11 13:29:35,308 - Training - INFO - [EVAL]EPOCH: 51/200, batch: 0, loss: 18.7473, accuracy: 0.7778
2023-08-11 13:29:35,310 - Training - INFO - [TRAIN]EPOCH: 51/200, Epoch Time: 00:00:02, Epoch Loss: 50.1118
2023-08-11 13:29:35,543 - Training - INFO - [EVAL]EPOCH: 51/200, loss: 18.7473, accuracy: 0.7778
2023-08-11 13:29:37,878 - Training - INFO - [TRAIN]EPOCH: 52/200, batch: 0, loss: 51.3281, lr: 0.0100
2023-08-11 13:29:38,115 - Training - INFO - [EVAL]EPOCH: 52/200, batch: 0, loss: 15.4966, accuracy: 0.7778
2023-08-11 13:29:38,118 - Training - INFO - [TRAIN]EPOCH: 52/200, Epoch Time: 00:00:02, Epoch Loss: 51.3281
2023-08-11 13:29:38,362 - Training - INFO - [EVAL]EPOCH: 52/200, loss: 15.4966, accuracy: 0.7778
2023-08-11 13:29:42,170 - Training - INFO - [TRAIN]EPOCH: 53/200, batch: 0, loss: 41.7839, lr: 0.0100
2023-08-11 13:29:42,407 - Training - INFO - [EVAL]EPOCH: 53/200, batch: 0, loss: 14.5237, accuracy: 0.7778
2023-08-11 13:29:42,409 - Training - INFO - [TRAIN]EPOCH: 53/200, Epoch Time: 00:00:04, Epoch Loss: 41.7839
2023-08-11 13:29:42,661 - Training - INFO - [EVAL]EPOCH: 53/200, loss: 14.5237, accuracy: 0.7778
2023-08-11 13:29:47,702 - Training - INFO - [TRAIN]EPOCH: 54/200, batch: 0, loss: 39.0361, lr: 0.0100
2023-08-11 13:29:47,937 - Training - INFO - [EVAL]EPOCH: 54/200, batch: 0, loss: 16.5617, accuracy: 0.7778
2023-08-11 13:29:47,939 - Training - INFO - [TRAIN]EPOCH: 54/200, Epoch Time: 00:00:05, Epoch Loss: 39.0361
2023-08-11 13:29:48,183 - Training - INFO - [EVAL]EPOCH: 54/200, loss: 16.5617, accuracy: 0.7778
2023-08-11 13:29:52,225 - Training - INFO - [TRAIN]EPOCH: 55/200, batch: 0, loss: 45.4131, lr: 0.0100
2023-08-11 13:29:52,446 - Training - INFO - [EVAL]EPOCH: 55/200, batch: 0, loss: 14.8617, accuracy: 0.7778
2023-08-11 13:29:52,447 - Training - INFO - [TRAIN]EPOCH: 55/200, Epoch Time: 00:00:04, Epoch Loss: 45.4131
2023-08-11 13:29:52,688 - Training - INFO - [EVAL]EPOCH: 55/200, loss: 14.8617, accuracy: 0.7778
2023-08-11 13:29:56,038 - Training - INFO - [TRAIN]EPOCH: 56/200, batch: 0, loss: 40.8006, lr: 0.0100
2023-08-11 13:29:56,285 - Training - INFO - [EVAL]EPOCH: 56/200, batch: 0, loss: 14.0749, accuracy: 0.7778
2023-08-11 13:29:56,287 - Training - INFO - [TRAIN]EPOCH: 56/200, Epoch Time: 00:00:03, Epoch Loss: 40.8006
2023-08-11 13:29:56,531 - Training - INFO - [EVAL]EPOCH: 56/200, loss: 14.0749, accuracy: 0.7778
2023-08-11 13:30:00,689 - Training - INFO - [TRAIN]EPOCH: 57/200, batch: 0, loss: 38.3347, lr: 0.0100
2023-08-11 13:30:00,942 - Training - INFO - [EVAL]EPOCH: 57/200, batch: 0, loss: 12.9056, accuracy: 0.7778
2023-08-11 13:30:00,943 - Training - INFO - [TRAIN]EPOCH: 57/200, Epoch Time: 00:00:04, Epoch Loss: 38.3347
2023-08-11 13:30:01,194 - Training - INFO - [EVAL]EPOCH: 57/200, loss: 12.9056, accuracy: 0.7778
2023-08-11 13:30:05,351 - Training - INFO - [TRAIN]EPOCH: 58/200, batch: 0, loss: 34.8886, lr: 0.0100
2023-08-11 13:30:05,577 - Training - INFO - [EVAL]EPOCH: 58/200, batch: 0, loss: 15.6100, accuracy: 0.7778
2023-08-11 13:30:05,578 - Training - INFO - [TRAIN]EPOCH: 58/200, Epoch Time: 00:00:04, Epoch Loss: 34.8886
2023-08-11 13:30:05,829 - Training - INFO - [EVAL]EPOCH: 58/200, loss: 15.6100, accuracy: 0.7778
2023-08-11 13:30:09,150 - Training - INFO - [TRAIN]EPOCH: 59/200, batch: 0, loss: 42.8490, lr: 0.0100
2023-08-11 13:30:09,376 - Training - INFO - [EVAL]EPOCH: 59/200, batch: 0, loss: 12.0733, accuracy: 0.7778
2023-08-11 13:30:09,377 - Training - INFO - [TRAIN]EPOCH: 59/200, Epoch Time: 00:00:03, Epoch Loss: 42.8490
2023-08-11 13:30:09,608 - Training - INFO - [EVAL]EPOCH: 59/200, loss: 12.0733, accuracy: 0.7778
2023-08-11 13:30:11,393 - Training - INFO - [TRAIN]EPOCH: 60/200, batch: 0, loss: 32.4782, lr: 0.0100
2023-08-11 13:30:11,602 - Training - INFO - [EVAL]EPOCH: 60/200, batch: 0, loss: 11.8327, accuracy: 0.7778
2023-08-11 13:30:11,603 - Training - INFO - [TRAIN]EPOCH: 60/200, Epoch Time: 00:00:01, Epoch Loss: 32.4782
2023-08-11 13:30:11,806 - Training - INFO - [EVAL]EPOCH: 60/200, loss: 11.8327, accuracy: 0.7778
2023-08-11 13:30:14,260 - Training - INFO - [TRAIN]EPOCH: 61/200, batch: 0, loss: 32.3900, lr: 0.0100
2023-08-11 13:30:14,492 - Training - INFO - [EVAL]EPOCH: 61/200, batch: 0, loss: 14.6390, accuracy: 0.7778
2023-08-11 13:30:14,494 - Training - INFO - [TRAIN]EPOCH: 61/200, Epoch Time: 00:00:02, Epoch Loss: 32.3900
2023-08-11 13:30:14,743 - Training - INFO - [EVAL]EPOCH: 61/200, loss: 14.6390, accuracy: 0.7778
2023-08-11 13:30:18,352 - Training - INFO - [TRAIN]EPOCH: 62/200, batch: 0, loss: 40.5392, lr: 0.0100
2023-08-11 13:30:18,581 - Training - INFO - [EVAL]EPOCH: 62/200, batch: 0, loss: 12.9739, accuracy: 0.7778
2023-08-11 13:30:18,585 - Training - INFO - [TRAIN]EPOCH: 62/200, Epoch Time: 00:00:03, Epoch Loss: 40.5392
2023-08-11 13:30:18,839 - Training - INFO - [EVAL]EPOCH: 62/200, loss: 12.9739, accuracy: 0.7778
2023-08-11 13:30:22,876 - Training - INFO - [TRAIN]EPOCH: 63/200, batch: 0, loss: 35.0933, lr: 0.0100
2023-08-11 13:30:23,118 - Training - INFO - [EVAL]EPOCH: 63/200, batch: 0, loss: 13.6472, accuracy: 0.7778
2023-08-11 13:30:23,120 - Training - INFO - [TRAIN]EPOCH: 63/200, Epoch Time: 00:00:04, Epoch Loss: 35.0933
2023-08-11 13:30:23,369 - Training - INFO - [EVAL]EPOCH: 63/200, loss: 13.6472, accuracy: 0.7778
2023-08-11 13:30:28,232 - Training - INFO - [TRAIN]EPOCH: 64/200, batch: 0, loss: 37.3617, lr: 0.0100
2023-08-11 13:30:28,480 - Training - INFO - [EVAL]EPOCH: 64/200, batch: 0, loss: 10.0886, accuracy: 0.7778
2023-08-11 13:30:28,482 - Training - INFO - [TRAIN]EPOCH: 64/200, Epoch Time: 00:00:05, Epoch Loss: 37.3617
2023-08-11 13:30:28,730 - Training - INFO - [EVAL]EPOCH: 64/200, loss: 10.0886, accuracy: 0.7778
2023-08-11 13:30:32,241 - Training - INFO - [TRAIN]EPOCH: 65/200, batch: 0, loss: 27.0913, lr: 0.0100
2023-08-11 13:30:32,467 - Training - INFO - [EVAL]EPOCH: 65/200, batch: 0, loss: 14.8113, accuracy: 0.7778
2023-08-11 13:30:32,469 - Training - INFO - [TRAIN]EPOCH: 65/200, Epoch Time: 00:00:03, Epoch Loss: 27.0913
2023-08-11 13:30:32,720 - Training - INFO - [EVAL]EPOCH: 65/200, loss: 14.8113, accuracy: 0.7778
2023-08-11 13:30:36,351 - Training - INFO - [TRAIN]EPOCH: 66/200, batch: 0, loss: 40.8126, lr: 0.0100
2023-08-11 13:30:36,596 - Training - INFO - [EVAL]EPOCH: 66/200, batch: 0, loss: 10.0749, accuracy: 0.7778
2023-08-11 13:30:36,598 - Training - INFO - [TRAIN]EPOCH: 66/200, Epoch Time: 00:00:03, Epoch Loss: 40.8126
2023-08-11 13:30:36,833 - Training - INFO - [EVAL]EPOCH: 66/200, loss: 10.0749, accuracy: 0.7778
2023-08-11 13:30:38,877 - Training - INFO - [TRAIN]EPOCH: 67/200, batch: 0, loss: 27.4829, lr: 0.0100
2023-08-11 13:30:39,120 - Training - INFO - [EVAL]EPOCH: 67/200, batch: 0, loss: 13.5231, accuracy: 0.7778
2023-08-11 13:30:39,122 - Training - INFO - [TRAIN]EPOCH: 67/200, Epoch Time: 00:00:02, Epoch Loss: 27.4829
2023-08-11 13:30:39,359 - Training - INFO - [EVAL]EPOCH: 67/200, loss: 13.5231, accuracy: 0.7778
2023-08-11 13:30:43,029 - Training - INFO - [TRAIN]EPOCH: 68/200, batch: 0, loss: 37.4644, lr: 0.0100
2023-08-11 13:30:43,272 - Training - INFO - [EVAL]EPOCH: 68/200, batch: 0, loss: 10.6524, accuracy: 0.7778
2023-08-11 13:30:43,274 - Training - INFO - [TRAIN]EPOCH: 68/200, Epoch Time: 00:00:03, Epoch Loss: 37.4644
2023-08-11 13:30:43,525 - Training - INFO - [EVAL]EPOCH: 68/200, loss: 10.6524, accuracy: 0.7778
2023-08-11 13:30:47,098 - Training - INFO - [TRAIN]EPOCH: 69/200, batch: 0, loss: 28.7363, lr: 0.0100
2023-08-11 13:30:47,339 - Training - INFO - [EVAL]EPOCH: 69/200, batch: 0, loss: 13.0008, accuracy: 0.7778
2023-08-11 13:30:47,341 - Training - INFO - [TRAIN]EPOCH: 69/200, Epoch Time: 00:00:03, Epoch Loss: 28.7363
2023-08-11 13:30:47,565 - Training - INFO - [EVAL]EPOCH: 69/200, loss: 13.0008, accuracy: 0.7778
2023-08-11 13:30:50,659 - Training - INFO - [TRAIN]EPOCH: 70/200, batch: 0, loss: 35.9110, lr: 0.0100
2023-08-11 13:30:50,902 - Training - INFO - [EVAL]EPOCH: 70/200, batch: 0, loss: 8.8392, accuracy: 0.7778
2023-08-11 13:30:50,903 - Training - INFO - [TRAIN]EPOCH: 70/200, Epoch Time: 00:00:03, Epoch Loss: 35.9110
2023-08-11 13:30:51,150 - Training - INFO - [EVAL]EPOCH: 70/200, loss: 8.8393, accuracy: 0.7778
2023-08-11 13:30:53,816 - Training - INFO - [TRAIN]EPOCH: 71/200, batch: 0, loss: 23.9404, lr: 0.0100
2023-08-11 13:30:54,020 - Training - INFO - [EVAL]EPOCH: 71/200, batch: 0, loss: 14.3564, accuracy: 0.7778
2023-08-11 13:30:54,022 - Training - INFO - [TRAIN]EPOCH: 71/200, Epoch Time: 00:00:02, Epoch Loss: 23.9404
2023-08-11 13:30:54,237 - Training - INFO - [EVAL]EPOCH: 71/200, loss: 14.3564, accuracy: 0.7778
2023-08-11 13:30:58,519 - Training - INFO - [TRAIN]EPOCH: 72/200, batch: 0, loss: 39.7268, lr: 0.0100
2023-08-11 13:30:58,740 - Training - INFO - [EVAL]EPOCH: 72/200, batch: 0, loss: 11.3222, accuracy: 0.7778
2023-08-11 13:30:58,743 - Training - INFO - [TRAIN]EPOCH: 72/200, Epoch Time: 00:00:04, Epoch Loss: 39.7268
2023-08-11 13:30:58,968 - Training - INFO - [EVAL]EPOCH: 72/200, loss: 11.3222, accuracy: 0.7778
2023-08-11 13:31:03,791 - Training - INFO - [TRAIN]EPOCH: 73/200, batch: 0, loss: 31.2579, lr: 0.0100
2023-08-11 13:31:04,003 - Training - INFO - [EVAL]EPOCH: 73/200, batch: 0, loss: 12.5835, accuracy: 0.7778
2023-08-11 13:31:04,006 - Training - INFO - [TRAIN]EPOCH: 73/200, Epoch Time: 00:00:05, Epoch Loss: 31.2579
2023-08-11 13:31:04,222 - Training - INFO - [EVAL]EPOCH: 73/200, loss: 12.5835, accuracy: 0.7778
2023-08-11 13:31:07,693 - Training - INFO - [TRAIN]EPOCH: 74/200, batch: 0, loss: 35.1201, lr: 0.0100
2023-08-11 13:31:07,932 - Training - INFO - [EVAL]EPOCH: 74/200, batch: 0, loss: 11.3609, accuracy: 0.7778
2023-08-11 13:31:07,933 - Training - INFO - [TRAIN]EPOCH: 74/200, Epoch Time: 00:00:03, Epoch Loss: 35.1201
2023-08-11 13:31:08,181 - Training - INFO - [EVAL]EPOCH: 74/200, loss: 11.3609, accuracy: 0.7778
2023-08-11 13:31:12,287 - Training - INFO - [TRAIN]EPOCH: 75/200, batch: 0, loss: 31.4425, lr: 0.0100
2023-08-11 13:31:12,575 - Training - INFO - [EVAL]EPOCH: 75/200, batch: 0, loss: 11.4232, accuracy: 0.7778
2023-08-11 13:31:12,577 - Training - INFO - [TRAIN]EPOCH: 75/200, Epoch Time: 00:00:04, Epoch Loss: 31.4425
2023-08-11 13:31:12,861 - Training - INFO - [EVAL]EPOCH: 75/200, loss: 11.4232, accuracy: 0.7778
2023-08-11 13:31:17,565 - Training - INFO - [TRAIN]EPOCH: 76/200, batch: 0, loss: 31.3189, lr: 0.0100
2023-08-11 13:31:17,784 - Training - INFO - [EVAL]EPOCH: 76/200, batch: 0, loss: 11.1075, accuracy: 0.7778
2023-08-11 13:31:17,786 - Training - INFO - [TRAIN]EPOCH: 76/200, Epoch Time: 00:00:04, Epoch Loss: 31.3189
2023-08-11 13:31:18,006 - Training - INFO - [EVAL]EPOCH: 76/200, loss: 11.1075, accuracy: 0.7778
2023-08-11 13:31:21,005 - Training - INFO - [TRAIN]EPOCH: 77/200, batch: 0, loss: 30.7097, lr: 0.0100
2023-08-11 13:31:21,255 - Training - INFO - [EVAL]EPOCH: 77/200, batch: 0, loss: 9.5177, accuracy: 0.7778
2023-08-11 13:31:21,256 - Training - INFO - [TRAIN]EPOCH: 77/200, Epoch Time: 00:00:03, Epoch Loss: 30.7097
2023-08-11 13:31:21,503 - Training - INFO - [EVAL]EPOCH: 77/200, loss: 9.5177, accuracy: 0.7778
2023-08-11 13:31:23,714 - Training - INFO - [TRAIN]EPOCH: 78/200, batch: 0, loss: 26.3971, lr: 0.0100
2023-08-11 13:31:24,000 - Training - INFO - [EVAL]EPOCH: 78/200, batch: 0, loss: 11.8185, accuracy: 0.7778
2023-08-11 13:31:24,002 - Training - INFO - [TRAIN]EPOCH: 78/200, Epoch Time: 00:00:02, Epoch Loss: 26.3971
2023-08-11 13:31:24,286 - Training - INFO - [EVAL]EPOCH: 78/200, loss: 11.8185, accuracy: 0.7778
2023-08-11 13:31:29,582 - Training - INFO - [TRAIN]EPOCH: 79/200, batch: 0, loss: 32.9336, lr: 0.0100
2023-08-11 13:31:29,875 - Training - INFO - [EVAL]EPOCH: 79/200, batch: 0, loss: 8.6595, accuracy: 0.7778
2023-08-11 13:31:29,877 - Training - INFO - [TRAIN]EPOCH: 79/200, Epoch Time: 00:00:05, Epoch Loss: 32.9336
2023-08-11 13:31:30,182 - Training - INFO - [EVAL]EPOCH: 79/200, loss: 8.6595, accuracy: 0.7778
2023-08-11 13:31:35,058 - Training - INFO - [TRAIN]EPOCH: 80/200, batch: 0, loss: 23.3404, lr: 0.0100
2023-08-11 13:31:35,336 - Training - INFO - [EVAL]EPOCH: 80/200, batch: 0, loss: 12.6066, accuracy: 0.7778
2023-08-11 13:31:35,337 - Training - INFO - [TRAIN]EPOCH: 80/200, Epoch Time: 00:00:05, Epoch Loss: 23.3404
2023-08-11 13:31:35,640 - Training - INFO - [EVAL]EPOCH: 80/200, loss: 12.6066, accuracy: 0.7778
2023-08-11 13:31:38,650 - Training - INFO - [TRAIN]EPOCH: 81/200, batch: 0, loss: 35.3171, lr: 0.0100
2023-08-11 13:31:38,945 - Training - INFO - [EVAL]EPOCH: 81/200, batch: 0, loss: 10.5915, accuracy: 0.7778
2023-08-11 13:31:38,947 - Training - INFO - [TRAIN]EPOCH: 81/200, Epoch Time: 00:00:03, Epoch Loss: 35.3171
2023-08-11 13:31:39,254 - Training - INFO - [EVAL]EPOCH: 81/200, loss: 10.5915, accuracy: 0.7778
2023-08-11 13:31:43,761 - Training - INFO - [TRAIN]EPOCH: 82/200, batch: 0, loss: 29.6497, lr: 0.0100
2023-08-11 13:31:44,056 - Training - INFO - [EVAL]EPOCH: 82/200, batch: 0, loss: 10.7616, accuracy: 0.7778
2023-08-11 13:31:44,059 - Training - INFO - [TRAIN]EPOCH: 82/200, Epoch Time: 00:00:04, Epoch Loss: 29.6497
2023-08-11 13:31:44,349 - Training - INFO - [EVAL]EPOCH: 82/200, loss: 10.7616, accuracy: 0.7778
2023-08-11 13:31:46,573 - Training - INFO - [TRAIN]EPOCH: 83/200, batch: 0, loss: 29.7739, lr: 0.0100
2023-08-11 13:31:46,812 - Training - INFO - [EVAL]EPOCH: 83/200, batch: 0, loss: 10.9339, accuracy: 0.7778
2023-08-11 13:31:46,814 - Training - INFO - [TRAIN]EPOCH: 83/200, Epoch Time: 00:00:02, Epoch Loss: 29.7739
2023-08-11 13:31:47,049 - Training - INFO - [EVAL]EPOCH: 83/200, loss: 10.9339, accuracy: 0.7778
2023-08-11 13:31:49,908 - Training - INFO - [TRAIN]EPOCH: 84/200, batch: 0, loss: 30.3255, lr: 0.0100
2023-08-11 13:31:50,124 - Training - INFO - [EVAL]EPOCH: 84/200, batch: 0, loss: 8.4531, accuracy: 0.7778
2023-08-11 13:31:50,125 - Training - INFO - [TRAIN]EPOCH: 84/200, Epoch Time: 00:00:03, Epoch Loss: 30.3255
2023-08-11 13:31:50,364 - Training - INFO - [EVAL]EPOCH: 84/200, loss: 8.4531, accuracy: 0.7778
2023-08-11 13:31:52,203 - Training - INFO - [TRAIN]EPOCH: 85/200, batch: 0, loss: 23.2157, lr: 0.0100
2023-08-11 13:31:52,420 - Training - INFO - [EVAL]EPOCH: 85/200, batch: 0, loss: 11.2674, accuracy: 0.7778
2023-08-11 13:31:52,423 - Training - INFO - [TRAIN]EPOCH: 85/200, Epoch Time: 00:00:02, Epoch Loss: 23.2157
2023-08-11 13:31:52,654 - Training - INFO - [EVAL]EPOCH: 85/200, loss: 11.2674, accuracy: 0.7778
2023-08-11 13:31:56,653 - Training - INFO - [TRAIN]EPOCH: 86/200, batch: 0, loss: 31.6323, lr: 0.0100
2023-08-11 13:31:56,898 - Training - INFO - [EVAL]EPOCH: 86/200, batch: 0, loss: 7.2867, accuracy: 0.7778
2023-08-11 13:31:56,900 - Training - INFO - [TRAIN]EPOCH: 86/200, Epoch Time: 00:00:04, Epoch Loss: 31.6323
2023-08-11 13:31:57,139 - Training - INFO - [EVAL]EPOCH: 86/200, loss: 7.2867, accuracy: 0.7778
2023-08-11 13:32:01,767 - Training - INFO - [TRAIN]EPOCH: 87/200, batch: 0, loss: 20.2097, lr: 0.0100
2023-08-11 13:32:02,018 - Training - INFO - [EVAL]EPOCH: 87/200, batch: 0, loss: 12.8958, accuracy: 0.7778
2023-08-11 13:32:02,020 - Training - INFO - [TRAIN]EPOCH: 87/200, Epoch Time: 00:00:04, Epoch Loss: 20.2097
2023-08-11 13:32:02,260 - Training - INFO - [EVAL]EPOCH: 87/200, loss: 12.8958, accuracy: 0.7778
2023-08-11 13:32:07,801 - Training - INFO - [TRAIN]EPOCH: 88/200, batch: 0, loss: 35.8632, lr: 0.0100
2023-08-11 13:32:08,050 - Training - INFO - [EVAL]EPOCH: 88/200, batch: 0, loss: 9.5839, accuracy: 0.7778
2023-08-11 13:32:08,051 - Training - INFO - [TRAIN]EPOCH: 88/200, Epoch Time: 00:00:05, Epoch Loss: 35.8632
2023-08-11 13:32:08,295 - Training - INFO - [EVAL]EPOCH: 88/200, loss: 9.5839, accuracy: 0.7778
2023-08-11 13:32:11,519 - Training - INFO - [TRAIN]EPOCH: 89/200, batch: 0, loss: 26.2351, lr: 0.0100
2023-08-11 13:32:11,731 - Training - INFO - [EVAL]EPOCH: 89/200, batch: 0, loss: 12.1702, accuracy: 0.7778
2023-08-11 13:32:11,733 - Training - INFO - [TRAIN]EPOCH: 89/200, Epoch Time: 00:00:03, Epoch Loss: 26.2351
2023-08-11 13:32:11,976 - Training - INFO - [EVAL]EPOCH: 89/200, loss: 12.1702, accuracy: 0.7778
2023-08-11 13:32:14,440 - Training - INFO - [TRAIN]EPOCH: 90/200, batch: 0, loss: 34.4086, lr: 0.0100
2023-08-11 13:32:14,723 - Training - INFO - [EVAL]EPOCH: 90/200, batch: 0, loss: 11.1338, accuracy: 0.7778
2023-08-11 13:32:14,725 - Training - INFO - [TRAIN]EPOCH: 90/200, Epoch Time: 00:00:02, Epoch Loss: 34.4086
2023-08-11 13:32:15,003 - Training - INFO - [EVAL]EPOCH: 90/200, loss: 11.1338, accuracy: 0.7778
2023-08-11 13:32:20,051 - Training - INFO - [TRAIN]EPOCH: 91/200, batch: 0, loss: 31.5715, lr: 0.0100
2023-08-11 13:32:20,323 - Training - INFO - [EVAL]EPOCH: 91/200, batch: 0, loss: 9.9203, accuracy: 0.7778
2023-08-11 13:32:20,326 - Training - INFO - [TRAIN]EPOCH: 91/200, Epoch Time: 00:00:05, Epoch Loss: 31.5715
2023-08-11 13:32:20,599 - Training - INFO - [EVAL]EPOCH: 91/200, loss: 9.9203, accuracy: 0.7778
2023-08-11 13:32:25,234 - Training - INFO - [TRAIN]EPOCH: 92/200, batch: 0, loss: 27.4859, lr: 0.0100
2023-08-11 13:32:25,518 - Training - INFO - [EVAL]EPOCH: 92/200, batch: 0, loss: 10.7613, accuracy: 0.7778
2023-08-11 13:32:25,520 - Training - INFO - [TRAIN]EPOCH: 92/200, Epoch Time: 00:00:04, Epoch Loss: 27.4859
2023-08-11 13:32:25,798 - Training - INFO - [EVAL]EPOCH: 92/200, loss: 10.7613, accuracy: 0.7778
2023-08-11 13:32:29,324 - Training - INFO - [TRAIN]EPOCH: 93/200, batch: 0, loss: 29.7819, lr: 0.0100
2023-08-11 13:32:29,577 - Training - INFO - [EVAL]EPOCH: 93/200, batch: 0, loss: 8.4095, accuracy: 0.7778
2023-08-11 13:32:29,578 - Training - INFO - [TRAIN]EPOCH: 93/200, Epoch Time: 00:00:03, Epoch Loss: 29.7819
2023-08-11 13:32:29,847 - Training - INFO - [EVAL]EPOCH: 93/200, loss: 8.4095, accuracy: 0.7778
2023-08-11 13:32:32,784 - Training - INFO - [TRAIN]EPOCH: 94/200, batch: 0, loss: 23.2227, lr: 0.0100
2023-08-11 13:32:33,032 - Training - INFO - [EVAL]EPOCH: 94/200, batch: 0, loss: 10.5917, accuracy: 0.7778
2023-08-11 13:32:33,033 - Training - INFO - [TRAIN]EPOCH: 94/200, Epoch Time: 00:00:03, Epoch Loss: 23.2227
2023-08-11 13:32:33,302 - Training - INFO - [EVAL]EPOCH: 94/200, loss: 10.5917, accuracy: 0.7778
2023-08-11 13:32:36,965 - Training - INFO - [TRAIN]EPOCH: 95/200, batch: 0, loss: 29.6871, lr: 0.0100
2023-08-11 13:32:37,208 - Training - INFO - [EVAL]EPOCH: 95/200, batch: 0, loss: 8.3451, accuracy: 0.7778
2023-08-11 13:32:37,210 - Training - INFO - [TRAIN]EPOCH: 95/200, Epoch Time: 00:00:03, Epoch Loss: 29.6871
2023-08-11 13:32:37,453 - Training - INFO - [EVAL]EPOCH: 95/200, loss: 8.3451, accuracy: 0.7778
2023-08-11 13:32:40,776 - Training - INFO - [TRAIN]EPOCH: 96/200, batch: 0, loss: 23.3232, lr: 0.0100
2023-08-11 13:32:41,019 - Training - INFO - [EVAL]EPOCH: 96/200, batch: 0, loss: 10.5669, accuracy: 0.7778
2023-08-11 13:32:41,021 - Training - INFO - [TRAIN]EPOCH: 96/200, Epoch Time: 00:00:03, Epoch Loss: 23.3232
2023-08-11 13:32:41,270 - Training - INFO - [EVAL]EPOCH: 96/200, loss: 10.5669, accuracy: 0.7778
2023-08-11 13:32:45,946 - Training - INFO - [TRAIN]EPOCH: 97/200, batch: 0, loss: 29.3771, lr: 0.0100
2023-08-11 13:32:46,195 - Training - INFO - [EVAL]EPOCH: 97/200, batch: 0, loss: 9.0940, accuracy: 0.7778
2023-08-11 13:32:46,197 - Training - INFO - [TRAIN]EPOCH: 97/200, Epoch Time: 00:00:04, Epoch Loss: 29.3771
2023-08-11 13:32:46,443 - Training - INFO - [EVAL]EPOCH: 97/200, loss: 9.0940, accuracy: 0.7778
2023-08-11 13:32:49,309 - Training - INFO - [TRAIN]EPOCH: 98/200, batch: 0, loss: 25.1929, lr: 0.0100
2023-08-11 13:32:49,549 - Training - INFO - [EVAL]EPOCH: 98/200, batch: 0, loss: 10.0695, accuracy: 0.7778
2023-08-11 13:32:49,551 - Training - INFO - [TRAIN]EPOCH: 98/200, Epoch Time: 00:00:03, Epoch Loss: 25.1929
2023-08-11 13:32:49,792 - Training - INFO - [EVAL]EPOCH: 98/200, loss: 10.0695, accuracy: 0.7778
2023-08-11 13:32:55,017 - Training - INFO - [TRAIN]EPOCH: 99/200, batch: 0, loss: 28.1190, lr: 0.0030
2023-08-11 13:32:55,264 - Training - INFO - [EVAL]EPOCH: 99/200, batch: 0, loss: 9.4096, accuracy: 0.7778
2023-08-11 13:32:55,267 - Training - INFO - [TRAIN]EPOCH: 99/200, Epoch Time: 00:00:05, Epoch Loss: 28.1190
2023-08-11 13:32:55,500 - Training - INFO - [EVAL]EPOCH: 99/200, loss: 9.4096, accuracy: 0.7778
2023-08-11 13:32:58,592 - Training - INFO - [TRAIN]EPOCH: 100/200, batch: 0, loss: 26.2179, lr: 0.0030
2023-08-11 13:32:58,804 - Training - INFO - [EVAL]EPOCH: 100/200, batch: 0, loss: 5.5367, accuracy: 0.7778
2023-08-11 13:32:58,805 - Training - INFO - [TRAIN]EPOCH: 100/200, Epoch Time: 00:00:03, Epoch Loss: 26.2179
2023-08-11 13:32:59,043 - Training - INFO - [EVAL]EPOCH: 100/200, loss: 5.5367, accuracy: 0.7778
2023-08-11 13:33:01,084 - Training - INFO - [TRAIN]EPOCH: 101/200, batch: 0, loss: 14.9950, lr: 0.0030
2023-08-11 13:33:01,323 - Training - INFO - [EVAL]EPOCH: 101/200, batch: 0, loss: 5.5872, accuracy: 0.7778
2023-08-11 13:33:01,325 - Training - INFO - [TRAIN]EPOCH: 101/200, Epoch Time: 00:00:02, Epoch Loss: 14.9950
2023-08-11 13:33:01,573 - Training - INFO - [EVAL]EPOCH: 101/200, loss: 5.5872, accuracy: 0.7778
2023-08-11 13:33:05,291 - Training - INFO - [TRAIN]EPOCH: 102/200, batch: 0, loss: 15.1074, lr: 0.0030
2023-08-11 13:33:05,505 - Training - INFO - [EVAL]EPOCH: 102/200, batch: 0, loss: 7.3486, accuracy: 0.7778
2023-08-11 13:33:05,507 - Training - INFO - [TRAIN]EPOCH: 102/200, Epoch Time: 00:00:03, Epoch Loss: 15.1074
2023-08-11 13:33:05,729 - Training - INFO - [EVAL]EPOCH: 102/200, loss: 7.3486, accuracy: 0.7778
2023-08-11 13:33:08,711 - Training - INFO - [TRAIN]EPOCH: 103/200, batch: 0, loss: 20.2060, lr: 0.0030
2023-08-11 13:33:08,928 - Training - INFO - [EVAL]EPOCH: 103/200, batch: 0, loss: 6.5608, accuracy: 0.7778
2023-08-11 13:33:08,929 - Training - INFO - [TRAIN]EPOCH: 103/200, Epoch Time: 00:00:03, Epoch Loss: 20.2060
2023-08-11 13:33:09,167 - Training - INFO - [EVAL]EPOCH: 103/200, loss: 6.5608, accuracy: 0.7778
2023-08-11 13:33:13,466 - Training - INFO - [TRAIN]EPOCH: 104/200, batch: 0, loss: 17.8632, lr: 0.0030
2023-08-11 13:33:13,690 - Training - INFO - [EVAL]EPOCH: 104/200, batch: 0, loss: 4.0865, accuracy: 0.7778
2023-08-11 13:33:13,693 - Training - INFO - [TRAIN]EPOCH: 104/200, Epoch Time: 00:00:04, Epoch Loss: 17.8632
2023-08-11 13:33:13,915 - Training - INFO - [EVAL]EPOCH: 104/200, loss: 4.0865, accuracy: 0.7778
2023-08-11 13:33:19,310 - Training - INFO - [TRAIN]EPOCH: 105/200, batch: 0, loss: 10.4655, lr: 0.0030
2023-08-11 13:33:19,559 - Training - INFO - [EVAL]EPOCH: 105/200, batch: 0, loss: 6.1989, accuracy: 0.7778
2023-08-11 13:33:19,562 - Training - INFO - [TRAIN]EPOCH: 105/200, Epoch Time: 00:00:05, Epoch Loss: 10.4655
2023-08-11 13:33:19,813 - Training - INFO - [EVAL]EPOCH: 105/200, loss: 6.1989, accuracy: 0.7778
2023-08-11 13:33:24,315 - Training - INFO - [TRAIN]EPOCH: 106/200, batch: 0, loss: 16.8950, lr: 0.0030
2023-08-11 13:33:24,575 - Training - INFO - [EVAL]EPOCH: 106/200, batch: 0, loss: 7.2673, accuracy: 0.7778
2023-08-11 13:33:24,577 - Training - INFO - [TRAIN]EPOCH: 106/200, Epoch Time: 00:00:04, Epoch Loss: 16.8950
2023-08-11 13:33:24,823 - Training - INFO - [EVAL]EPOCH: 106/200, loss: 7.2673, accuracy: 0.7778
2023-08-11 13:33:27,759 - Training - INFO - [TRAIN]EPOCH: 107/200, batch: 0, loss: 20.1743, lr: 0.0030
2023-08-11 13:33:28,003 - Training - INFO - [EVAL]EPOCH: 107/200, batch: 0, loss: 4.1243, accuracy: 0.7778
2023-08-11 13:33:28,005 - Training - INFO - [TRAIN]EPOCH: 107/200, Epoch Time: 00:00:03, Epoch Loss: 20.1743
2023-08-11 13:33:28,243 - Training - INFO - [EVAL]EPOCH: 107/200, loss: 4.1243, accuracy: 0.7778
2023-08-11 13:33:31,215 - Training - INFO - [TRAIN]EPOCH: 108/200, batch: 0, loss: 11.1426, lr: 0.0030
2023-08-11 13:33:31,459 - Training - INFO - [EVAL]EPOCH: 108/200, batch: 0, loss: 5.0745, accuracy: 0.7778
2023-08-11 13:33:31,461 - Training - INFO - [TRAIN]EPOCH: 108/200, Epoch Time: 00:00:03, Epoch Loss: 11.1426
2023-08-11 13:33:31,710 - Training - INFO - [EVAL]EPOCH: 108/200, loss: 5.0745, accuracy: 0.7778
2023-08-11 13:33:36,503 - Training - INFO - [TRAIN]EPOCH: 109/200, batch: 0, loss: 13.5998, lr: 0.0030
2023-08-11 13:33:36,754 - Training - INFO - [EVAL]EPOCH: 109/200, batch: 0, loss: 6.1801, accuracy: 0.7778
2023-08-11 13:33:36,755 - Training - INFO - [TRAIN]EPOCH: 109/200, Epoch Time: 00:00:05, Epoch Loss: 13.5998
2023-08-11 13:33:36,984 - Training - INFO - [EVAL]EPOCH: 109/200, loss: 6.1801, accuracy: 0.7778
2023-08-11 13:33:42,259 - Training - INFO - [TRAIN]EPOCH: 110/200, batch: 0, loss: 16.6985, lr: 0.0030
2023-08-11 13:33:42,509 - Training - INFO - [EVAL]EPOCH: 110/200, batch: 0, loss: 4.9844, accuracy: 0.7778
2023-08-11 13:33:42,511 - Training - INFO - [TRAIN]EPOCH: 110/200, Epoch Time: 00:00:05, Epoch Loss: 16.6985
2023-08-11 13:33:42,753 - Training - INFO - [EVAL]EPOCH: 110/200, loss: 4.9844, accuracy: 0.7778
2023-08-11 13:33:45,124 - Training - INFO - [TRAIN]EPOCH: 111/200, batch: 0, loss: 13.1821, lr: 0.0030
2023-08-11 13:33:45,361 - Training - INFO - [EVAL]EPOCH: 111/200, batch: 0, loss: 3.6218, accuracy: 0.7778
2023-08-11 13:33:45,363 - Training - INFO - [TRAIN]EPOCH: 111/200, Epoch Time: 00:00:02, Epoch Loss: 13.1821
2023-08-11 13:33:45,595 - Training - INFO - [EVAL]EPOCH: 111/200, loss: 3.6218, accuracy: 0.7778
2023-08-11 13:33:48,946 - Training - INFO - [TRAIN]EPOCH: 112/200, batch: 0, loss: 9.2505, lr: 0.0030
2023-08-11 13:33:49,159 - Training - INFO - [EVAL]EPOCH: 112/200, batch: 0, loss: 5.0268, accuracy: 0.7778
2023-08-11 13:33:49,161 - Training - INFO - [TRAIN]EPOCH: 112/200, Epoch Time: 00:00:03, Epoch Loss: 9.2505
2023-08-11 13:33:49,382 - Training - INFO - [EVAL]EPOCH: 112/200, loss: 5.0268, accuracy: 0.7778
2023-08-11 13:33:52,130 - Training - INFO - [TRAIN]EPOCH: 113/200, batch: 0, loss: 13.5812, lr: 0.0030
2023-08-11 13:33:52,377 - Training - INFO - [EVAL]EPOCH: 113/200, batch: 0, loss: 4.4956, accuracy: 0.7778
2023-08-11 13:33:52,380 - Training - INFO - [TRAIN]EPOCH: 113/200, Epoch Time: 00:00:02, Epoch Loss: 13.5812
2023-08-11 13:33:52,626 - Training - INFO - [EVAL]EPOCH: 113/200, loss: 4.4956, accuracy: 0.7778
2023-08-11 13:33:56,839 - Training - INFO - [TRAIN]EPOCH: 114/200, batch: 0, loss: 12.1979, lr: 0.0030
2023-08-11 13:33:57,085 - Training - INFO - [EVAL]EPOCH: 114/200, batch: 0, loss: 3.1985, accuracy: 0.7778
2023-08-11 13:33:57,090 - Training - INFO - [TRAIN]EPOCH: 114/200, Epoch Time: 00:00:04, Epoch Loss: 12.1979
2023-08-11 13:33:57,340 - Training - INFO - [EVAL]EPOCH: 114/200, loss: 3.1985, accuracy: 0.7778
2023-08-11 13:34:01,538 - Training - INFO - [TRAIN]EPOCH: 115/200, batch: 0, loss: 8.3035, lr: 0.0030
2023-08-11 13:34:01,782 - Training - INFO - [EVAL]EPOCH: 115/200, batch: 0, loss: 4.6507, accuracy: 0.7778
2023-08-11 13:34:01,785 - Training - INFO - [TRAIN]EPOCH: 115/200, Epoch Time: 00:00:04, Epoch Loss: 8.3035
2023-08-11 13:34:02,022 - Training - INFO - [EVAL]EPOCH: 115/200, loss: 4.6507, accuracy: 0.7778
2023-08-11 13:34:03,680 - Training - INFO - [TRAIN]EPOCH: 116/200, batch: 0, loss: 12.0660, lr: 0.0030
2023-08-11 13:34:03,891 - Training - INFO - [EVAL]EPOCH: 116/200, batch: 0, loss: 3.8580, accuracy: 0.7778
2023-08-11 13:34:03,893 - Training - INFO - [TRAIN]EPOCH: 116/200, Epoch Time: 00:00:01, Epoch Loss: 12.0660
2023-08-11 13:34:04,135 - Training - INFO - [EVAL]EPOCH: 116/200, loss: 3.8580, accuracy: 0.7778
2023-08-11 13:34:07,483 - Training - INFO - [TRAIN]EPOCH: 117/200, batch: 0, loss: 9.7358, lr: 0.0030
2023-08-11 13:34:07,730 - Training - INFO - [EVAL]EPOCH: 117/200, batch: 0, loss: 3.6923, accuracy: 0.7778
2023-08-11 13:34:07,733 - Training - INFO - [TRAIN]EPOCH: 117/200, Epoch Time: 00:00:03, Epoch Loss: 9.7358
2023-08-11 13:34:07,979 - Training - INFO - [EVAL]EPOCH: 117/200, loss: 3.6923, accuracy: 0.7778
2023-08-11 13:34:11,390 - Training - INFO - [TRAIN]EPOCH: 118/200, batch: 0, loss: 9.8492, lr: 0.0030
2023-08-11 13:34:11,654 - Training - INFO - [EVAL]EPOCH: 118/200, batch: 0, loss: 3.8271, accuracy: 0.7778
2023-08-11 13:34:11,656 - Training - INFO - [TRAIN]EPOCH: 118/200, Epoch Time: 00:00:03, Epoch Loss: 9.8492
2023-08-11 13:34:11,898 - Training - INFO - [EVAL]EPOCH: 118/200, loss: 3.8271, accuracy: 0.7778
2023-08-11 13:34:17,102 - Training - INFO - [TRAIN]EPOCH: 119/200, batch: 0, loss: 10.2600, lr: 0.0030
2023-08-11 13:34:17,544 - Training - INFO - [EVAL]EPOCH: 119/200, batch: 0, loss: 3.2502, accuracy: 0.7778
2023-08-11 13:34:17,546 - Training - INFO - [TRAIN]EPOCH: 119/200, Epoch Time: 00:00:05, Epoch Loss: 10.2600
2023-08-11 13:34:17,791 - Training - INFO - [EVAL]EPOCH: 119/200, loss: 3.2502, accuracy: 0.7778
2023-08-11 13:34:20,262 - Training - INFO - [TRAIN]EPOCH: 120/200, batch: 0, loss: 8.3617, lr: 0.0030
2023-08-11 13:34:20,479 - Training - INFO - [EVAL]EPOCH: 120/200, batch: 0, loss: 3.7105, accuracy: 0.7778
2023-08-11 13:34:20,482 - Training - INFO - [TRAIN]EPOCH: 120/200, Epoch Time: 00:00:02, Epoch Loss: 8.3617
2023-08-11 13:34:20,697 - Training - INFO - [EVAL]EPOCH: 120/200, loss: 3.7105, accuracy: 0.7778
2023-08-11 13:34:24,151 - Training - INFO - [TRAIN]EPOCH: 121/200, batch: 0, loss: 9.6839, lr: 0.0030
2023-08-11 13:34:24,405 - Training - INFO - [EVAL]EPOCH: 121/200, batch: 0, loss: 3.7596, accuracy: 0.7778
2023-08-11 13:34:24,406 - Training - INFO - [TRAIN]EPOCH: 121/200, Epoch Time: 00:00:03, Epoch Loss: 9.6839
2023-08-11 13:34:24,636 - Training - INFO - [EVAL]EPOCH: 121/200, loss: 3.7596, accuracy: 0.7778
2023-08-11 13:34:29,554 - Training - INFO - [TRAIN]EPOCH: 122/200, batch: 0, loss: 9.6008, lr: 0.0030
2023-08-11 13:34:29,813 - Training - INFO - [EVAL]EPOCH: 122/200, batch: 0, loss: 2.6608, accuracy: 0.7778
2023-08-11 13:34:29,815 - Training - INFO - [TRAIN]EPOCH: 122/200, Epoch Time: 00:00:05, Epoch Loss: 9.6008
2023-08-11 13:34:30,060 - Training - INFO - [EVAL]EPOCH: 122/200, loss: 2.6608, accuracy: 0.7778
2023-08-11 13:34:34,981 - Training - INFO - [TRAIN]EPOCH: 123/200, batch: 0, loss: 6.3921, lr: 0.0030
2023-08-11 13:34:35,230 - Training - INFO - [EVAL]EPOCH: 123/200, batch: 0, loss: 4.7533, accuracy: 0.7778
2023-08-11 13:34:35,232 - Training - INFO - [TRAIN]EPOCH: 123/200, Epoch Time: 00:00:05, Epoch Loss: 6.3921
2023-08-11 13:34:35,479 - Training - INFO - [EVAL]EPOCH: 123/200, loss: 4.7533, accuracy: 0.7778
2023-08-11 13:34:39,627 - Training - INFO - [TRAIN]EPOCH: 124/200, batch: 0, loss: 13.1906, lr: 0.0030
2023-08-11 13:34:39,868 - Training - INFO - [EVAL]EPOCH: 124/200, batch: 0, loss: 3.8400, accuracy: 0.7778
2023-08-11 13:34:39,870 - Training - INFO - [TRAIN]EPOCH: 124/200, Epoch Time: 00:00:04, Epoch Loss: 13.1906
2023-08-11 13:34:40,120 - Training - INFO - [EVAL]EPOCH: 124/200, loss: 3.8400, accuracy: 0.7778
2023-08-11 13:34:45,250 - Training - INFO - [TRAIN]EPOCH: 125/200, batch: 0, loss: 10.5087, lr: 0.0030
2023-08-11 13:34:45,494 - Training - INFO - [EVAL]EPOCH: 125/200, batch: 0, loss: 4.2206, accuracy: 0.7778
2023-08-11 13:34:45,496 - Training - INFO - [TRAIN]EPOCH: 125/200, Epoch Time: 00:00:05, Epoch Loss: 10.5087
2023-08-11 13:34:45,746 - Training - INFO - [EVAL]EPOCH: 125/200, loss: 4.2206, accuracy: 0.7778
2023-08-11 13:34:50,645 - Training - INFO - [TRAIN]EPOCH: 126/200, batch: 0, loss: 11.0590, lr: 0.0030
2023-08-11 13:34:50,892 - Training - INFO - [EVAL]EPOCH: 126/200, batch: 0, loss: 3.7791, accuracy: 0.7778
2023-08-11 13:34:50,893 - Training - INFO - [TRAIN]EPOCH: 126/200, Epoch Time: 00:00:05, Epoch Loss: 11.0590
2023-08-11 13:34:51,128 - Training - INFO - [EVAL]EPOCH: 126/200, loss: 3.7791, accuracy: 0.7778
2023-08-11 13:34:54,171 - Training - INFO - [TRAIN]EPOCH: 127/200, batch: 0, loss: 9.7344, lr: 0.0030
2023-08-11 13:34:54,391 - Training - INFO - [EVAL]EPOCH: 127/200, batch: 0, loss: 4.1082, accuracy: 0.7778
2023-08-11 13:34:54,393 - Training - INFO - [TRAIN]EPOCH: 127/200, Epoch Time: 00:00:03, Epoch Loss: 9.7344
2023-08-11 13:34:54,628 - Training - INFO - [EVAL]EPOCH: 127/200, loss: 4.1082, accuracy: 0.7778
2023-08-11 13:34:58,127 - Training - INFO - [TRAIN]EPOCH: 128/200, batch: 0, loss: 11.0105, lr: 0.0030
2023-08-11 13:34:58,369 - Training - INFO - [EVAL]EPOCH: 128/200, batch: 0, loss: 2.9368, accuracy: 0.7778
2023-08-11 13:34:58,371 - Training - INFO - [TRAIN]EPOCH: 128/200, Epoch Time: 00:00:03, Epoch Loss: 11.0105
2023-08-11 13:34:58,616 - Training - INFO - [EVAL]EPOCH: 128/200, loss: 2.9368, accuracy: 0.7778
2023-08-11 13:35:02,326 - Training - INFO - [TRAIN]EPOCH: 129/200, batch: 0, loss: 7.6252, lr: 0.0030
2023-08-11 13:35:02,566 - Training - INFO - [EVAL]EPOCH: 129/200, batch: 0, loss: 4.4455, accuracy: 0.7778
2023-08-11 13:35:02,568 - Training - INFO - [TRAIN]EPOCH: 129/200, Epoch Time: 00:00:03, Epoch Loss: 7.6252
2023-08-11 13:35:03,018 - Training - INFO - [EVAL]EPOCH: 129/200, loss: 4.4455, accuracy: 0.7778
2023-08-11 13:35:07,037 - Training - INFO - [TRAIN]EPOCH: 130/200, batch: 0, loss: 11.8869, lr: 0.0030
2023-08-11 13:35:07,282 - Training - INFO - [EVAL]EPOCH: 130/200, batch: 0, loss: 3.4139, accuracy: 0.7778
2023-08-11 13:35:07,284 - Training - INFO - [TRAIN]EPOCH: 130/200, Epoch Time: 00:00:04, Epoch Loss: 11.8869
2023-08-11 13:35:07,523 - Training - INFO - [EVAL]EPOCH: 130/200, loss: 3.4139, accuracy: 0.7778
2023-08-11 13:35:10,547 - Training - INFO - [TRAIN]EPOCH: 131/200, batch: 0, loss: 8.9437, lr: 0.0030
2023-08-11 13:35:10,783 - Training - INFO - [EVAL]EPOCH: 131/200, batch: 0, loss: 4.1072, accuracy: 0.7778
2023-08-11 13:35:10,785 - Training - INFO - [TRAIN]EPOCH: 131/200, Epoch Time: 00:00:03, Epoch Loss: 8.9437
2023-08-11 13:35:11,031 - Training - INFO - [EVAL]EPOCH: 131/200, loss: 4.1072, accuracy: 0.7778
2023-08-11 13:35:13,514 - Training - INFO - [TRAIN]EPOCH: 132/200, batch: 0, loss: 11.2054, lr: 0.0030
2023-08-11 13:35:13,751 - Training - INFO - [EVAL]EPOCH: 132/200, batch: 0, loss: 4.0231, accuracy: 0.7778
2023-08-11 13:35:13,752 - Training - INFO - [TRAIN]EPOCH: 132/200, Epoch Time: 00:00:02, Epoch Loss: 11.2054
2023-08-11 13:35:13,984 - Training - INFO - [EVAL]EPOCH: 132/200, loss: 4.0231, accuracy: 0.7778
2023-08-11 13:35:15,738 - Training - INFO - [TRAIN]EPOCH: 133/200, batch: 0, loss: 10.7832, lr: 0.0030
2023-08-11 13:35:15,951 - Training - INFO - [EVAL]EPOCH: 133/200, batch: 0, loss: 3.2603, accuracy: 0.7778
2023-08-11 13:35:15,954 - Training - INFO - [TRAIN]EPOCH: 133/200, Epoch Time: 00:00:01, Epoch Loss: 10.7832
2023-08-11 13:35:16,192 - Training - INFO - [EVAL]EPOCH: 133/200, loss: 3.2603, accuracy: 0.7778
2023-08-11 13:35:17,989 - Training - INFO - [TRAIN]EPOCH: 134/200, batch: 0, loss: 8.2516, lr: 0.0030
2023-08-11 13:35:18,228 - Training - INFO - [EVAL]EPOCH: 134/200, batch: 0, loss: 3.8167, accuracy: 0.7778
2023-08-11 13:35:18,230 - Training - INFO - [TRAIN]EPOCH: 134/200, Epoch Time: 00:00:02, Epoch Loss: 8.2516
2023-08-11 13:35:18,476 - Training - INFO - [EVAL]EPOCH: 134/200, loss: 3.8167, accuracy: 0.7778
2023-08-11 13:35:24,103 - Training - INFO - [TRAIN]EPOCH: 135/200, batch: 0, loss: 10.1393, lr: 0.0030
2023-08-11 13:35:24,349 - Training - INFO - [EVAL]EPOCH: 135/200, batch: 0, loss: 2.7930, accuracy: 0.7778
2023-08-11 13:35:24,351 - Training - INFO - [TRAIN]EPOCH: 135/200, Epoch Time: 00:00:05, Epoch Loss: 10.1393
2023-08-11 13:35:24,596 - Training - INFO - [EVAL]EPOCH: 135/200, loss: 2.7930, accuracy: 0.7778
2023-08-11 13:35:29,271 - Training - INFO - [TRAIN]EPOCH: 136/200, batch: 0, loss: 7.6265, lr: 0.0030
2023-08-11 13:35:29,514 - Training - INFO - [EVAL]EPOCH: 136/200, batch: 0, loss: 3.7102, accuracy: 0.7778
2023-08-11 13:35:29,516 - Training - INFO - [TRAIN]EPOCH: 136/200, Epoch Time: 00:00:04, Epoch Loss: 7.6265
2023-08-11 13:35:29,758 - Training - INFO - [EVAL]EPOCH: 136/200, loss: 3.7102, accuracy: 0.7778
2023-08-11 13:35:32,938 - Training - INFO - [TRAIN]EPOCH: 137/200, batch: 0, loss: 9.8297, lr: 0.0030
2023-08-11 13:35:33,182 - Training - INFO - [EVAL]EPOCH: 137/200, batch: 0, loss: 3.3933, accuracy: 0.7778
2023-08-11 13:35:33,185 - Training - INFO - [TRAIN]EPOCH: 137/200, Epoch Time: 00:00:03, Epoch Loss: 9.8297
2023-08-11 13:35:33,413 - Training - INFO - [EVAL]EPOCH: 137/200, loss: 3.3933, accuracy: 0.7778
2023-08-11 13:35:36,298 - Training - INFO - [TRAIN]EPOCH: 138/200, batch: 0, loss: 8.6687, lr: 0.0030
2023-08-11 13:35:36,535 - Training - INFO - [EVAL]EPOCH: 138/200, batch: 0, loss: 3.5474, accuracy: 0.7778
2023-08-11 13:35:36,537 - Training - INFO - [TRAIN]EPOCH: 138/200, Epoch Time: 00:00:03, Epoch Loss: 8.6687
2023-08-11 13:35:36,773 - Training - INFO - [EVAL]EPOCH: 138/200, loss: 3.5474, accuracy: 0.7778
2023-08-11 13:35:39,956 - Training - INFO - [TRAIN]EPOCH: 139/200, batch: 0, loss: 9.2915, lr: 0.0030
2023-08-11 13:35:40,205 - Training - INFO - [EVAL]EPOCH: 139/200, batch: 0, loss: 2.9746, accuracy: 0.7778
2023-08-11 13:35:40,207 - Training - INFO - [TRAIN]EPOCH: 139/200, Epoch Time: 00:00:03, Epoch Loss: 9.2915
2023-08-11 13:35:40,451 - Training - INFO - [EVAL]EPOCH: 139/200, loss: 2.9746, accuracy: 0.7778
2023-08-11 13:35:45,799 - Training - INFO - [TRAIN]EPOCH: 140/200, batch: 0, loss: 7.9431, lr: 0.0030
2023-08-11 13:35:46,041 - Training - INFO - [EVAL]EPOCH: 140/200, batch: 0, loss: 3.4522, accuracy: 0.7778
2023-08-11 13:35:46,043 - Training - INFO - [TRAIN]EPOCH: 140/200, Epoch Time: 00:00:05, Epoch Loss: 7.9431
2023-08-11 13:35:46,291 - Training - INFO - [EVAL]EPOCH: 140/200, loss: 3.4522, accuracy: 0.7778
2023-08-11 13:35:49,513 - Training - INFO - [TRAIN]EPOCH: 141/200, batch: 0, loss: 9.2372, lr: 0.0030
2023-08-11 13:35:49,753 - Training - INFO - [EVAL]EPOCH: 141/200, batch: 0, loss: 2.7352, accuracy: 0.7778
2023-08-11 13:35:49,756 - Training - INFO - [TRAIN]EPOCH: 141/200, Epoch Time: 00:00:03, Epoch Loss: 9.2372
2023-08-11 13:35:50,004 - Training - INFO - [EVAL]EPOCH: 141/200, loss: 2.7352, accuracy: 0.7778
2023-08-11 13:35:54,573 - Training - INFO - [TRAIN]EPOCH: 142/200, batch: 0, loss: 6.9296, lr: 0.0030
2023-08-11 13:35:54,818 - Training - INFO - [EVAL]EPOCH: 142/200, batch: 0, loss: 4.2169, accuracy: 0.7778
2023-08-11 13:35:54,819 - Training - INFO - [TRAIN]EPOCH: 142/200, Epoch Time: 00:00:04, Epoch Loss: 6.9296
2023-08-11 13:35:55,068 - Training - INFO - [EVAL]EPOCH: 142/200, loss: 4.2169, accuracy: 0.7778
2023-08-11 13:35:59,135 - Training - INFO - [TRAIN]EPOCH: 143/200, batch: 0, loss: 11.3111, lr: 0.0030
2023-08-11 13:35:59,377 - Training - INFO - [EVAL]EPOCH: 143/200, batch: 0, loss: 3.9266, accuracy: 0.7778
2023-08-11 13:35:59,379 - Training - INFO - [TRAIN]EPOCH: 143/200, Epoch Time: 00:00:04, Epoch Loss: 11.3111
2023-08-11 13:35:59,601 - Training - INFO - [EVAL]EPOCH: 143/200, loss: 3.9266, accuracy: 0.7778
2023-08-11 13:36:04,764 - Training - INFO - [TRAIN]EPOCH: 144/200, batch: 0, loss: 10.5006, lr: 0.0030
2023-08-11 13:36:04,972 - Training - INFO - [EVAL]EPOCH: 144/200, batch: 0, loss: 2.4383, accuracy: 0.7778
2023-08-11 13:36:04,976 - Training - INFO - [TRAIN]EPOCH: 144/200, Epoch Time: 00:00:05, Epoch Loss: 10.5006
2023-08-11 13:36:05,218 - Training - INFO - [EVAL]EPOCH: 144/200, loss: 2.4383, accuracy: 0.7778
2023-08-11 13:36:08,203 - Training - INFO - [TRAIN]EPOCH: 145/200, batch: 0, loss: 6.2246, lr: 0.0030
2023-08-11 13:36:08,425 - Training - INFO - [EVAL]EPOCH: 145/200, batch: 0, loss: 4.4992, accuracy: 0.7778
2023-08-11 13:36:08,426 - Training - INFO - [TRAIN]EPOCH: 145/200, Epoch Time: 00:00:03, Epoch Loss: 6.2246
2023-08-11 13:36:08,888 - Training - INFO - [EVAL]EPOCH: 145/200, loss: 4.4992, accuracy: 0.7778
2023-08-11 13:36:13,904 - Training - INFO - [TRAIN]EPOCH: 146/200, batch: 0, loss: 12.1909, lr: 0.0030
2023-08-11 13:36:14,153 - Training - INFO - [EVAL]EPOCH: 146/200, batch: 0, loss: 2.5569, accuracy: 0.7778
2023-08-11 13:36:14,154 - Training - INFO - [TRAIN]EPOCH: 146/200, Epoch Time: 00:00:05, Epoch Loss: 12.1909
2023-08-11 13:36:14,394 - Training - INFO - [EVAL]EPOCH: 146/200, loss: 2.5569, accuracy: 0.7778
2023-08-11 13:36:18,119 - Training - INFO - [TRAIN]EPOCH: 147/200, batch: 0, loss: 6.5017, lr: 0.0030
2023-08-11 13:36:18,334 - Training - INFO - [EVAL]EPOCH: 147/200, batch: 0, loss: 4.7252, accuracy: 0.7778
2023-08-11 13:36:18,335 - Training - INFO - [TRAIN]EPOCH: 147/200, Epoch Time: 00:00:03, Epoch Loss: 6.5017
2023-08-11 13:36:18,581 - Training - INFO - [EVAL]EPOCH: 147/200, loss: 4.7252, accuracy: 0.7778
2023-08-11 13:36:21,591 - Training - INFO - [TRAIN]EPOCH: 148/200, batch: 0, loss: 12.9754, lr: 0.0030
2023-08-11 13:36:21,835 - Training - INFO - [EVAL]EPOCH: 148/200, batch: 0, loss: 4.1953, accuracy: 0.7778
2023-08-11 13:36:21,837 - Training - INFO - [TRAIN]EPOCH: 148/200, Epoch Time: 00:00:03, Epoch Loss: 12.9754
2023-08-11 13:36:22,092 - Training - INFO - [EVAL]EPOCH: 148/200, loss: 4.1953, accuracy: 0.7778
2023-08-11 13:36:24,070 - Training - INFO - [TRAIN]EPOCH: 149/200, batch: 0, loss: 11.3141, lr: 0.0030
2023-08-11 13:36:24,304 - Training - INFO - [EVAL]EPOCH: 149/200, batch: 0, loss: 3.6539, accuracy: 0.7778
2023-08-11 13:36:24,305 - Training - INFO - [TRAIN]EPOCH: 149/200, Epoch Time: 00:00:02, Epoch Loss: 11.3141
2023-08-11 13:36:24,538 - Training - INFO - [EVAL]EPOCH: 149/200, loss: 3.6539, accuracy: 0.7778
2023-08-11 13:36:26,539 - Training - INFO - [TRAIN]EPOCH: 150/200, batch: 0, loss: 9.6026, lr: 0.0030
2023-08-11 13:36:26,754 - Training - INFO - [EVAL]EPOCH: 150/200, batch: 0, loss: 3.8675, accuracy: 0.7778
2023-08-11 13:36:26,755 - Training - INFO - [TRAIN]EPOCH: 150/200, Epoch Time: 00:00:02, Epoch Loss: 9.6026
2023-08-11 13:36:26,971 - Training - INFO - [EVAL]EPOCH: 150/200, loss: 3.8675, accuracy: 0.7778
2023-08-11 13:36:28,820 - Training - INFO - [TRAIN]EPOCH: 151/200, batch: 0, loss: 10.4969, lr: 0.0030
2023-08-11 13:36:29,058 - Training - INFO - [EVAL]EPOCH: 151/200, batch: 0, loss: 3.3194, accuracy: 0.7778
2023-08-11 13:36:29,059 - Training - INFO - [TRAIN]EPOCH: 151/200, Epoch Time: 00:00:02, Epoch Loss: 10.4969
2023-08-11 13:36:29,306 - Training - INFO - [EVAL]EPOCH: 151/200, loss: 3.3194, accuracy: 0.7778
2023-08-11 13:36:33,430 - Training - INFO - [TRAIN]EPOCH: 152/200, batch: 0, loss: 9.0294, lr: 0.0030
2023-08-11 13:36:33,671 - Training - INFO - [EVAL]EPOCH: 152/200, batch: 0, loss: 3.6035, accuracy: 0.7778
2023-08-11 13:36:33,672 - Training - INFO - [TRAIN]EPOCH: 152/200, Epoch Time: 00:00:04, Epoch Loss: 9.0294
2023-08-11 13:36:33,916 - Training - INFO - [EVAL]EPOCH: 152/200, loss: 3.6035, accuracy: 0.7778
2023-08-11 13:36:38,561 - Training - INFO - [TRAIN]EPOCH: 153/200, batch: 0, loss: 9.5370, lr: 0.0030
2023-08-11 13:36:38,811 - Training - INFO - [EVAL]EPOCH: 153/200, batch: 0, loss: 3.3998, accuracy: 0.7778
2023-08-11 13:36:38,813 - Training - INFO - [TRAIN]EPOCH: 153/200, Epoch Time: 00:00:04, Epoch Loss: 9.5370
2023-08-11 13:36:39,048 - Training - INFO - [EVAL]EPOCH: 153/200, loss: 3.3998, accuracy: 0.7778
2023-08-11 13:36:41,734 - Training - INFO - [TRAIN]EPOCH: 154/200, batch: 0, loss: 8.9491, lr: 0.0030
2023-08-11 13:36:41,962 - Training - INFO - [EVAL]EPOCH: 154/200, batch: 0, loss: 3.0582, accuracy: 0.7778
2023-08-11 13:36:41,963 - Training - INFO - [TRAIN]EPOCH: 154/200, Epoch Time: 00:00:02, Epoch Loss: 8.9491
2023-08-11 13:36:42,210 - Training - INFO - [EVAL]EPOCH: 154/200, loss: 3.0582, accuracy: 0.7778
2023-08-11 13:36:44,758 - Training - INFO - [TRAIN]EPOCH: 155/200, batch: 0, loss: 8.1216, lr: 0.0030
2023-08-11 13:36:44,996 - Training - INFO - [EVAL]EPOCH: 155/200, batch: 0, loss: 3.0550, accuracy: 0.7778
2023-08-11 13:36:44,997 - Training - INFO - [TRAIN]EPOCH: 155/200, Epoch Time: 00:00:02, Epoch Loss: 8.1216
2023-08-11 13:36:45,243 - Training - INFO - [EVAL]EPOCH: 155/200, loss: 3.0550, accuracy: 0.7778
2023-08-11 13:36:49,475 - Training - INFO - [TRAIN]EPOCH: 156/200, batch: 0, loss: 8.1506, lr: 0.0030
2023-08-11 13:36:49,920 - Training - INFO - [EVAL]EPOCH: 156/200, batch: 0, loss: 3.1353, accuracy: 0.7778
2023-08-11 13:36:49,922 - Training - INFO - [TRAIN]EPOCH: 156/200, Epoch Time: 00:00:04, Epoch Loss: 8.1506
2023-08-11 13:36:50,166 - Training - INFO - [EVAL]EPOCH: 156/200, loss: 3.1353, accuracy: 0.7778
2023-08-11 13:36:54,015 - Training - INFO - [TRAIN]EPOCH: 157/200, batch: 0, loss: 8.3285, lr: 0.0030
2023-08-11 13:36:54,258 - Training - INFO - [EVAL]EPOCH: 157/200, batch: 0, loss: 2.7277, accuracy: 0.7778
2023-08-11 13:36:54,259 - Training - INFO - [TRAIN]EPOCH: 157/200, Epoch Time: 00:00:04, Epoch Loss: 8.3285
2023-08-11 13:36:54,495 - Training - INFO - [EVAL]EPOCH: 157/200, loss: 2.7277, accuracy: 0.7778
2023-08-11 13:36:57,294 - Training - INFO - [TRAIN]EPOCH: 158/200, batch: 0, loss: 7.0542, lr: 0.0030
2023-08-11 13:36:57,586 - Training - INFO - [EVAL]EPOCH: 158/200, batch: 0, loss: 2.7992, accuracy: 0.7778
2023-08-11 13:36:57,589 - Training - INFO - [TRAIN]EPOCH: 158/200, Epoch Time: 00:00:03, Epoch Loss: 7.0542
2023-08-11 13:36:57,884 - Training - INFO - [EVAL]EPOCH: 158/200, loss: 2.7992, accuracy: 0.7778
2023-08-11 13:37:01,486 - Training - INFO - [TRAIN]EPOCH: 159/200, batch: 0, loss: 7.1228, lr: 0.0030
2023-08-11 13:37:01,735 - Training - INFO - [EVAL]EPOCH: 159/200, batch: 0, loss: 4.0652, accuracy: 0.7778
2023-08-11 13:37:01,737 - Training - INFO - [TRAIN]EPOCH: 159/200, Epoch Time: 00:00:03, Epoch Loss: 7.1228
2023-08-11 13:37:01,985 - Training - INFO - [EVAL]EPOCH: 159/200, loss: 4.0652, accuracy: 0.7778
2023-08-11 13:37:05,907 - Training - INFO - [TRAIN]EPOCH: 160/200, batch: 0, loss: 11.2102, lr: 0.0030
2023-08-11 13:37:06,155 - Training - INFO - [EVAL]EPOCH: 160/200, batch: 0, loss: 2.8575, accuracy: 0.7778
2023-08-11 13:37:06,156 - Training - INFO - [TRAIN]EPOCH: 160/200, Epoch Time: 00:00:04, Epoch Loss: 11.2102
2023-08-11 13:37:06,397 - Training - INFO - [EVAL]EPOCH: 160/200, loss: 2.8575, accuracy: 0.7778
2023-08-11 13:37:11,850 - Training - INFO - [TRAIN]EPOCH: 161/200, batch: 0, loss: 7.5851, lr: 0.0030
2023-08-11 13:37:12,096 - Training - INFO - [EVAL]EPOCH: 161/200, batch: 0, loss: 3.7172, accuracy: 0.7778
2023-08-11 13:37:12,100 - Training - INFO - [TRAIN]EPOCH: 161/200, Epoch Time: 00:00:05, Epoch Loss: 7.5851
2023-08-11 13:37:12,367 - Training - INFO - [EVAL]EPOCH: 161/200, loss: 3.7172, accuracy: 0.7778
2023-08-11 13:37:15,505 - Training - INFO - [TRAIN]EPOCH: 162/200, batch: 0, loss: 9.8732, lr: 0.0030
2023-08-11 13:37:15,717 - Training - INFO - [EVAL]EPOCH: 162/200, batch: 0, loss: 3.4985, accuracy: 0.7778
2023-08-11 13:37:15,719 - Training - INFO - [TRAIN]EPOCH: 162/200, Epoch Time: 00:00:03, Epoch Loss: 9.8732
2023-08-11 13:37:15,972 - Training - INFO - [EVAL]EPOCH: 162/200, loss: 3.4985, accuracy: 0.7778
2023-08-11 13:37:21,292 - Training - INFO - [TRAIN]EPOCH: 163/200, batch: 0, loss: 9.3633, lr: 0.0030
2023-08-11 13:37:21,515 - Training - INFO - [EVAL]EPOCH: 163/200, batch: 0, loss: 2.8743, accuracy: 0.7778
2023-08-11 13:37:21,517 - Training - INFO - [TRAIN]EPOCH: 163/200, Epoch Time: 00:00:05, Epoch Loss: 9.3633
2023-08-11 13:37:21,768 - Training - INFO - [EVAL]EPOCH: 163/200, loss: 2.8743, accuracy: 0.7778
2023-08-11 13:37:26,974 - Training - INFO - [TRAIN]EPOCH: 164/200, batch: 0, loss: 7.6496, lr: 0.0030
2023-08-11 13:37:27,198 - Training - INFO - [EVAL]EPOCH: 164/200, batch: 0, loss: 3.2644, accuracy: 0.7778
2023-08-11 13:37:27,200 - Training - INFO - [TRAIN]EPOCH: 164/200, Epoch Time: 00:00:05, Epoch Loss: 7.6496
2023-08-11 13:37:27,430 - Training - INFO - [EVAL]EPOCH: 164/200, loss: 3.2644, accuracy: 0.7778
2023-08-11 13:37:29,109 - Training - INFO - [TRAIN]EPOCH: 165/200, batch: 0, loss: 8.6125, lr: 0.0030
2023-08-11 13:37:29,313 - Training - INFO - [EVAL]EPOCH: 165/200, batch: 0, loss: 3.2695, accuracy: 0.7778
2023-08-11 13:37:29,315 - Training - INFO - [TRAIN]EPOCH: 165/200, Epoch Time: 00:00:01, Epoch Loss: 8.6125
2023-08-11 13:37:29,521 - Training - INFO - [EVAL]EPOCH: 165/200, loss: 3.2695, accuracy: 0.7778
2023-08-11 13:37:30,978 - Training - INFO - [TRAIN]EPOCH: 166/200, batch: 0, loss: 8.8060, lr: 0.0030
2023-08-11 13:37:31,201 - Training - INFO - [EVAL]EPOCH: 166/200, batch: 0, loss: 2.2386, accuracy: 0.7778
2023-08-11 13:37:31,204 - Training - INFO - [TRAIN]EPOCH: 166/200, Epoch Time: 00:00:01, Epoch Loss: 8.8060
2023-08-11 13:37:31,413 - Training - INFO - [EVAL]EPOCH: 166/200, loss: 2.2386, accuracy: 0.7778
2023-08-11 13:37:32,936 - Training - INFO - [TRAIN]EPOCH: 167/200, batch: 0, loss: 5.7187, lr: 0.0030
2023-08-11 13:37:33,345 - Training - INFO - [EVAL]EPOCH: 167/200, batch: 0, loss: 3.9963, accuracy: 0.7778
2023-08-11 13:37:33,347 - Training - INFO - [TRAIN]EPOCH: 167/200, Epoch Time: 00:00:01, Epoch Loss: 5.7187
2023-08-11 13:37:33,582 - Training - INFO - [EVAL]EPOCH: 167/200, loss: 3.9963, accuracy: 0.7778
2023-08-11 13:37:36,037 - Training - INFO - [TRAIN]EPOCH: 168/200, batch: 0, loss: 10.7174, lr: 0.0030
2023-08-11 13:37:36,290 - Training - INFO - [EVAL]EPOCH: 168/200, batch: 0, loss: 2.4856, accuracy: 0.7778
2023-08-11 13:37:36,291 - Training - INFO - [TRAIN]EPOCH: 168/200, Epoch Time: 00:00:02, Epoch Loss: 10.7174
2023-08-11 13:37:36,543 - Training - INFO - [EVAL]EPOCH: 168/200, loss: 2.4856, accuracy: 0.7778
2023-08-11 13:37:41,047 - Training - INFO - [TRAIN]EPOCH: 169/200, batch: 0, loss: 6.4579, lr: 0.0030
2023-08-11 13:37:41,291 - Training - INFO - [EVAL]EPOCH: 169/200, batch: 0, loss: 4.8025, accuracy: 0.7778
2023-08-11 13:37:41,293 - Training - INFO - [TRAIN]EPOCH: 169/200, Epoch Time: 00:00:04, Epoch Loss: 6.4579
2023-08-11 13:37:41,540 - Training - INFO - [EVAL]EPOCH: 169/200, loss: 4.8025, accuracy: 0.7778
2023-08-11 13:37:45,717 - Training - INFO - [TRAIN]EPOCH: 170/200, batch: 0, loss: 13.2637, lr: 0.0030
2023-08-11 13:37:46,005 - Training - INFO - [EVAL]EPOCH: 170/200, batch: 0, loss: 4.6436, accuracy: 0.7778
2023-08-11 13:37:46,007 - Training - INFO - [TRAIN]EPOCH: 170/200, Epoch Time: 00:00:04, Epoch Loss: 13.2637
2023-08-11 13:37:46,251 - Training - INFO - [EVAL]EPOCH: 170/200, loss: 4.6436, accuracy: 0.7778
2023-08-11 13:37:49,316 - Training - INFO - [TRAIN]EPOCH: 171/200, batch: 0, loss: 12.6821, lr: 0.0030
2023-08-11 13:37:49,539 - Training - INFO - [EVAL]EPOCH: 171/200, batch: 0, loss: 2.7142, accuracy: 0.7778
2023-08-11 13:37:49,541 - Training - INFO - [TRAIN]EPOCH: 171/200, Epoch Time: 00:00:03, Epoch Loss: 12.6821
2023-08-11 13:37:49,796 - Training - INFO - [EVAL]EPOCH: 171/200, loss: 2.7142, accuracy: 0.7778
2023-08-11 13:37:53,669 - Training - INFO - [TRAIN]EPOCH: 172/200, batch: 0, loss: 6.9184, lr: 0.0030
2023-08-11 13:37:53,924 - Training - INFO - [EVAL]EPOCH: 172/200, batch: 0, loss: 4.1432, accuracy: 0.7778
2023-08-11 13:37:53,926 - Training - INFO - [TRAIN]EPOCH: 172/200, Epoch Time: 00:00:04, Epoch Loss: 6.9184
2023-08-11 13:37:54,177 - Training - INFO - [EVAL]EPOCH: 172/200, loss: 4.1432, accuracy: 0.7778
2023-08-11 13:37:59,026 - Training - INFO - [TRAIN]EPOCH: 173/200, batch: 0, loss: 11.4879, lr: 0.0030
2023-08-11 13:37:59,273 - Training - INFO - [EVAL]EPOCH: 173/200, batch: 0, loss: 2.8119, accuracy: 0.7778
2023-08-11 13:37:59,275 - Training - INFO - [TRAIN]EPOCH: 173/200, Epoch Time: 00:00:05, Epoch Loss: 11.4879
2023-08-11 13:37:59,510 - Training - INFO - [EVAL]EPOCH: 173/200, loss: 2.8119, accuracy: 0.7778
2023-08-11 13:38:02,686 - Training - INFO - [TRAIN]EPOCH: 174/200, batch: 0, loss: 7.5457, lr: 0.0030
2023-08-11 13:38:02,919 - Training - INFO - [EVAL]EPOCH: 174/200, batch: 0, loss: 3.8350, accuracy: 0.7778
2023-08-11 13:38:02,921 - Training - INFO - [TRAIN]EPOCH: 174/200, Epoch Time: 00:00:03, Epoch Loss: 7.5457
2023-08-11 13:38:03,166 - Training - INFO - [EVAL]EPOCH: 174/200, loss: 3.8350, accuracy: 0.7778
2023-08-11 13:38:06,788 - Training - INFO - [TRAIN]EPOCH: 175/200, batch: 0, loss: 10.0900, lr: 0.0030
2023-08-11 13:38:07,083 - Training - INFO - [EVAL]EPOCH: 175/200, batch: 0, loss: 3.7537, accuracy: 0.7778
2023-08-11 13:38:07,086 - Training - INFO - [TRAIN]EPOCH: 175/200, Epoch Time: 00:00:03, Epoch Loss: 10.0900
2023-08-11 13:38:07,365 - Training - INFO - [EVAL]EPOCH: 175/200, loss: 3.7537, accuracy: 0.7778
2023-08-11 13:38:12,401 - Training - INFO - [TRAIN]EPOCH: 176/200, batch: 0, loss: 10.0649, lr: 0.0030
2023-08-11 13:38:12,660 - Training - INFO - [EVAL]EPOCH: 176/200, batch: 0, loss: 2.4833, accuracy: 0.7778
2023-08-11 13:38:12,662 - Training - INFO - [TRAIN]EPOCH: 176/200, Epoch Time: 00:00:05, Epoch Loss: 10.0649
2023-08-11 13:38:12,921 - Training - INFO - [EVAL]EPOCH: 176/200, loss: 2.4833, accuracy: 0.7778
2023-08-11 13:38:18,150 - Training - INFO - [TRAIN]EPOCH: 177/200, batch: 0, loss: 6.7103, lr: 0.0030
2023-08-11 13:38:18,385 - Training - INFO - [EVAL]EPOCH: 177/200, batch: 0, loss: 4.5703, accuracy: 0.7778
2023-08-11 13:38:18,387 - Training - INFO - [TRAIN]EPOCH: 177/200, Epoch Time: 00:00:05, Epoch Loss: 6.7103
2023-08-11 13:38:18,645 - Training - INFO - [EVAL]EPOCH: 177/200, loss: 4.5703, accuracy: 0.7778
2023-08-11 13:38:21,462 - Training - INFO - [TRAIN]EPOCH: 178/200, batch: 0, loss: 12.3631, lr: 0.0030
2023-08-11 13:38:21,689 - Training - INFO - [EVAL]EPOCH: 178/200, batch: 0, loss: 3.6351, accuracy: 0.7778
2023-08-11 13:38:21,690 - Training - INFO - [TRAIN]EPOCH: 178/200, Epoch Time: 00:00:03, Epoch Loss: 12.3631
2023-08-11 13:38:22,135 - Training - INFO - [EVAL]EPOCH: 178/200, loss: 3.6351, accuracy: 0.7778
2023-08-11 13:38:27,673 - Training - INFO - [TRAIN]EPOCH: 179/200, batch: 0, loss: 9.6524, lr: 0.0030
2023-08-11 13:38:27,933 - Training - INFO - [EVAL]EPOCH: 179/200, batch: 0, loss: 3.9686, accuracy: 0.7778
2023-08-11 13:38:27,936 - Training - INFO - [TRAIN]EPOCH: 179/200, Epoch Time: 00:00:05, Epoch Loss: 9.6524
2023-08-11 13:38:28,193 - Training - INFO - [EVAL]EPOCH: 179/200, loss: 3.9686, accuracy: 0.7778
2023-08-11 13:38:32,568 - Training - INFO - [TRAIN]EPOCH: 180/200, batch: 0, loss: 10.9025, lr: 0.0030
2023-08-11 13:38:32,842 - Training - INFO - [EVAL]EPOCH: 180/200, batch: 0, loss: 3.6465, accuracy: 0.7778
2023-08-11 13:38:32,846 - Training - INFO - [TRAIN]EPOCH: 180/200, Epoch Time: 00:00:04, Epoch Loss: 10.9025
2023-08-11 13:38:33,122 - Training - INFO - [EVAL]EPOCH: 180/200, loss: 3.6465, accuracy: 0.7778
2023-08-11 13:38:36,308 - Training - INFO - [TRAIN]EPOCH: 181/200, batch: 0, loss: 9.8065, lr: 0.0030
2023-08-11 13:38:36,554 - Training - INFO - [EVAL]EPOCH: 181/200, batch: 0, loss: 3.7625, accuracy: 0.7778
2023-08-11 13:38:36,556 - Training - INFO - [TRAIN]EPOCH: 181/200, Epoch Time: 00:00:03, Epoch Loss: 9.8065
2023-08-11 13:38:36,783 - Training - INFO - [EVAL]EPOCH: 181/200, loss: 3.7625, accuracy: 0.7778
2023-08-11 13:38:39,597 - Training - INFO - [TRAIN]EPOCH: 182/200, batch: 0, loss: 9.9973, lr: 0.0030
2023-08-11 13:38:39,872 - Training - INFO - [EVAL]EPOCH: 182/200, batch: 0, loss: 3.1852, accuracy: 0.7778
2023-08-11 13:38:39,875 - Training - INFO - [TRAIN]EPOCH: 182/200, Epoch Time: 00:00:03, Epoch Loss: 9.9973
2023-08-11 13:38:40,149 - Training - INFO - [EVAL]EPOCH: 182/200, loss: 3.1852, accuracy: 0.7778
2023-08-11 13:38:42,240 - Training - INFO - [TRAIN]EPOCH: 183/200, batch: 0, loss: 8.5705, lr: 0.0030
2023-08-11 13:38:42,512 - Training - INFO - [EVAL]EPOCH: 183/200, batch: 0, loss: 3.4284, accuracy: 0.7778
2023-08-11 13:38:42,514 - Training - INFO - [TRAIN]EPOCH: 183/200, Epoch Time: 00:00:02, Epoch Loss: 8.5705
2023-08-11 13:38:42,783 - Training - INFO - [EVAL]EPOCH: 183/200, loss: 3.4284, accuracy: 0.7778
2023-08-11 13:38:45,043 - Training - INFO - [TRAIN]EPOCH: 184/200, batch: 0, loss: 9.2726, lr: 0.0030
2023-08-11 13:38:45,301 - Training - INFO - [EVAL]EPOCH: 184/200, batch: 0, loss: 3.0570, accuracy: 0.7778
2023-08-11 13:38:45,302 - Training - INFO - [TRAIN]EPOCH: 184/200, Epoch Time: 00:00:02, Epoch Loss: 9.2726
2023-08-11 13:38:45,530 - Training - INFO - [EVAL]EPOCH: 184/200, loss: 3.0570, accuracy: 0.7778
2023-08-11 13:38:49,927 - Training - INFO - [TRAIN]EPOCH: 185/200, batch: 0, loss: 7.9033, lr: 0.0030
2023-08-11 13:38:50,173 - Training - INFO - [EVAL]EPOCH: 185/200, batch: 0, loss: 3.1416, accuracy: 0.7778
2023-08-11 13:38:50,177 - Training - INFO - [TRAIN]EPOCH: 185/200, Epoch Time: 00:00:04, Epoch Loss: 7.9033
2023-08-11 13:38:50,420 - Training - INFO - [EVAL]EPOCH: 185/200, loss: 3.1416, accuracy: 0.7778
2023-08-11 13:38:55,102 - Training - INFO - [TRAIN]EPOCH: 186/200, batch: 0, loss: 8.2486, lr: 0.0030
2023-08-11 13:38:55,341 - Training - INFO - [EVAL]EPOCH: 186/200, batch: 0, loss: 2.9278, accuracy: 0.7778
2023-08-11 13:38:55,343 - Training - INFO - [TRAIN]EPOCH: 186/200, Epoch Time: 00:00:04, Epoch Loss: 8.2486
2023-08-11 13:38:55,590 - Training - INFO - [EVAL]EPOCH: 186/200, loss: 2.9278, accuracy: 0.7778
2023-08-11 13:39:00,531 - Training - INFO - [TRAIN]EPOCH: 187/200, batch: 0, loss: 7.9956, lr: 0.0030
2023-08-11 13:39:00,776 - Training - INFO - [EVAL]EPOCH: 187/200, batch: 0, loss: 2.4825, accuracy: 0.7778
2023-08-11 13:39:00,779 - Training - INFO - [TRAIN]EPOCH: 187/200, Epoch Time: 00:00:05, Epoch Loss: 7.9956
2023-08-11 13:39:01,007 - Training - INFO - [EVAL]EPOCH: 187/200, loss: 2.4825, accuracy: 0.7778
2023-08-11 13:39:04,259 - Training - INFO - [TRAIN]EPOCH: 188/200, batch: 0, loss: 6.3843, lr: 0.0030
2023-08-11 13:39:04,499 - Training - INFO - [EVAL]EPOCH: 188/200, batch: 0, loss: 3.9105, accuracy: 0.7778
2023-08-11 13:39:04,500 - Training - INFO - [TRAIN]EPOCH: 188/200, Epoch Time: 00:00:03, Epoch Loss: 6.3843
2023-08-11 13:39:04,735 - Training - INFO - [EVAL]EPOCH: 188/200, loss: 3.9105, accuracy: 0.7778
2023-08-11 13:39:08,476 - Training - INFO - [TRAIN]EPOCH: 189/200, batch: 0, loss: 10.3641, lr: 0.0030
2023-08-11 13:39:08,726 - Training - INFO - [EVAL]EPOCH: 189/200, batch: 0, loss: 2.4298, accuracy: 0.7778
2023-08-11 13:39:08,728 - Training - INFO - [TRAIN]EPOCH: 189/200, Epoch Time: 00:00:03, Epoch Loss: 10.3641
2023-08-11 13:39:08,974 - Training - INFO - [EVAL]EPOCH: 189/200, loss: 2.4298, accuracy: 0.7778
2023-08-11 13:39:13,552 - Training - INFO - [TRAIN]EPOCH: 190/200, batch: 0, loss: 6.1855, lr: 0.0030
2023-08-11 13:39:13,800 - Training - INFO - [EVAL]EPOCH: 190/200, batch: 0, loss: 4.8682, accuracy: 0.7778
2023-08-11 13:39:13,802 - Training - INFO - [TRAIN]EPOCH: 190/200, Epoch Time: 00:00:04, Epoch Loss: 6.1855
2023-08-11 13:39:14,052 - Training - INFO - [EVAL]EPOCH: 190/200, loss: 4.8682, accuracy: 0.7778
2023-08-11 13:39:19,674 - Training - INFO - [TRAIN]EPOCH: 191/200, batch: 0, loss: 13.5325, lr: 0.0030
2023-08-11 13:39:19,919 - Training - INFO - [EVAL]EPOCH: 191/200, batch: 0, loss: 4.4853, accuracy: 0.7778
2023-08-11 13:39:19,921 - Training - INFO - [TRAIN]EPOCH: 191/200, Epoch Time: 00:00:05, Epoch Loss: 13.5325
2023-08-11 13:39:20,196 - Training - INFO - [EVAL]EPOCH: 191/200, loss: 4.4853, accuracy: 0.7778
2023-08-11 13:39:23,248 - Training - INFO - [TRAIN]EPOCH: 192/200, batch: 0, loss: 12.4030, lr: 0.0030
2023-08-11 13:39:23,516 - Training - INFO - [EVAL]EPOCH: 192/200, batch: 0, loss: 3.5396, accuracy: 0.7778
2023-08-11 13:39:23,518 - Training - INFO - [TRAIN]EPOCH: 192/200, Epoch Time: 00:00:03, Epoch Loss: 12.4030
2023-08-11 13:39:23,772 - Training - INFO - [EVAL]EPOCH: 192/200, loss: 3.5396, accuracy: 0.7778
2023-08-11 13:39:27,929 - Training - INFO - [TRAIN]EPOCH: 193/200, batch: 0, loss: 9.4042, lr: 0.0030
2023-08-11 13:39:28,187 - Training - INFO - [EVAL]EPOCH: 193/200, batch: 0, loss: 3.6214, accuracy: 0.7778
2023-08-11 13:39:28,189 - Training - INFO - [TRAIN]EPOCH: 193/200, Epoch Time: 00:00:04, Epoch Loss: 9.4042
2023-08-11 13:39:28,443 - Training - INFO - [EVAL]EPOCH: 193/200, loss: 3.6214, accuracy: 0.7778
2023-08-11 13:39:32,713 - Training - INFO - [TRAIN]EPOCH: 194/200, batch: 0, loss: 9.5549, lr: 0.0030
2023-08-11 13:39:32,925 - Training - INFO - [EVAL]EPOCH: 194/200, batch: 0, loss: 3.6643, accuracy: 0.7778
2023-08-11 13:39:32,927 - Training - INFO - [TRAIN]EPOCH: 194/200, Epoch Time: 00:00:04, Epoch Loss: 9.5549
2023-08-11 13:39:33,163 - Training - INFO - [EVAL]EPOCH: 194/200, loss: 3.6643, accuracy: 0.7778
2023-08-11 13:39:36,870 - Training - INFO - [TRAIN]EPOCH: 195/200, batch: 0, loss: 9.9338, lr: 0.0030
2023-08-11 13:39:37,115 - Training - INFO - [EVAL]EPOCH: 195/200, batch: 0, loss: 2.8519, accuracy: 0.7778
2023-08-11 13:39:37,117 - Training - INFO - [TRAIN]EPOCH: 195/200, Epoch Time: 00:00:03, Epoch Loss: 9.9338
2023-08-11 13:39:37,369 - Training - INFO - [EVAL]EPOCH: 195/200, loss: 2.8519, accuracy: 0.7778
2023-08-11 13:39:39,802 - Training - INFO - [TRAIN]EPOCH: 196/200, batch: 0, loss: 7.7238, lr: 0.0030
2023-08-11 13:39:40,045 - Training - INFO - [EVAL]EPOCH: 196/200, batch: 0, loss: 3.9198, accuracy: 0.7778
2023-08-11 13:39:40,047 - Training - INFO - [TRAIN]EPOCH: 196/200, Epoch Time: 00:00:02, Epoch Loss: 7.7238
2023-08-11 13:39:40,293 - Training - INFO - [EVAL]EPOCH: 196/200, loss: 3.9198, accuracy: 0.7778
2023-08-11 13:39:45,461 - Training - INFO - [TRAIN]EPOCH: 197/200, batch: 0, loss: 10.5222, lr: 0.0030
2023-08-11 13:39:45,703 - Training - INFO - [EVAL]EPOCH: 197/200, batch: 0, loss: 3.4555, accuracy: 0.7778
2023-08-11 13:39:45,705 - Training - INFO - [TRAIN]EPOCH: 197/200, Epoch Time: 00:00:05, Epoch Loss: 10.5222
2023-08-11 13:39:45,955 - Training - INFO - [EVAL]EPOCH: 197/200, loss: 3.4555, accuracy: 0.7778
2023-08-11 13:39:48,140 - Training - INFO - [TRAIN]EPOCH: 198/200, batch: 0, loss: 9.0979, lr: 0.0030
2023-08-11 13:39:48,389 - Training - INFO - [EVAL]EPOCH: 198/200, batch: 0, loss: 3.1870, accuracy: 0.7778
2023-08-11 13:39:48,390 - Training - INFO - [TRAIN]EPOCH: 198/200, Epoch Time: 00:00:02, Epoch Loss: 9.0979
2023-08-11 13:39:48,640 - Training - INFO - [EVAL]EPOCH: 198/200, loss: 3.1870, accuracy: 0.7778
2023-08-11 13:39:52,105 - Training - INFO - [TRAIN]EPOCH: 199/200, batch: 0, loss: 8.5884, lr: 0.0009
2023-08-11 13:39:52,332 - Training - INFO - [EVAL]EPOCH: 199/200, batch: 0, loss: 3.2253, accuracy: 0.7778
2023-08-11 13:39:52,334 - Training - INFO - [TRAIN]EPOCH: 199/200, Epoch Time: 00:00:03, Epoch Loss: 8.5884
2023-08-11 13:39:52,583 - Training - INFO - [EVAL]EPOCH: 199/200, loss: 3.2253, accuracy: 0.7778
2023-08-11 13:39:52,583 - Training - INFO - [DONE]Best_acc: 0.7777777910232544, Best_ckpt: NoGestureNetwork_2023-08-11_13-26-10.pth
